[2022-03-11T11:39:29+08:00][sql] CONNECT:[ UseTime:0.001848s ] mysql:host=127.0.0.1;port=3306;dbname=jjj_food_chain;charset=utf8mb4
[2022-03-11T11:39:29+08:00][sql] SHOW FULL COLUMNS FROM `jjjfood_shop_user` [ RunTime:0.006421s ]
[2022-03-11T11:39:29+08:00][sql] SELECT * FROM `jjjfood_shop_user` WHERE  `is_delete` = 0  AND `shop_user_id` = 0 LIMIT 1 [ RunTime:0.000737s ]
[2022-03-11T11:39:29+08:00][sql] SHOW FULL COLUMNS FROM `jjjfood_setting` [ RunTime:0.001147s ]
[2022-03-11T11:39:29+08:00][sql] SELECT `values` FROM `jjjfood_setting` WHERE  `key` = 'sys_config' LIMIT 1 [ RunTime:0.000538s ]
[2022-03-11T11:39:37+08:00][sql] CONNECT:[ UseTime:0.015934s ] mysql:host=127.0.0.1;port=3306;dbname=jjj_food_chain;charset=utf8mb4
[2022-03-11T11:39:37+08:00][sql] SHOW FULL COLUMNS FROM `jjjfood_shop_user` [ RunTime:0.001080s ]
[2022-03-11T11:39:37+08:00][sql] SELECT * FROM `jjjfood_shop_user` WHERE  `is_delete` = 0  AND `shop_user_id` = 0 LIMIT 1 [ RunTime:0.000506s ]
[2022-03-11T11:39:37+08:00][sql] SELECT * FROM `jjjfood_shop_user` WHERE  `user_name` = 'admin'  AND `password` = '06e0213dcf92e986d383029494966903'  AND `is_delete` = 0 LIMIT 1 [ RunTime:0.000518s ]
[2022-03-11T11:39:37+08:00][sql] SHOW FULL COLUMNS FROM `jjjfood_app` [ RunTime:0.002144s ]
[2022-03-11T11:39:37+08:00][sql] SELECT * FROM `jjjfood_app` WHERE  `app_id` = 10001 [ RunTime:0.000372s ]
[2022-03-11T11:39:37+08:00][sql] SHOW FULL COLUMNS FROM `jjjfood_supplier` [ RunTime:0.012591s ]
[2022-03-11T11:39:37+08:00][sql] SELECT * FROM `jjjfood_supplier` WHERE  `shop_supplier_id` = 10001 [ RunTime:0.001881s ]
[2022-03-11T11:39:37+08:00][sql] SHOW FULL COLUMNS FROM `jjjfood_shop_login_log` [ RunTime:0.005891s ]
[2022-03-11T11:39:37+08:00][sql] INSERT INTO `jjjfood_shop_login_log` SET `username` = 'admin' , `ip` = '127.0.0.1' , `result` = '登录成功' , `app_id` = 10001 , `create_time` = 1646969977 [ RunTime:0.000530s ]
[2022-03-11T11:39:37+08:00][sql] CONNECT:[ UseTime:0.001279s ] mysql:host=127.0.0.1;port=3306;dbname=jjj_food_chain;charset=utf8mb4
[2022-03-11T11:39:37+08:00][sql] SHOW FULL COLUMNS FROM `jjjfood_setting` [ RunTime:0.084364s ]
[2022-03-11T11:39:37+08:00][sql] SHOW FULL COLUMNS FROM `jjjfood_shop_opt_log` [ RunTime:0.000774s ]
[2022-03-11T11:39:37+08:00][sql] SHOW FULL COLUMNS FROM `jjjfood_shop_access` [ RunTime:0.002264s ]
[2022-03-11T11:39:37+08:00][sql] SELECT `name`,`path` FROM `jjjfood_shop_access` [ RunTime:0.000396s ]
[2022-03-11T11:39:37+08:00][sql] INSERT INTO `jjjfood_shop_opt_log` SET `shop_user_id` = 10001 , `ip` = '127.0.0.1' , `request_type` = 'Post' , `url` = '/auth/user/getRoleList' , `content` = '[]' , `browser` = 'Chrome' , `agent` = 'Mozilla/5.0 (Windows NT 10.0; Win64; x64) AppleWebKit/537.36 (KHTML, like Gecko) Chrome/99.0.4844.51 Safari/537.36 Edg/99.0.1150.36' , `title` = '' , `app_id` = 10001 , `create_time` = 1646969977 [ RunTime:0.000702s ]
[2022-03-11T11:39:37+08:00][sql] SHOW FULL COLUMNS FROM `jjjfood_shop_user` [ RunTime:0.002119s ]
[2022-03-11T11:39:37+08:00][sql] SELECT * FROM `jjjfood_shop_user` WHERE  `jjjfood_shop_user`.`app_id` = 10001  AND `is_delete` = 0  AND `shop_user_id` = 10001 LIMIT 1 [ RunTime:0.001093s ]
[2022-03-11T11:39:37+08:00][sql] SELECT * FROM `jjjfood_shop_user` WHERE  `jjjfood_shop_user`.`app_id` = 10001  AND `shop_user_id` = 10001 LIMIT 1 [ RunTime:0.000700s ]
[2022-03-11T11:39:37+08:00][sql] SELECT * FROM `jjjfood_shop_access` WHERE  `is_show` = 1 ORDER BY `sort` ASC,`create_time` ASC [ RunTime:0.001130s ]
[2022-03-11T11:39:37+08:00][sql] CONNECT:[ UseTime:0.003563s ] mysql:host=127.0.0.1;port=3306;dbname=jjj_food_chain;charset=utf8mb4
[2022-03-11T11:39:37+08:00][sql] SHOW FULL COLUMNS FROM `jjjfood_setting` [ RunTime:0.001053s ]
[2022-03-11T11:39:37+08:00][sql] SHOW FULL COLUMNS FROM `jjjfood_shop_opt_log` [ RunTime:0.001125s ]
[2022-03-11T11:39:37+08:00][sql] INSERT INTO `jjjfood_shop_opt_log` SET `shop_user_id` = 10001 , `ip` = '127.0.0.1' , `request_type` = 'Post' , `url` = '/auth/user/getUserInfo' , `content` = '[]' , `browser` = 'Chrome' , `agent` = 'Mozilla/5.0 (Windows NT 10.0; Win64; x64) AppleWebKit/537.36 (KHTML, like Gecko) Chrome/99.0.4844.51 Safari/537.36 Edg/99.0.1150.36' , `title` = '' , `app_id` = 10001 , `create_time` = 1646969977 [ RunTime:0.000438s ]
[2022-03-11T11:39:37+08:00][sql] SHOW FULL COLUMNS FROM `jjjfood_shop_user` [ RunTime:0.001305s ]
[2022-03-11T11:39:37+08:00][sql] SELECT * FROM `jjjfood_shop_user` WHERE  `jjjfood_shop_user`.`app_id` = 10001  AND `is_delete` = 0  AND `shop_user_id` = 10001 LIMIT 1 [ RunTime:0.001528s ]
[2022-03-11T11:39:38+08:00][sql] CONNECT:[ UseTime:0.002062s ] mysql:host=127.0.0.1;port=3306;dbname=jjj_food_chain;charset=utf8mb4
[2022-03-11T11:39:38+08:00][sql] SHOW FULL COLUMNS FROM `jjjfood_setting` [ RunTime:0.001147s ]
[2022-03-11T11:39:38+08:00][sql] SHOW FULL COLUMNS FROM `jjjfood_shop_opt_log` [ RunTime:0.000872s ]
[2022-03-11T11:39:38+08:00][sql] INSERT INTO `jjjfood_shop_opt_log` SET `shop_user_id` = 10001 , `ip` = '127.0.0.1' , `request_type` = 'Post' , `url` = '/index/index' , `content` = '[]' , `browser` = 'Chrome' , `agent` = 'Mozilla/5.0 (Windows NT 10.0; Win64; x64) AppleWebKit/537.36 (KHTML, like Gecko) Chrome/99.0.4844.51 Safari/537.36 Edg/99.0.1150.36' , `title` = '' , `app_id` = 10001 , `create_time` = 1646969977 [ RunTime:0.000634s ]
[2022-03-11T11:39:38+08:00][sql] SHOW FULL COLUMNS FROM `jjjfood_shop_user` [ RunTime:0.000884s ]
[2022-03-11T11:39:38+08:00][sql] SELECT * FROM `jjjfood_shop_user` WHERE  `jjjfood_shop_user`.`app_id` = 10001  AND `is_delete` = 0  AND `shop_user_id` = 10001 LIMIT 1 [ RunTime:0.000445s ]
[2022-03-11T11:39:38+08:00][sql] SHOW FULL COLUMNS FROM `jjjfood_product` [ RunTime:0.006928s ]
[2022-03-11T11:39:38+08:00][sql] SHOW FULL COLUMNS FROM `jjjfood_order` [ RunTime:0.003475s ]
[2022-03-11T11:39:38+08:00][sql] SHOW FULL COLUMNS FROM `jjjfood_user` [ RunTime:0.002392s ]
[2022-03-11T11:39:38+08:00][sql] SELECT COUNT(*) AS think_count FROM `jjjfood_product` WHERE  `jjjfood_product`.`app_id` = 10001  AND `is_delete` = 0 [ RunTime:0.000675s ]
[2022-03-11T11:39:38+08:00][sql] SELECT COUNT(*) AS think_count FROM `jjjfood_user` WHERE  `jjjfood_user`.`app_id` = 10001  AND `is_delete` = 0 [ RunTime:0.001067s ]
[2022-03-11T11:39:38+08:00][sql] SELECT COUNT(*) AS think_count FROM `jjjfood_order` WHERE  `jjjfood_order`.`app_id` = 10001  AND `is_delete` = 0  AND `pay_status` = 20  AND `order_status` <> 20 [ RunTime:0.000556s ]
[2022-03-11T11:39:38+08:00][sql] SHOW FULL COLUMNS FROM `jjjfood_supplier` [ RunTime:0.002384s ]
[2022-03-11T11:39:38+08:00][sql] SELECT COUNT(*) AS think_count FROM `jjjfood_supplier` WHERE  `jjjfood_supplier`.`app_id` = 10001  AND `is_delete` = 0 [ RunTime:0.000352s ]
[2022-03-11T11:39:38+08:00][sql] SELECT SUM(`pay_price`) AS think_sum FROM `jjjfood_order` WHERE  `jjjfood_order`.`app_id` = 10001  AND `pay_status` = 20  AND `order_status` <> 20  AND `is_delete` = 0 [ RunTime:0.000497s ]
[2022-03-11T11:39:38+08:00][sql] SELECT SUM(`pay_price`) AS think_sum FROM `jjjfood_order` WHERE  `jjjfood_order`.`app_id` = 10001  AND `is_delete` = 0  AND `pay_status` = 20  AND `order_status` <> 20 [ RunTime:0.000365s ]
[2022-03-11T11:39:38+08:00][sql] SELECT SUM(`refund_money`) AS think_sum FROM `jjjfood_order` WHERE  `jjjfood_order`.`app_id` = 10001  AND `is_delete` = 0  AND `pay_status` = 20  AND `order_status` <> 20 [ RunTime:0.000408s ]
[2022-03-11T11:39:38+08:00][sql] SELECT COUNT(*) AS think_count FROM `jjjfood_order` WHERE  `jjjfood_order`.`app_id` = 10001  AND `pay_status` = 20  AND `delivery_status` = 10  AND `order_status` = 10 [ RunTime:0.000386s ]
[2022-03-11T11:39:38+08:00][sql] SELECT COUNT(*) AS think_count FROM `jjjfood_product` WHERE  `jjjfood_product`.`app_id` = 10001  AND `is_delete` = 0  AND `product_stock` < 20 [ RunTime:0.000352s ]
[2022-03-11T11:39:38+08:00][sql] SELECT SUM(`pay_price`) AS think_sum FROM `jjjfood_order` WHERE  `jjjfood_order`.`app_id` = 10001  AND `pay_time` >= 1646928000  AND `pay_time` < 1647014400  AND `pay_status` = 20  AND `order_status` <> 20  AND `is_delete` = 0 [ RunTime:0.000329s ]
[2022-03-11T11:39:38+08:00][sql] SELECT SUM(`pay_price`) AS think_sum FROM `jjjfood_order` WHERE  `jjjfood_order`.`app_id` = 10001  AND `pay_time` >= 1646841600  AND `pay_time` < 1646928000  AND `pay_status` = 20  AND `order_status` <> 20  AND `is_delete` = 0 [ RunTime:0.000335s ]
[2022-03-11T11:39:38+08:00][sql] SELECT COUNT(*) AS think_count FROM `jjjfood_order` WHERE  `jjjfood_order`.`app_id` = 10001  AND `pay_time` >= 1646928000  AND `pay_time` < 1647014400  AND `is_delete` = 0  AND `pay_status` = 20  AND `order_status` <> 20 [ RunTime:0.000329s ]
[2022-03-11T11:39:38+08:00][sql] SELECT COUNT(*) AS think_count FROM `jjjfood_order` WHERE  `jjjfood_order`.`app_id` = 10001  AND `pay_time` >= 1646841600  AND `pay_time` < 1646928000  AND `is_delete` = 0  AND `pay_status` = 20  AND `order_status` <> 20 [ RunTime:0.000328s ]
[2022-03-11T11:39:38+08:00][sql] SELECT COUNT(*) AS think_count FROM `jjjfood_user` WHERE  `jjjfood_user`.`app_id` = 10001  AND `create_time` >= 1646928000  AND `create_time` < 1647014400  AND `is_delete` = 0 [ RunTime:0.000298s ]
[2022-03-11T11:39:38+08:00][sql] SELECT COUNT(*) AS think_count FROM `jjjfood_user` WHERE  `jjjfood_user`.`app_id` = 10001  AND `create_time` >= 1646841600  AND `create_time` < 1646928000  AND `is_delete` = 0 [ RunTime:0.000397s ]
[2022-03-11T11:39:38+08:00][sql] SELECT COUNT(*) AS think_count FROM `jjjfood_supplier` WHERE  `jjjfood_supplier`.`app_id` = 10001  AND `create_time` >= 1646928000  AND `create_time` < 1647014400 [ RunTime:0.000830s ]
[2022-03-11T11:39:38+08:00][sql] SELECT COUNT(*) AS think_count FROM `jjjfood_supplier` WHERE  `jjjfood_supplier`.`app_id` = 10001  AND `create_time` >= 1646841600  AND `create_time` < 1646928000 [ RunTime:0.000864s ]
[2022-03-11T11:39:38+08:00][sql] SELECT DISTINCT  `user_id` FROM `jjjfood_order` WHERE  `jjjfood_order`.`app_id` = 10001  AND `pay_time` >= 1646928000  AND `pay_time` < 1647014400  AND `pay_status` = 20  AND `is_delete` = 0 [ RunTime:0.003973s ]
[2022-03-11T11:39:38+08:00][sql] SELECT DISTINCT  `user_id` FROM `jjjfood_order` WHERE  `jjjfood_order`.`app_id` = 10001  AND `pay_time` >= 1646841600  AND `pay_time` < 1646928000  AND `pay_status` = 20  AND `is_delete` = 0 [ RunTime:0.000481s ]
[2022-03-11T11:39:38+08:00][sql] SELECT SUM(`pay_price`) AS think_sum FROM `jjjfood_order` WHERE  `jjjfood_order`.`app_id` = 10001  AND `pay_time` >= 1646928000  AND `pay_time` < 1647014400  AND `is_delete` = 0  AND `pay_status` = 20  AND `order_status` <> 20 [ RunTime:0.000358s ]
[2022-03-11T11:39:38+08:00][sql] SELECT SUM(`refund_money`) AS think_sum FROM `jjjfood_order` WHERE  `jjjfood_order`.`app_id` = 10001  AND `pay_time` >= 1646928000  AND `pay_time` < 1647014400  AND `is_delete` = 0  AND `pay_status` = 20  AND `order_status` <> 20 [ RunTime:0.000326s ]
[2022-03-11T11:39:38+08:00][sql] SELECT SUM(`pay_price`) AS think_sum FROM `jjjfood_order` WHERE  `jjjfood_order`.`app_id` = 10001  AND `pay_time` >= 1646841600  AND `pay_time` < 1646928000  AND `is_delete` = 0  AND `pay_status` = 20  AND `order_status` <> 20 [ RunTime:0.000307s ]
[2022-03-11T11:39:38+08:00][sql] SELECT SUM(`refund_money`) AS think_sum FROM `jjjfood_order` WHERE  `jjjfood_order`.`app_id` = 10001  AND `pay_time` >= 1646841600  AND `pay_time` < 1646928000  AND `is_delete` = 0  AND `pay_status` = 20  AND `order_status` <> 20 [ RunTime:0.000333s ]
[2022-03-11T11:39:38+08:00][sql] SHOW FULL COLUMNS FROM `jjjfood_order_product` [ RunTime:0.002461s ]
[2022-03-11T11:39:38+08:00][sql] SELECT p.product_name,sum(total_pay_price) as total_price,sum(total_num) as total_num FROM `jjjfood_order_product` `op` INNER JOIN `jjjfood_order` `o` ON `op`.`order_id`=`o`.`order_id` INNER JOIN `jjjfood_product` `p` ON `p`.`product_id`=`op`.`product_id` WHERE  `op`.`app_id` = 10001  AND `o`.`pay_status` = 20  AND `o`.`order_status` <> 20 GROUP BY `op`.`product_id` ORDER BY `total_num` DESC LIMIT 10 [ RunTime:0.000489s ]
[2022-03-11T11:39:38+08:00][sql] SELECT p.product_name,sum(total_pay_price) as total_price,sum(total_num) as total_num FROM `jjjfood_order_product` `op` INNER JOIN `jjjfood_order` `o` ON `op`.`order_id`=`o`.`order_id` INNER JOIN `jjjfood_product` `p` ON `p`.`product_id`=`op`.`product_id` WHERE  `op`.`app_id` = 10001  AND `o`.`pay_status` = 20  AND `o`.`order_status` <> 20 GROUP BY `op`.`product_id` ORDER BY `total_price` DESC LIMIT 10 [ RunTime:0.000418s ]
[2022-03-11T11:39:38+08:00][sql] CONNECT:[ UseTime:0.001316s ] mysql:host=127.0.0.1;port=3306;dbname=jjj_food_chain;charset=utf8mb4
[2022-03-11T11:39:38+08:00][sql] SHOW FULL COLUMNS FROM `jjjfood_setting` [ RunTime:0.002302s ]
[2022-03-11T11:39:38+08:00][sql] SHOW FULL COLUMNS FROM `jjjfood_shop_opt_log` [ RunTime:0.000890s ]
[2022-03-11T11:39:38+08:00][sql] INSERT INTO `jjjfood_shop_opt_log` SET `shop_user_id` = 10001 , `ip` = '127.0.0.1' , `request_type` = 'Post' , `url` = '/auth/user/getUserInfo' , `content` = '[]' , `browser` = 'Chrome' , `agent` = 'Mozilla/5.0 (Windows NT 10.0; Win64; x64) AppleWebKit/537.36 (KHTML, like Gecko) Chrome/99.0.4844.51 Safari/537.36 Edg/99.0.1150.36' , `title` = '' , `app_id` = 10001 , `create_time` = 1646969978 [ RunTime:0.001101s ]
[2022-03-11T11:39:38+08:00][sql] SHOW FULL COLUMNS FROM `jjjfood_shop_user` [ RunTime:0.001139s ]
[2022-03-11T11:39:38+08:00][sql] SELECT * FROM `jjjfood_shop_user` WHERE  `jjjfood_shop_user`.`app_id` = 10001  AND `is_delete` = 0  AND `shop_user_id` = 10001 LIMIT 1 [ RunTime:0.000571s ]
[2022-03-11T11:39:38+08:00][sql] CONNECT:[ UseTime:0.019636s ] mysql:host=127.0.0.1;port=3306;dbname=jjj_food_chain;charset=utf8mb4
[2022-03-11T11:39:38+08:00][sql] SHOW FULL COLUMNS FROM `jjjfood_setting` [ RunTime:0.001272s ]
[2022-03-11T11:39:38+08:00][sql] SHOW FULL COLUMNS FROM `jjjfood_shop_opt_log` [ RunTime:0.001077s ]
[2022-03-11T11:39:38+08:00][sql] INSERT INTO `jjjfood_shop_opt_log` SET `shop_user_id` = 10001 , `ip` = '127.0.0.1' , `request_type` = 'Post' , `url` = '/statistics/sales/order' , `content` = '{\"search_time\":[\"2022-03-04\",\"2022-03-11\"],\"type\":\"order\"}' , `browser` = 'Chrome' , `agent` = 'Mozilla/5.0 (Windows NT 10.0; Win64; x64) AppleWebKit/537.36 (KHTML, like Gecko) Chrome/99.0.4844.51 Safari/537.36 Edg/99.0.1150.36' , `title` = '' , `app_id` = 10001 , `create_time` = 1646969978 [ RunTime:0.000562s ]
[2022-03-11T11:39:38+08:00][sql] SHOW FULL COLUMNS FROM `jjjfood_shop_user` [ RunTime:0.000860s ]
[2022-03-11T11:39:38+08:00][sql] SELECT * FROM `jjjfood_shop_user` WHERE  `jjjfood_shop_user`.`app_id` = 10001  AND `is_delete` = 0  AND `shop_user_id` = 10001 LIMIT 1 [ RunTime:0.000557s ]
[2022-03-11T11:39:38+08:00][sql] SHOW FULL COLUMNS FROM `jjjfood_order` [ RunTime:0.001152s ]
[2022-03-11T11:39:38+08:00][sql] SELECT SUM(`pay_price`) AS think_sum FROM `jjjfood_order` WHERE  `jjjfood_order`.`app_id` = 10001  AND `pay_time` >= 1646323200  AND `pay_time` < 1646409600  AND `is_delete` = 0  AND `pay_status` = 20  AND `order_status` <> 20 [ RunTime:0.000421s ]
[2022-03-11T11:39:38+08:00][sql] SELECT COUNT(*) AS think_count FROM `jjjfood_order` WHERE  `jjjfood_order`.`app_id` = 10001  AND `pay_time` >= 1646323200  AND `pay_time` < 1646409600  AND `is_delete` = 0  AND `pay_status` = 20  AND `order_status` <> 20 [ RunTime:0.000333s ]
[2022-03-11T11:39:38+08:00][sql] SELECT SUM(`pay_price`) AS think_sum FROM `jjjfood_order` WHERE  `jjjfood_order`.`app_id` = 10001  AND `pay_time` >= 1646409600  AND `pay_time` < 1646496000  AND `is_delete` = 0  AND `pay_status` = 20  AND `order_status` <> 20 [ RunTime:0.000305s ]
[2022-03-11T11:39:38+08:00][sql] SELECT COUNT(*) AS think_count FROM `jjjfood_order` WHERE  `jjjfood_order`.`app_id` = 10001  AND `pay_time` >= 1646409600  AND `pay_time` < 1646496000  AND `is_delete` = 0  AND `pay_status` = 20  AND `order_status` <> 20 [ RunTime:0.000319s ]
[2022-03-11T11:39:38+08:00][sql] SELECT SUM(`pay_price`) AS think_sum FROM `jjjfood_order` WHERE  `jjjfood_order`.`app_id` = 10001  AND `pay_time` >= 1646496000  AND `pay_time` < 1646582400  AND `is_delete` = 0  AND `pay_status` = 20  AND `order_status` <> 20 [ RunTime:0.000320s ]
[2022-03-11T11:39:38+08:00][sql] SELECT COUNT(*) AS think_count FROM `jjjfood_order` WHERE  `jjjfood_order`.`app_id` = 10001  AND `pay_time` >= 1646496000  AND `pay_time` < 1646582400  AND `is_delete` = 0  AND `pay_status` = 20  AND `order_status` <> 20 [ RunTime:0.000323s ]
[2022-03-11T11:39:38+08:00][sql] SELECT SUM(`pay_price`) AS think_sum FROM `jjjfood_order` WHERE  `jjjfood_order`.`app_id` = 10001  AND `pay_time` >= 1646582400  AND `pay_time` < 1646668800  AND `is_delete` = 0  AND `pay_status` = 20  AND `order_status` <> 20 [ RunTime:0.000301s ]
[2022-03-11T11:39:38+08:00][sql] SELECT COUNT(*) AS think_count FROM `jjjfood_order` WHERE  `jjjfood_order`.`app_id` = 10001  AND `pay_time` >= 1646582400  AND `pay_time` < 1646668800  AND `is_delete` = 0  AND `pay_status` = 20  AND `order_status` <> 20 [ RunTime:0.000296s ]
[2022-03-11T11:39:38+08:00][sql] SELECT SUM(`pay_price`) AS think_sum FROM `jjjfood_order` WHERE  `jjjfood_order`.`app_id` = 10001  AND `pay_time` >= 1646668800  AND `pay_time` < 1646755200  AND `is_delete` = 0  AND `pay_status` = 20  AND `order_status` <> 20 [ RunTime:0.000299s ]
[2022-03-11T11:39:38+08:00][sql] SELECT COUNT(*) AS think_count FROM `jjjfood_order` WHERE  `jjjfood_order`.`app_id` = 10001  AND `pay_time` >= 1646668800  AND `pay_time` < 1646755200  AND `is_delete` = 0  AND `pay_status` = 20  AND `order_status` <> 20 [ RunTime:0.000317s ]
[2022-03-11T11:39:38+08:00][sql] SELECT SUM(`pay_price`) AS think_sum FROM `jjjfood_order` WHERE  `jjjfood_order`.`app_id` = 10001  AND `pay_time` >= 1646755200  AND `pay_time` < 1646841600  AND `is_delete` = 0  AND `pay_status` = 20  AND `order_status` <> 20 [ RunTime:0.000291s ]
[2022-03-11T11:39:38+08:00][sql] SELECT COUNT(*) AS think_count FROM `jjjfood_order` WHERE  `jjjfood_order`.`app_id` = 10001  AND `pay_time` >= 1646755200  AND `pay_time` < 1646841600  AND `is_delete` = 0  AND `pay_status` = 20  AND `order_status` <> 20 [ RunTime:0.000271s ]
[2022-03-11T11:39:38+08:00][sql] SELECT SUM(`pay_price`) AS think_sum FROM `jjjfood_order` WHERE  `jjjfood_order`.`app_id` = 10001  AND `pay_time` >= 1646841600  AND `pay_time` < 1646928000  AND `is_delete` = 0  AND `pay_status` = 20  AND `order_status` <> 20 [ RunTime:0.000280s ]
[2022-03-11T11:39:38+08:00][sql] SELECT COUNT(*) AS think_count FROM `jjjfood_order` WHERE  `jjjfood_order`.`app_id` = 10001  AND `pay_time` >= 1646841600  AND `pay_time` < 1646928000  AND `is_delete` = 0  AND `pay_status` = 20  AND `order_status` <> 20 [ RunTime:0.000268s ]
[2022-03-11T11:39:38+08:00][sql] SELECT SUM(`pay_price`) AS think_sum FROM `jjjfood_order` WHERE  `jjjfood_order`.`app_id` = 10001  AND `pay_time` >= 1646928000  AND `pay_time` < 1647014400  AND `is_delete` = 0  AND `pay_status` = 20  AND `order_status` <> 20 [ RunTime:0.000284s ]
[2022-03-11T11:39:38+08:00][sql] SELECT COUNT(*) AS think_count FROM `jjjfood_order` WHERE  `jjjfood_order`.`app_id` = 10001  AND `pay_time` >= 1646928000  AND `pay_time` < 1647014400  AND `is_delete` = 0  AND `pay_status` = 20  AND `order_status` <> 20 [ RunTime:0.000267s ]
[2022-03-11T11:39:40+08:00][sql] CONNECT:[ UseTime:0.015205s ] mysql:host=127.0.0.1;port=3306;dbname=jjj_food_chain;charset=utf8mb4
[2022-03-11T11:39:40+08:00][sql] SHOW FULL COLUMNS FROM `jjjfood_setting` [ RunTime:0.001071s ]
[2022-03-11T11:39:40+08:00][sql] SHOW FULL COLUMNS FROM `jjjfood_shop_opt_log` [ RunTime:0.000811s ]
[2022-03-11T11:39:40+08:00][sql] INSERT INTO `jjjfood_shop_opt_log` SET `shop_user_id` = 10001 , `ip` = '127.0.0.1' , `request_type` = 'Post' , `url` = '/supplier/supplier/index' , `content` = '{\"page\":\"1\",\"list_rows\":\"20\"}' , `browser` = 'Chrome' , `agent` = 'Mozilla/5.0 (Windows NT 10.0; Win64; x64) AppleWebKit/537.36 (KHTML, like Gecko) Chrome/99.0.4844.51 Safari/537.36 Edg/99.0.1150.36' , `title` = '门店管理' , `app_id` = 10001 , `create_time` = 1646969979 [ RunTime:0.104293s ]
[2022-03-11T11:39:40+08:00][sql] SHOW FULL COLUMNS FROM `jjjfood_shop_user` [ RunTime:0.080675s ]
[2022-03-11T11:39:40+08:00][sql] SELECT * FROM `jjjfood_shop_user` WHERE  `jjjfood_shop_user`.`app_id` = 10001  AND `is_delete` = 0  AND `shop_user_id` = 10001 LIMIT 1 [ RunTime:0.000907s ]
[2022-03-11T11:39:40+08:00][sql] SHOW FULL COLUMNS FROM `jjjfood_supplier` [ RunTime:0.007668s ]
[2022-03-11T11:39:40+08:00][sql] SELECT COUNT(*) AS think_count FROM `jjjfood_supplier` WHERE  `jjjfood_supplier`.`app_id` = 10001  AND `is_delete` = 0 [ RunTime:0.000832s ]
[2022-03-11T11:39:40+08:00][sql] SELECT * FROM `jjjfood_supplier` WHERE  `jjjfood_supplier`.`app_id` = 10001  AND `is_delete` = 0 ORDER BY `create_time` DESC LIMIT 0,20 [ RunTime:0.001063s ]
[2022-03-11T11:39:40+08:00][sql] SELECT * FROM `jjjfood_shop_user` WHERE  `jjjfood_shop_user`.`app_id` = 10001  AND `is_super` = 1  AND `shop_supplier_id` = 10001 [ RunTime:0.000745s ]
[2022-03-11T11:39:53+08:00][sql] CONNECT:[ UseTime:0.001857s ] mysql:host=127.0.0.1;port=3306;dbname=jjj_food_chain;charset=utf8mb4
[2022-03-11T11:39:53+08:00][sql] SHOW FULL COLUMNS FROM `jjjfood_setting` [ RunTime:0.000979s ]
[2022-03-11T11:39:53+08:00][sql] SHOW FULL COLUMNS FROM `jjjfood_shop_opt_log` [ RunTime:0.003860s ]
[2022-03-11T11:39:53+08:00][sql] INSERT INTO `jjjfood_shop_opt_log` SET `shop_user_id` = 10001 , `ip` = '127.0.0.1' , `request_type` = 'Post' , `url` = '/supplier/supplier/index' , `content` = '{\"page\":\"1\",\"list_rows\":\"20\"}' , `browser` = 'Chrome' , `agent` = 'Mozilla/5.0 (Windows NT 10.0; Win64; x64) AppleWebKit/537.36 (KHTML, like Gecko) Chrome/99.0.4844.51 Safari/537.36 Edg/99.0.1150.36' , `title` = '门店管理' , `app_id` = 10001 , `create_time` = 1646969993 [ RunTime:0.000615s ]
[2022-03-11T11:39:53+08:00][sql] SHOW FULL COLUMNS FROM `jjjfood_shop_user` [ RunTime:0.002690s ]
[2022-03-11T11:39:53+08:00][sql] SELECT * FROM `jjjfood_shop_user` WHERE  `jjjfood_shop_user`.`app_id` = 10001  AND `is_delete` = 0  AND `shop_user_id` = 10001 LIMIT 1 [ RunTime:0.000653s ]
[2022-03-11T11:39:53+08:00][sql] SHOW FULL COLUMNS FROM `jjjfood_supplier` [ RunTime:0.002580s ]
[2022-03-11T11:39:53+08:00][sql] SELECT COUNT(*) AS think_count FROM `jjjfood_supplier` WHERE  `jjjfood_supplier`.`app_id` = 10001  AND `is_delete` = 0 [ RunTime:0.000409s ]
[2022-03-11T11:39:53+08:00][sql] SELECT * FROM `jjjfood_supplier` WHERE  `jjjfood_supplier`.`app_id` = 10001  AND `is_delete` = 0 ORDER BY `create_time` DESC LIMIT 0,20 [ RunTime:0.000501s ]
[2022-03-11T11:39:53+08:00][sql] SELECT * FROM `jjjfood_shop_user` WHERE  `jjjfood_shop_user`.`app_id` = 10001  AND `is_super` = 1  AND `shop_supplier_id` = 10001 [ RunTime:0.000394s ]
[2022-03-11T11:39:57+08:00][sql] CONNECT:[ UseTime:0.019766s ] mysql:host=127.0.0.1;port=3306;dbname=jjj_food_chain;charset=utf8mb4
[2022-03-11T11:39:57+08:00][sql] SHOW FULL COLUMNS FROM `jjjfood_setting` [ RunTime:0.000998s ]
[2022-03-11T11:39:57+08:00][sql] SHOW FULL COLUMNS FROM `jjjfood_shop_opt_log` [ RunTime:0.002177s ]
[2022-03-11T11:39:57+08:00][sql] INSERT INTO `jjjfood_shop_opt_log` SET `shop_user_id` = 10001 , `ip` = '127.0.0.1' , `request_type` = 'Get' , `url` = '/supplier/supplier/setting' , `content` = '{\"shop_supplier_id\":\"10001\"}' , `browser` = 'Chrome' , `agent` = 'Mozilla/5.0 (Windows NT 10.0; Win64; x64) AppleWebKit/537.36 (KHTML, like Gecko) Chrome/99.0.4844.51 Safari/537.36 Edg/99.0.1150.36' , `title` = '门店设置' , `app_id` = 10001 , `create_time` = 1646969996 [ RunTime:0.000497s ]
[2022-03-11T11:39:57+08:00][sql] SHOW FULL COLUMNS FROM `jjjfood_shop_user` [ RunTime:0.002298s ]
[2022-03-11T11:39:57+08:00][sql] SELECT * FROM `jjjfood_shop_user` WHERE  `jjjfood_shop_user`.`app_id` = 10001  AND `is_delete` = 0  AND `shop_user_id` = 10001 LIMIT 1 [ RunTime:0.000388s ]
[2022-03-11T11:39:57+08:00][sql] SHOW FULL COLUMNS FROM `jjjfood_supplier` [ RunTime:0.002190s ]
[2022-03-11T11:39:57+08:00][sql] SELECT * FROM `jjjfood_supplier` WHERE  `jjjfood_supplier`.`app_id` = 10001  AND `shop_supplier_id` = 10001 LIMIT 1 [ RunTime:0.000455s ]
[2022-03-11T11:40:00+08:00][sql] CONNECT:[ UseTime:0.013558s ] mysql:host=127.0.0.1;port=3306;dbname=jjj_food_chain;charset=utf8mb4
[2022-03-11T11:40:00+08:00][sql] SHOW FULL COLUMNS FROM `jjjfood_setting` [ RunTime:0.001117s ]
[2022-03-11T11:40:00+08:00][sql] SHOW FULL COLUMNS FROM `jjjfood_shop_opt_log` [ RunTime:0.002338s ]
[2022-03-11T11:40:00+08:00][sql] INSERT INTO `jjjfood_shop_opt_log` SET `shop_user_id` = 10001 , `ip` = '127.0.0.1' , `request_type` = 'Post' , `url` = '/supplier/supplier/index' , `content` = '{\"page\":\"1\",\"list_rows\":\"20\"}' , `browser` = 'Chrome' , `agent` = 'Mozilla/5.0 (Windows NT 10.0; Win64; x64) AppleWebKit/537.36 (KHTML, like Gecko) Chrome/99.0.4844.51 Safari/537.36 Edg/99.0.1150.36' , `title` = '门店管理' , `app_id` = 10001 , `create_time` = 1646969999 [ RunTime:0.000467s ]
[2022-03-11T11:40:00+08:00][sql] SHOW FULL COLUMNS FROM `jjjfood_shop_user` [ RunTime:0.001075s ]
[2022-03-11T11:40:00+08:00][sql] SELECT * FROM `jjjfood_shop_user` WHERE  `jjjfood_shop_user`.`app_id` = 10001  AND `is_delete` = 0  AND `shop_user_id` = 10001 LIMIT 1 [ RunTime:0.000367s ]
[2022-03-11T11:40:00+08:00][sql] SHOW FULL COLUMNS FROM `jjjfood_supplier` [ RunTime:0.002235s ]
[2022-03-11T11:40:00+08:00][sql] SELECT COUNT(*) AS think_count FROM `jjjfood_supplier` WHERE  `jjjfood_supplier`.`app_id` = 10001  AND `is_delete` = 0 [ RunTime:0.000363s ]
[2022-03-11T11:40:00+08:00][sql] SELECT * FROM `jjjfood_supplier` WHERE  `jjjfood_supplier`.`app_id` = 10001  AND `is_delete` = 0 ORDER BY `create_time` DESC LIMIT 0,20 [ RunTime:0.000479s ]
[2022-03-11T11:40:00+08:00][sql] SELECT * FROM `jjjfood_shop_user` WHERE  `jjjfood_shop_user`.`app_id` = 10001  AND `is_super` = 1  AND `shop_supplier_id` = 10001 [ RunTime:0.000751s ]
[2022-03-11T11:40:14+08:00][sql] CONNECT:[ UseTime:0.001673s ] mysql:host=127.0.0.1;port=3306;dbname=jjj_food_chain;charset=utf8mb4
[2022-03-11T11:40:14+08:00][sql] SHOW FULL COLUMNS FROM `jjjfood_admin_user` [ RunTime:0.003620s ]
[2022-03-11T11:40:44+08:00][sql] CONNECT:[ UseTime:0.017570s ] mysql:host=127.0.0.1;port=3306;dbname=jjj_food_chain;charset=utf8mb4
[2022-03-11T11:40:44+08:00][sql] SHOW FULL COLUMNS FROM `jjjfood_admin_user` [ RunTime:0.002983s ]
[2022-03-11T11:40:44+08:00][sql] SELECT * FROM `jjjfood_admin_user` WHERE  `user_name` = 'admin'  AND `password` = '06e0213dcf92e986d383029494966903' LIMIT 1 [ RunTime:0.001061s ]
[2022-03-11T11:40:46+08:00][sql] CONNECT:[ UseTime:0.001376s ] mysql:host=127.0.0.1;port=3306;dbname=jjj_food_chain;charset=utf8mb4
[2022-03-11T11:40:46+08:00][sql] SHOW FULL COLUMNS FROM `jjjfood_shop_access` [ RunTime:0.005420s ]
[2022-03-11T11:40:46+08:00][sql] SELECT * FROM `jjjfood_shop_access` ORDER BY `sort` ASC,`create_time` ASC [ RunTime:0.001172s ]
[2022-03-11T11:40:49+08:00][sql] CONNECT:[ UseTime:0.001480s ] mysql:host=127.0.0.1;port=3306;dbname=jjj_food_chain;charset=utf8mb4
[2022-03-11T11:40:49+08:00][sql] SHOW FULL COLUMNS FROM `jjjfood_app` [ RunTime:0.002419s ]
[2022-03-11T11:40:49+08:00][sql] SELECT COUNT(*) AS think_count FROM `jjjfood_app` `app` LEFT JOIN `jjjfood_shop_user` `user` ON `user`.`app_id`=`app`.`app_id` WHERE  `is_recycle` = 0  AND `user`.`is_super` = 1  AND `app`.`is_delete` = 0 [ RunTime:0.000692s ]
[2022-03-11T11:40:49+08:00][sql] SELECT app.*,user.user_name FROM `jjjfood_app` `app` LEFT JOIN `jjjfood_shop_user` `user` ON `user`.`app_id`=`app`.`app_id` WHERE  `is_recycle` = 0  AND `user`.`is_super` = 1  AND `app`.`is_delete` = 0 ORDER BY `create_time` ASC LIMIT 0,20 [ RunTime:0.000532s ]
[2022-03-11T11:41:00+08:00][sql] CONNECT:[ UseTime:0.001419s ] mysql:host=127.0.0.1;port=3306;dbname=jjj_food_chain;charset=utf8mb4
[2022-03-11T11:41:00+08:00][sql] SHOW FULL COLUMNS FROM `jjjfood_shop_user` [ RunTime:0.000980s ]
[2022-03-11T11:41:00+08:00][sql] SELECT * FROM `jjjfood_shop_user` WHERE  `is_delete` = 0  AND `app_id` = 10001 LIMIT 1 [ RunTime:0.000431s ]
[2022-03-11T11:41:00+08:00][sql] SHOW FULL COLUMNS FROM `jjjfood_app` [ RunTime:0.002550s ]
[2022-03-11T11:41:00+08:00][sql] SELECT * FROM `jjjfood_app` WHERE  `app_id` = 10001 [ RunTime:0.000394s ]
[2022-03-11T11:41:00+08:00][sql] SHOW FULL COLUMNS FROM `jjjfood_supplier` [ RunTime:0.002433s ]
[2022-03-11T11:41:00+08:00][sql] SELECT * FROM `jjjfood_supplier` WHERE  `shop_supplier_id` = 10001 LIMIT 1 [ RunTime:0.000436s ]
[2022-03-11T11:41:12+08:00][sql] CONNECT:[ UseTime:0.001462s ] mysql:host=127.0.0.1;port=3306;dbname=jjj_food_chain;charset=utf8mb4
[2022-03-11T11:41:12+08:00][sql] SHOW FULL COLUMNS FROM `jjjfood_shop_user` [ RunTime:0.000934s ]
[2022-03-11T11:41:12+08:00][sql] SELECT * FROM `jjjfood_shop_user` WHERE  `is_delete` = 0  AND `app_id` = 10001 LIMIT 1 [ RunTime:0.000502s ]
[2022-03-11T11:41:12+08:00][sql] SHOW FULL COLUMNS FROM `jjjfood_app` [ RunTime:0.002706s ]
[2022-03-11T11:41:12+08:00][sql] SELECT * FROM `jjjfood_app` WHERE  `app_id` = 10001 [ RunTime:0.000465s ]
[2022-03-11T11:41:12+08:00][sql] SHOW FULL COLUMNS FROM `jjjfood_supplier` [ RunTime:0.002808s ]
[2022-03-11T11:41:12+08:00][sql] SELECT * FROM `jjjfood_supplier` WHERE  `shop_supplier_id` = 10001 LIMIT 1 [ RunTime:0.000527s ]
[2022-03-11T11:41:33+08:00][sql] CONNECT:[ UseTime:0.001327s ] mysql:host=127.0.0.1;port=3306;dbname=jjj_food_chain;charset=utf8mb4
[2022-03-11T11:41:33+08:00][sql] SHOW FULL COLUMNS FROM `jjjfood_setting` [ RunTime:0.000819s ]
[2022-03-11T11:41:33+08:00][sql] SHOW FULL COLUMNS FROM `jjjfood_shop_opt_log` [ RunTime:0.000876s ]
[2022-03-11T11:41:33+08:00][sql] INSERT INTO `jjjfood_shop_opt_log` SET `shop_user_id` = 10001 , `ip` = '127.0.0.1' , `request_type` = 'Post' , `url` = '/supplier/supplier/index' , `content` = '{\"page\":\"1\",\"list_rows\":\"20\"}' , `browser` = 'Chrome' , `agent` = 'Mozilla/5.0 (Windows NT 10.0; Win64; x64) AppleWebKit/537.36 (KHTML, like Gecko) Chrome/99.0.4844.51 Safari/537.36 Edg/99.0.1150.36' , `title` = '门店管理' , `app_id` = 10001 , `create_time` = 1646970093 [ RunTime:0.000388s ]
[2022-03-11T11:41:33+08:00][sql] SHOW FULL COLUMNS FROM `jjjfood_shop_user` [ RunTime:0.000811s ]
[2022-03-11T11:41:33+08:00][sql] SELECT * FROM `jjjfood_shop_user` WHERE  `jjjfood_shop_user`.`app_id` = 10001  AND `is_delete` = 0  AND `shop_user_id` = 10001 LIMIT 1 [ RunTime:0.000355s ]
[2022-03-11T11:41:33+08:00][sql] SHOW FULL COLUMNS FROM `jjjfood_supplier` [ RunTime:0.000876s ]
[2022-03-11T11:41:33+08:00][sql] SELECT COUNT(*) AS think_count FROM `jjjfood_supplier` WHERE  `jjjfood_supplier`.`app_id` = 10001  AND `is_delete` = 0 [ RunTime:0.000379s ]
[2022-03-11T11:41:33+08:00][sql] SELECT * FROM `jjjfood_supplier` WHERE  `jjjfood_supplier`.`app_id` = 10001  AND `is_delete` = 0 ORDER BY `create_time` DESC LIMIT 0,20 [ RunTime:0.001528s ]
[2022-03-11T11:41:33+08:00][sql] SELECT * FROM `jjjfood_shop_user` WHERE  `jjjfood_shop_user`.`app_id` = 10001  AND `is_super` = 1  AND `shop_supplier_id` = 10001 [ RunTime:0.000508s ]
