[2022-03-17T11:24:04+08:00][sql] CONNECT:[ UseTime:0.005631s ] mysql:host=127.0.0.1;port=3306;dbname=jjj_food_chain;charset=utf8mb4
[2022-03-17T11:24:04+08:00][sql] SHOW FULL COLUMNS FROM `jjjfood_admin_user` [ RunTime:0.251095s ]
[2022-03-17T11:24:04+08:00][sql] SELECT * FROM `jjjfood_admin_user` WHERE  `user_name` = 'admin'  AND `password` = '06e0213dcf92e986d383029494966903' LIMIT 1 [ RunTime:0.001505s ]
[2022-03-17T11:24:07+08:00][sql] CONNECT:[ UseTime:0.001468s ] mysql:host=127.0.0.1;port=3306;dbname=jjj_food_chain;charset=utf8mb4
[2022-03-17T11:24:07+08:00][sql] SHOW FULL COLUMNS FROM `jjjfood_app` [ RunTime:0.016241s ]
[2022-03-17T11:24:07+08:00][sql] SELECT COUNT(*) AS think_count FROM `jjjfood_app` `app` LEFT JOIN `jjjfood_shop_user` `user` ON `user`.`app_id`=`app`.`app_id` WHERE  `is_recycle` = 0  AND `user`.`is_super` = 1  AND `app`.`is_delete` = 0 [ RunTime:0.030993s ]
[2022-03-17T11:24:07+08:00][sql] SELECT app.*,user.user_name FROM `jjjfood_app` `app` LEFT JOIN `jjjfood_shop_user` `user` ON `user`.`app_id`=`app`.`app_id` WHERE  `is_recycle` = 0  AND `user`.`is_super` = 1  AND `app`.`is_delete` = 0 ORDER BY `create_time` ASC LIMIT 0,20 [ RunTime:0.000566s ]
[2022-03-17T11:24:20+08:00][sql] CONNECT:[ UseTime:0.013132s ] mysql:host=127.0.0.1;port=3306;dbname=jjj_food_chain;charset=utf8mb4
[2022-03-17T11:24:20+08:00][sql] SHOW FULL COLUMNS FROM `jjjfood_app` [ RunTime:0.002403s ]
[2022-03-17T11:24:20+08:00][sql] SHOW FULL COLUMNS FROM `jjjfood_shop_user` [ RunTime:0.002230s ]
[2022-03-17T11:24:20+08:00][sql] SELECT `shop_user_id` FROM `jjjfood_shop_user` WHERE  `user_name` = '123' LIMIT 1 [ RunTime:0.000886s ]
[2022-03-17T11:24:20+08:00][sql] INSERT INTO `jjjfood_app` SET `is_chain` = 0 , `app_name` = '123' , `create_time` = 1647487460 , `update_time` = 1647487460 [ RunTime:0.000453s ]
[2022-03-17T11:24:20+08:00][sql] SELECT `shop_user_id` FROM `jjjfood_shop_user` WHERE  `user_name` = '123' LIMIT 1 [ RunTime:0.000302s ]
[2022-03-17T11:24:20+08:00][sql] INSERT INTO `jjjfood_shop_user` SET `user_name` = '123' , `password` = '06e0213dcf92e986d383029494966903' , `app_id` = 10002 , `is_super` = 1 , `create_time` = 1647487460 , `update_time` = 1647487460 [ RunTime:0.000337s ]
[2022-03-17T11:24:20+08:00][sql] SHOW FULL COLUMNS FROM `jjjfood_page` [ RunTime:0.023164s ]
[2022-03-17T11:24:20+08:00][sql] INSERT INTO `jjjfood_page` SET `page_type` = 10 , `page_name` = '首页' , `page_data` = '{\"page\":{\"type\":\"page\",\"name\":\"\\u9875\\u9762\\u8bbe\\u7f6e\",\"params\":{\"name\":\"\\u9875\\u9762\\u6807\\u9898\",\"title\":\"\\u9875\\u9762\\u6807\\u9898\",\"share_title\":\"\\u5206\\u4eab\\u6807\\u9898\"},\"style\":{\"titleTextColor\":\"black\",\"titleBackgroundColor\":\"#ffffff\"}},\"items\":[{\"type\":\"search\",\"name\":\"\\u641c\\u7d22\\u6846\",\"params\":{\"placeholder\":\"\\u641c\\u7d22\\u5546\\u54c1\"},\"style\":{\"textAlign\":\"center\",\"searchStyle\":\"radius\"}},{\"type\":\"banner\",\"name\":\"\\u56fe\\u7247\\u8f6e\\u64ad\",\"style\":{\"btnColor\":\"#ffffff\",\"btnShape\":\"round\"},\"params\":{\"interval\":\"2800\"},\"data\":[{\"imgUrl\":\"http:\\/\\/localhost:8081\\/assets\\/store\\/img\\/diy\\/banner\\/01.png\",\"linkUrl\":\"\"},{\"imgUrl\":\"http:\\/\\/localhost:8081\\/assets\\/store\\/img\\/diy\\/banner\\/01.png\",\"linkUrl\":\"\"}]}]}' , `app_id` = 10002 , `create_time` = 1647487460 , `update_time` = 1647487460 [ RunTime:0.000770s ]
[2022-03-17T11:24:20+08:00][sql] SHOW FULL COLUMNS FROM `jjjfood_user_grade` [ RunTime:0.019935s ]
[2022-03-17T11:24:20+08:00][sql] INSERT INTO `jjjfood_user_grade` SET `name` = '普通会员' , `is_default` = 1 , `remark` = '新用户即为该等级' , `app_id` = 10002 , `create_time` = 1647487460 , `update_time` = 1647487460 [ RunTime:0.000747s ]
[2022-03-17T11:34:07+08:00][sql] CONNECT:[ UseTime:0.001853s ] mysql:host=127.0.0.1;port=3306;dbname=jjj_food_chain;charset=utf8mb4
[2022-03-17T11:34:07+08:00][sql] SHOW FULL COLUMNS FROM `jjjfood_app` [ RunTime:0.002566s ]
[2022-03-17T11:34:07+08:00][sql] SELECT COUNT(*) AS think_count FROM `jjjfood_app` `app` LEFT JOIN `jjjfood_shop_user` `user` ON `user`.`app_id`=`app`.`app_id` WHERE  `is_recycle` = 0  AND `user`.`is_super` = 1  AND `app`.`is_delete` = 0 [ RunTime:0.003099s ]
[2022-03-17T11:34:07+08:00][sql] SELECT app.*,user.user_name FROM `jjjfood_app` `app` LEFT JOIN `jjjfood_shop_user` `user` ON `user`.`app_id`=`app`.`app_id` WHERE  `is_recycle` = 0  AND `user`.`is_super` = 1  AND `app`.`is_delete` = 0 ORDER BY `create_time` ASC LIMIT 0,20 [ RunTime:0.000840s ]
[2022-03-17T11:34:20+08:00][sql] CONNECT:[ UseTime:0.014445s ] mysql:host=127.0.0.1;port=3306;dbname=jjj_food_chain;charset=utf8mb4
[2022-03-17T11:34:20+08:00][sql] SHOW FULL COLUMNS FROM `jjjfood_app` [ RunTime:0.002353s ]
[2022-03-17T11:34:20+08:00][sql] SHOW FULL COLUMNS FROM `jjjfood_shop_user` [ RunTime:0.002047s ]
[2022-03-17T11:34:20+08:00][sql] SELECT `shop_user_id` FROM `jjjfood_shop_user` WHERE  `user_name` = '123456' LIMIT 1 [ RunTime:0.000468s ]
[2022-03-17T11:34:20+08:00][sql] INSERT INTO `jjjfood_app` SET `is_chain` = 0 , `app_name` = '123' , `create_time` = 1647488060 , `update_time` = 1647488060 [ RunTime:0.000386s ]
[2022-03-17T11:34:20+08:00][sql] SELECT `shop_user_id` FROM `jjjfood_shop_user` WHERE  `user_name` = '123456' LIMIT 1 [ RunTime:0.000375s ]
[2022-03-17T11:34:20+08:00][sql] INSERT INTO `jjjfood_shop_user` SET `user_name` = '123456' , `password` = '06e0213dcf92e986d383029494966903' , `app_id` = 10003 , `is_super` = 1 , `create_time` = 1647488060 , `update_time` = 1647488060 [ RunTime:0.000330s ]
[2022-03-17T11:34:20+08:00][sql] SHOW FULL COLUMNS FROM `jjjfood_page` [ RunTime:0.198998s ]
[2022-03-17T11:34:20+08:00][sql] INSERT INTO `jjjfood_page` SET `page_type` = 10 , `page_name` = '首页' , `page_data` = '{\"page\":{\"type\":\"page\",\"name\":\"\\u9875\\u9762\\u8bbe\\u7f6e\",\"params\":{\"name\":\"\\u9875\\u9762\\u6807\\u9898\",\"title\":\"\\u9875\\u9762\\u6807\\u9898\",\"share_title\":\"\\u5206\\u4eab\\u6807\\u9898\"},\"style\":{\"titleTextColor\":\"black\",\"titleBackgroundColor\":\"#ffffff\"}},\"items\":[{\"type\":\"search\",\"name\":\"\\u641c\\u7d22\\u6846\",\"params\":{\"placeholder\":\"\\u641c\\u7d22\\u5546\\u54c1\"},\"style\":{\"textAlign\":\"center\",\"searchStyle\":\"radius\"}},{\"type\":\"banner\",\"name\":\"\\u56fe\\u7247\\u8f6e\\u64ad\",\"style\":{\"btnColor\":\"#ffffff\",\"btnShape\":\"round\"},\"params\":{\"interval\":\"2800\"},\"data\":[{\"imgUrl\":\"http:\\/\\/localhost:8081\\/assets\\/store\\/img\\/diy\\/banner\\/01.png\",\"linkUrl\":\"\"},{\"imgUrl\":\"http:\\/\\/localhost:8081\\/assets\\/store\\/img\\/diy\\/banner\\/01.png\",\"linkUrl\":\"\"}]}]}' , `app_id` = 10003 , `create_time` = 1647488060 , `update_time` = 1647488060 [ RunTime:0.000928s ]
[2022-03-17T11:34:20+08:00][sql] SHOW FULL COLUMNS FROM `jjjfood_user_grade` [ RunTime:0.004969s ]
[2022-03-17T11:34:20+08:00][sql] INSERT INTO `jjjfood_user_grade` SET `name` = '普通会员' , `is_default` = 1 , `remark` = '新用户即为该等级' , `app_id` = 10003 , `create_time` = 1647488060 , `update_time` = 1647488060 [ RunTime:0.000821s ]
[2022-03-17T11:34:20+08:00][sql] SHOW FULL COLUMNS FROM `jjjfood_category` [ RunTime:0.250711s ]
[2022-03-17T11:34:20+08:00][sql] INSERT INTO `jjjfood_category` SET `name` = '新品' , `is_special` = 1 , `type` = 0 , `app_id` = 10003 , `create_time` = 1647488060 , `update_time` = 1647488060 [ RunTime:0.000759s ]
[2022-03-17T11:34:20+08:00][sql] INSERT INTO `jjjfood_category` SET `name` = '热卖' , `is_special` = 1 , `type` = 0 , `app_id` = 10003 , `create_time` = 1647488060 , `update_time` = 1647488060 [ RunTime:0.000617s ]
[2022-03-17T11:34:20+08:00][sql] INSERT INTO `jjjfood_category` SET `name` = '套餐' , `is_special` = 1 , `type` = 0 , `app_id` = 10003 , `create_time` = 1647488060 , `update_time` = 1647488060 [ RunTime:0.000654s ]
[2022-03-17T11:34:20+08:00][sql] INSERT INTO `jjjfood_category` SET `name` = '新品' , `is_special` = 1 , `type` = 1 , `app_id` = 10003 , `create_time` = 1647488060 , `update_time` = 1647488060 [ RunTime:0.000551s ]
[2022-03-17T11:34:20+08:00][sql] INSERT INTO `jjjfood_category` SET `name` = '热卖' , `is_special` = 1 , `type` = 1 , `app_id` = 10003 , `create_time` = 1647488060 , `update_time` = 1647488060 [ RunTime:0.000830s ]
[2022-03-17T11:34:20+08:00][sql] INSERT INTO `jjjfood_category` SET `name` = '套餐' , `is_special` = 1 , `type` = 1 , `app_id` = 10003 , `create_time` = 1647488060 , `update_time` = 1647488060 [ RunTime:0.000629s ]
[2022-03-17T11:34:21+08:00][sql] CONNECT:[ UseTime:0.015947s ] mysql:host=127.0.0.1;port=3306;dbname=jjj_food_chain;charset=utf8mb4
[2022-03-17T11:34:21+08:00][sql] SHOW FULL COLUMNS FROM `jjjfood_app` [ RunTime:0.002682s ]
[2022-03-17T11:34:21+08:00][sql] SELECT COUNT(*) AS think_count FROM `jjjfood_app` `app` LEFT JOIN `jjjfood_shop_user` `user` ON `user`.`app_id`=`app`.`app_id` WHERE  `is_recycle` = 0  AND `user`.`is_super` = 1  AND `app`.`is_delete` = 0 [ RunTime:0.002854s ]
[2022-03-17T11:34:21+08:00][sql] SELECT app.*,user.user_name FROM `jjjfood_app` `app` LEFT JOIN `jjjfood_shop_user` `user` ON `user`.`app_id`=`app`.`app_id` WHERE  `is_recycle` = 0  AND `user`.`is_super` = 1  AND `app`.`is_delete` = 0 ORDER BY `create_time` ASC LIMIT 0,20 [ RunTime:0.000608s ]
