[2022-03-21T15:54:36+08:00][sql] CONNECT:[ UseTime:0.003405s ] mysql:host=127.0.0.1;port=3306;dbname=jjj_food_chain;charset=utf8mb4
[2022-03-21T15:54:36+08:00][sql] SHOW FULL COLUMNS FROM `jjjfood_shop_user` [ RunTime:0.230420s ]
[2022-03-21T15:54:36+08:00][sql] SELECT * FROM `jjjfood_shop_user` WHERE  `is_delete` = 0  AND `shop_user_id` = 0 LIMIT 1 [ RunTime:0.000678s ]
[2022-03-21T15:54:36+08:00][sql] SHOW FULL COLUMNS FROM `jjjfood_setting` [ RunTime:0.008244s ]
[2022-03-21T15:54:36+08:00][sql] SELECT `values` FROM `jjjfood_setting` WHERE  `key` = 'sys_config' LIMIT 1 [ RunTime:0.007921s ]
[2022-03-21T15:54:53+08:00][sql] CONNECT:[ UseTime:0.018106s ] mysql:host=127.0.0.1;port=3306;dbname=jjj_food_chain;charset=utf8mb4
[2022-03-21T15:54:53+08:00][sql] SHOW FULL COLUMNS FROM `jjjfood_admin_user` [ RunTime:0.030147s ]
[2022-03-21T15:54:53+08:00][sql] SELECT * FROM `jjjfood_admin_user` WHERE  `user_name` = 'admin'  AND `password` = '06e0213dcf92e986d383029494966903' LIMIT 1 [ RunTime:0.001053s ]
[2022-03-21T15:54:55+08:00][sql] CONNECT:[ UseTime:0.001949s ] mysql:host=127.0.0.1;port=3306;dbname=jjj_food_chain;charset=utf8mb4
[2022-03-21T15:54:55+08:00][sql] SHOW FULL COLUMNS FROM `jjjfood_app` [ RunTime:0.028958s ]
[2022-03-21T15:54:55+08:00][sql] SELECT COUNT(*) AS think_count FROM `jjjfood_app` `app` LEFT JOIN `jjjfood_shop_user` `user` ON `user`.`app_id`=`app`.`app_id` WHERE  `is_recycle` = 0  AND `user`.`is_super` = 1  AND `app`.`is_delete` = 0 [ RunTime:0.002310s ]
[2022-03-21T15:54:55+08:00][sql] SELECT app.*,user.user_name FROM `jjjfood_app` `app` LEFT JOIN `jjjfood_shop_user` `user` ON `user`.`app_id`=`app`.`app_id` WHERE  `is_recycle` = 0  AND `user`.`is_super` = 1  AND `app`.`is_delete` = 0 ORDER BY `create_time` ASC LIMIT 0,20 [ RunTime:0.000619s ]
[2022-03-21T15:54:56+08:00][sql] CONNECT:[ UseTime:0.021136s ] mysql:host=127.0.0.1;port=3306;dbname=jjj_food_chain;charset=utf8mb4
[2022-03-21T15:54:56+08:00][sql] SHOW FULL COLUMNS FROM `jjjfood_setting` [ RunTime:0.002570s ]
[2022-03-21T15:54:56+08:00][sql] SELECT `values` FROM `jjjfood_setting` WHERE  `key` = 'sys_config' LIMIT 1 [ RunTime:0.000494s ]
[2022-03-21T15:54:57+08:00][sql] CONNECT:[ UseTime:0.001325s ] mysql:host=127.0.0.1;port=3306;dbname=jjj_food_chain;charset=utf8mb4
[2022-03-21T15:54:57+08:00][sql] SHOW FULL COLUMNS FROM `jjjfood_shop_access` [ RunTime:0.003510s ]
[2022-03-21T15:54:57+08:00][sql] SELECT * FROM `jjjfood_shop_access` ORDER BY `sort` ASC,`create_time` ASC [ RunTime:0.036193s ]
[2022-03-21T15:54:59+08:00][sql] CONNECT:[ UseTime:0.010800s ] mysql:host=127.0.0.1;port=3306;dbname=jjj_food_chain;charset=utf8mb4
[2022-03-21T15:54:59+08:00][sql] SHOW FULL COLUMNS FROM `jjjfood_setting` [ RunTime:0.002322s ]
[2022-03-21T15:54:59+08:00][sql] SELECT `values` FROM `jjjfood_setting` WHERE  `key` = 'sys_config' LIMIT 1 [ RunTime:0.000471s ]
[2022-03-21T15:55:00+08:00][sql] CONNECT:[ UseTime:0.002173s ] mysql:host=127.0.0.1;port=3306;dbname=jjj_food_chain;charset=utf8mb4
[2022-03-21T15:55:00+08:00][sql] SHOW FULL COLUMNS FROM `jjjfood_message` [ RunTime:0.005308s ]
[2022-03-21T15:55:00+08:00][sql] SELECT * FROM `jjjfood_message` WHERE  `is_delete` = 0 ORDER BY `sort` ASC [ RunTime:0.000518s ]
[2022-03-21T15:55:02+08:00][sql] CONNECT:[ UseTime:0.014335s ] mysql:host=127.0.0.1;port=3306;dbname=jjj_food_chain;charset=utf8mb4
[2022-03-21T15:55:02+08:00][sql] SHOW FULL COLUMNS FROM `jjjfood_setting` [ RunTime:0.003019s ]
[2022-03-21T15:55:02+08:00][sql] SELECT `values` FROM `jjjfood_setting` WHERE  `key` = 'sys_config' LIMIT 1 [ RunTime:0.000728s ]
[2022-03-21T15:55:03+08:00][sql] CONNECT:[ UseTime:0.011795s ] mysql:host=127.0.0.1;port=3306;dbname=jjj_food_chain;charset=utf8mb4
[2022-03-21T15:55:03+08:00][sql] SHOW FULL COLUMNS FROM `jjjfood_app` [ RunTime:0.002468s ]
[2022-03-21T15:55:03+08:00][sql] SELECT COUNT(*) AS think_count FROM `jjjfood_app` `app` LEFT JOIN `jjjfood_shop_user` `user` ON `user`.`app_id`=`app`.`app_id` WHERE  `is_recycle` = 0  AND `user`.`is_super` = 1  AND `app`.`is_delete` = 0 [ RunTime:0.003507s ]
[2022-03-21T15:55:03+08:00][sql] SELECT app.*,user.user_name FROM `jjjfood_app` `app` LEFT JOIN `jjjfood_shop_user` `user` ON `user`.`app_id`=`app`.`app_id` WHERE  `is_recycle` = 0  AND `user`.`is_super` = 1  AND `app`.`is_delete` = 0 ORDER BY `create_time` ASC LIMIT 0,20 [ RunTime:0.001598s ]
[2022-03-21T15:55:08+08:00][sql] CONNECT:[ UseTime:0.024059s ] mysql:host=127.0.0.1;port=3306;dbname=jjj_food_chain;charset=utf8mb4
[2022-03-21T15:55:08+08:00][sql] SHOW FULL COLUMNS FROM `jjjfood_app` [ RunTime:0.002831s ]
[2022-03-21T15:55:08+08:00][sql] SELECT * FROM `jjjfood_app` WHERE  `app_id` = 10003 LIMIT 1 [ RunTime:0.000621s ]
[2022-03-21T15:55:08+08:00][sql] UPDATE `jjjfood_app`  SET `is_delete` = 1 , `update_time` = 1647849308  WHERE  `app_id` = 10003 [ RunTime:0.009338s ]
[2022-03-21T15:55:13+08:00][sql] CONNECT:[ UseTime:0.001519s ] mysql:host=127.0.0.1;port=3306;dbname=jjj_food_chain;charset=utf8mb4
[2022-03-21T15:55:13+08:00][sql] SHOW FULL COLUMNS FROM `jjjfood_app` [ RunTime:0.002429s ]
[2022-03-21T15:55:13+08:00][sql] SELECT COUNT(*) AS think_count FROM `jjjfood_app` `app` LEFT JOIN `jjjfood_shop_user` `user` ON `user`.`app_id`=`app`.`app_id` WHERE  `is_recycle` = 0  AND `user`.`is_super` = 1  AND `app`.`is_delete` = 0 [ RunTime:0.002340s ]
[2022-03-21T15:55:13+08:00][sql] SELECT app.*,user.user_name FROM `jjjfood_app` `app` LEFT JOIN `jjjfood_shop_user` `user` ON `user`.`app_id`=`app`.`app_id` WHERE  `is_recycle` = 0  AND `user`.`is_super` = 1  AND `app`.`is_delete` = 0 ORDER BY `create_time` ASC LIMIT 0,20 [ RunTime:0.000436s ]
[2022-03-21T15:55:41+08:00][sql] CONNECT:[ UseTime:0.019000s ] mysql:host=127.0.0.1;port=3306;dbname=jjj_food_chain;charset=utf8mb4
[2022-03-21T15:55:41+08:00][sql] SHOW FULL COLUMNS FROM `jjjfood_app` [ RunTime:0.003119s ]
[2022-03-21T15:55:41+08:00][sql] SHOW FULL COLUMNS FROM `jjjfood_shop_user` [ RunTime:0.002523s ]
[2022-03-21T15:55:41+08:00][sql] SELECT `shop_user_id` FROM `jjjfood_shop_user` WHERE  `user_name` = 'pcm' LIMIT 1 [ RunTime:0.000829s ]
[2022-03-21T15:55:41+08:00][sql] INSERT INTO `jjjfood_app` SET `is_chain` = 0 , `app_name` = 'pcm' , `create_time` = 1647849341 , `update_time` = 1647849341 [ RunTime:0.000391s ]
[2022-03-21T15:55:41+08:00][sql] SELECT `shop_user_id` FROM `jjjfood_shop_user` WHERE  `user_name` = 'pcm' LIMIT 1 [ RunTime:0.000298s ]
[2022-03-21T15:55:41+08:00][sql] INSERT INTO `jjjfood_shop_user` SET `user_name` = 'pcm' , `password` = '06e0213dcf92e986d383029494966903' , `app_id` = 10004 , `is_super` = 1 , `create_time` = 1647849341 , `update_time` = 1647849341 [ RunTime:0.000280s ]
[2022-03-21T15:55:41+08:00][sql] SHOW FULL COLUMNS FROM `jjjfood_page` [ RunTime:0.019366s ]
[2022-03-21T15:55:41+08:00][sql] INSERT INTO `jjjfood_page` SET `page_type` = 10 , `page_name` = '首页' , `page_data` = '{\"page\":{\"type\":\"page\",\"name\":\"\\u9875\\u9762\\u8bbe\\u7f6e\",\"params\":{\"name\":\"\\u9875\\u9762\\u6807\\u9898\",\"title\":\"\\u9875\\u9762\\u6807\\u9898\",\"share_title\":\"\\u5206\\u4eab\\u6807\\u9898\"},\"style\":{\"titleTextColor\":\"black\",\"titleBackgroundColor\":\"#ffffff\"}},\"items\":[{\"type\":\"search\",\"name\":\"\\u641c\\u7d22\\u6846\",\"params\":{\"placeholder\":\"\\u641c\\u7d22\\u5546\\u54c1\"},\"style\":{\"textAlign\":\"center\",\"searchStyle\":\"radius\"}},{\"type\":\"banner\",\"name\":\"\\u56fe\\u7247\\u8f6e\\u64ad\",\"style\":{\"btnColor\":\"#ffffff\",\"btnShape\":\"round\"},\"params\":{\"interval\":\"2800\"},\"data\":[{\"imgUrl\":\"http:\\/\\/localhost:8081\\/assets\\/store\\/img\\/diy\\/banner\\/01.png\",\"linkUrl\":\"\"},{\"imgUrl\":\"http:\\/\\/localhost:8081\\/assets\\/store\\/img\\/diy\\/banner\\/01.png\",\"linkUrl\":\"\"}]}]}' , `app_id` = 10004 , `create_time` = 1647849341 , `update_time` = 1647849341 [ RunTime:0.000641s ]
[2022-03-21T15:55:41+08:00][sql] SHOW FULL COLUMNS FROM `jjjfood_user_grade` [ RunTime:0.040923s ]
[2022-03-21T15:55:41+08:00][sql] INSERT INTO `jjjfood_user_grade` SET `name` = '普通会员' , `is_default` = 1 , `remark` = '新用户即为该等级' , `app_id` = 10004 , `create_time` = 1647849341 , `update_time` = 1647849341 [ RunTime:0.000767s ]
[2022-03-21T15:55:45+08:00][sql] CONNECT:[ UseTime:0.011086s ] mysql:host=127.0.0.1;port=3306;dbname=jjj_food_chain;charset=utf8mb4
[2022-03-21T15:55:45+08:00][sql] SHOW FULL COLUMNS FROM `jjjfood_app` [ RunTime:0.002378s ]
[2022-03-21T15:55:45+08:00][sql] SHOW FULL COLUMNS FROM `jjjfood_shop_user` [ RunTime:0.002077s ]
[2022-03-21T15:55:45+08:00][sql] SELECT `shop_user_id` FROM `jjjfood_shop_user` WHERE  `user_name` = 'pcm' LIMIT 1 [ RunTime:0.000422s ]
[2022-03-21T15:55:45+08:00][sql] INSERT INTO `jjjfood_app` SET `is_chain` = 0 , `app_name` = 'pcm' , `create_time` = 1647849345 , `update_time` = 1647849345 [ RunTime:0.000314s ]
[2022-03-21T15:55:45+08:00][sql] SELECT `shop_user_id` FROM `jjjfood_shop_user` WHERE  `user_name` = 'pcm' LIMIT 1 [ RunTime:0.000296s ]
[2022-03-21T15:55:45+08:00][sql] INSERT INTO `jjjfood_shop_user` SET `user_name` = 'pcm' , `password` = '06e0213dcf92e986d383029494966903' , `app_id` = 10005 , `is_super` = 1 , `create_time` = 1647849345 , `update_time` = 1647849345 [ RunTime:0.000350s ]
[2022-03-21T15:55:45+08:00][sql] SHOW FULL COLUMNS FROM `jjjfood_page` [ RunTime:0.002094s ]
[2022-03-21T15:55:45+08:00][sql] INSERT INTO `jjjfood_page` SET `page_type` = 10 , `page_name` = '首页' , `page_data` = '{\"page\":{\"type\":\"page\",\"name\":\"\\u9875\\u9762\\u8bbe\\u7f6e\",\"params\":{\"name\":\"\\u9875\\u9762\\u6807\\u9898\",\"title\":\"\\u9875\\u9762\\u6807\\u9898\",\"share_title\":\"\\u5206\\u4eab\\u6807\\u9898\"},\"style\":{\"titleTextColor\":\"black\",\"titleBackgroundColor\":\"#ffffff\"}},\"items\":[{\"type\":\"search\",\"name\":\"\\u641c\\u7d22\\u6846\",\"params\":{\"placeholder\":\"\\u641c\\u7d22\\u5546\\u54c1\"},\"style\":{\"textAlign\":\"center\",\"searchStyle\":\"radius\"}},{\"type\":\"banner\",\"name\":\"\\u56fe\\u7247\\u8f6e\\u64ad\",\"style\":{\"btnColor\":\"#ffffff\",\"btnShape\":\"round\"},\"params\":{\"interval\":\"2800\"},\"data\":[{\"imgUrl\":\"http:\\/\\/localhost:8081\\/assets\\/store\\/img\\/diy\\/banner\\/01.png\",\"linkUrl\":\"\"},{\"imgUrl\":\"http:\\/\\/localhost:8081\\/assets\\/store\\/img\\/diy\\/banner\\/01.png\",\"linkUrl\":\"\"}]}]}' , `app_id` = 10005 , `create_time` = 1647849345 , `update_time` = 1647849345 [ RunTime:0.000322s ]
[2022-03-21T15:55:45+08:00][sql] SHOW FULL COLUMNS FROM `jjjfood_user_grade` [ RunTime:0.003083s ]
[2022-03-21T15:55:45+08:00][sql] INSERT INTO `jjjfood_user_grade` SET `name` = '普通会员' , `is_default` = 1 , `remark` = '新用户即为该等级' , `app_id` = 10005 , `create_time` = 1647849345 , `update_time` = 1647849345 [ RunTime:0.000377s ]
[2022-03-21T15:55:47+08:00][sql] CONNECT:[ UseTime:0.017672s ] mysql:host=127.0.0.1;port=3306;dbname=jjj_food_chain;charset=utf8mb4
[2022-03-21T15:55:47+08:00][sql] SHOW FULL COLUMNS FROM `jjjfood_app` [ RunTime:0.002621s ]
[2022-03-21T15:55:47+08:00][sql] SHOW FULL COLUMNS FROM `jjjfood_shop_user` [ RunTime:0.003520s ]
[2022-03-21T15:55:47+08:00][sql] SELECT `shop_user_id` FROM `jjjfood_shop_user` WHERE  `user_name` = 'pcm' LIMIT 1 [ RunTime:0.000563s ]
[2022-03-21T15:55:47+08:00][sql] INSERT INTO `jjjfood_app` SET `is_chain` = 0 , `app_name` = 'pcm' , `create_time` = 1647849347 , `update_time` = 1647849347 [ RunTime:0.000425s ]
[2022-03-21T15:55:47+08:00][sql] SELECT `shop_user_id` FROM `jjjfood_shop_user` WHERE  `user_name` = 'pcm' LIMIT 1 [ RunTime:0.000461s ]
[2022-03-21T15:55:47+08:00][sql] INSERT INTO `jjjfood_shop_user` SET `user_name` = 'pcm' , `password` = '06e0213dcf92e986d383029494966903' , `app_id` = 10006 , `is_super` = 1 , `create_time` = 1647849347 , `update_time` = 1647849347 [ RunTime:0.000337s ]
[2022-03-21T15:55:47+08:00][sql] SHOW FULL COLUMNS FROM `jjjfood_page` [ RunTime:0.002193s ]
[2022-03-21T15:55:47+08:00][sql] INSERT INTO `jjjfood_page` SET `page_type` = 10 , `page_name` = '首页' , `page_data` = '{\"page\":{\"type\":\"page\",\"name\":\"\\u9875\\u9762\\u8bbe\\u7f6e\",\"params\":{\"name\":\"\\u9875\\u9762\\u6807\\u9898\",\"title\":\"\\u9875\\u9762\\u6807\\u9898\",\"share_title\":\"\\u5206\\u4eab\\u6807\\u9898\"},\"style\":{\"titleTextColor\":\"black\",\"titleBackgroundColor\":\"#ffffff\"}},\"items\":[{\"type\":\"search\",\"name\":\"\\u641c\\u7d22\\u6846\",\"params\":{\"placeholder\":\"\\u641c\\u7d22\\u5546\\u54c1\"},\"style\":{\"textAlign\":\"center\",\"searchStyle\":\"radius\"}},{\"type\":\"banner\",\"name\":\"\\u56fe\\u7247\\u8f6e\\u64ad\",\"style\":{\"btnColor\":\"#ffffff\",\"btnShape\":\"round\"},\"params\":{\"interval\":\"2800\"},\"data\":[{\"imgUrl\":\"http:\\/\\/localhost:8081\\/assets\\/store\\/img\\/diy\\/banner\\/01.png\",\"linkUrl\":\"\"},{\"imgUrl\":\"http:\\/\\/localhost:8081\\/assets\\/store\\/img\\/diy\\/banner\\/01.png\",\"linkUrl\":\"\"}]}]}' , `app_id` = 10006 , `create_time` = 1647849347 , `update_time` = 1647849347 [ RunTime:0.000344s ]
[2022-03-21T15:55:47+08:00][sql] SHOW FULL COLUMNS FROM `jjjfood_user_grade` [ RunTime:0.002248s ]
[2022-03-21T15:55:47+08:00][sql] INSERT INTO `jjjfood_user_grade` SET `name` = '普通会员' , `is_default` = 1 , `remark` = '新用户即为该等级' , `app_id` = 10006 , `create_time` = 1647849347 , `update_time` = 1647849347 [ RunTime:0.000332s ]
[2022-03-21T15:55:50+08:00][sql] CONNECT:[ UseTime:0.018707s ] mysql:host=127.0.0.1;port=3306;dbname=jjj_food_chain;charset=utf8mb4
[2022-03-21T15:55:50+08:00][sql] SHOW FULL COLUMNS FROM `jjjfood_app` [ RunTime:0.002381s ]
[2022-03-21T15:55:50+08:00][sql] SHOW FULL COLUMNS FROM `jjjfood_shop_user` [ RunTime:0.002097s ]
[2022-03-21T15:55:50+08:00][sql] SELECT `shop_user_id` FROM `jjjfood_shop_user` WHERE  `user_name` = 'pcm' LIMIT 1 [ RunTime:0.000439s ]
[2022-03-21T15:55:50+08:00][sql] INSERT INTO `jjjfood_app` SET `is_chain` = 0 , `app_name` = 'pcm' , `create_time` = 1647849349 , `update_time` = 1647849349 [ RunTime:0.000326s ]
[2022-03-21T15:55:50+08:00][sql] SELECT `shop_user_id` FROM `jjjfood_shop_user` WHERE  `user_name` = 'pcm' LIMIT 1 [ RunTime:0.000302s ]
[2022-03-21T15:55:50+08:00][sql] INSERT INTO `jjjfood_shop_user` SET `user_name` = 'pcm' , `password` = '06e0213dcf92e986d383029494966903' , `app_id` = 10007 , `is_super` = 1 , `create_time` = 1647849349 , `update_time` = 1647849349 [ RunTime:0.004073s ]
[2022-03-21T15:55:50+08:00][sql] SHOW FULL COLUMNS FROM `jjjfood_page` [ RunTime:0.156808s ]
[2022-03-21T15:55:50+08:00][sql] INSERT INTO `jjjfood_page` SET `page_type` = 10 , `page_name` = '首页' , `page_data` = '{\"page\":{\"type\":\"page\",\"name\":\"\\u9875\\u9762\\u8bbe\\u7f6e\",\"params\":{\"name\":\"\\u9875\\u9762\\u6807\\u9898\",\"title\":\"\\u9875\\u9762\\u6807\\u9898\",\"share_title\":\"\\u5206\\u4eab\\u6807\\u9898\"},\"style\":{\"titleTextColor\":\"black\",\"titleBackgroundColor\":\"#ffffff\"}},\"items\":[{\"type\":\"search\",\"name\":\"\\u641c\\u7d22\\u6846\",\"params\":{\"placeholder\":\"\\u641c\\u7d22\\u5546\\u54c1\"},\"style\":{\"textAlign\":\"center\",\"searchStyle\":\"radius\"}},{\"type\":\"banner\",\"name\":\"\\u56fe\\u7247\\u8f6e\\u64ad\",\"style\":{\"btnColor\":\"#ffffff\",\"btnShape\":\"round\"},\"params\":{\"interval\":\"2800\"},\"data\":[{\"imgUrl\":\"http:\\/\\/localhost:8081\\/assets\\/store\\/img\\/diy\\/banner\\/01.png\",\"linkUrl\":\"\"},{\"imgUrl\":\"http:\\/\\/localhost:8081\\/assets\\/store\\/img\\/diy\\/banner\\/01.png\",\"linkUrl\":\"\"}]}]}' , `app_id` = 10007 , `create_time` = 1647849350 , `update_time` = 1647849350 [ RunTime:0.000468s ]
[2022-03-21T15:55:50+08:00][sql] SHOW FULL COLUMNS FROM `jjjfood_user_grade` [ RunTime:0.005198s ]
[2022-03-21T15:55:50+08:00][sql] INSERT INTO `jjjfood_user_grade` SET `name` = '普通会员' , `is_default` = 1 , `remark` = '新用户即为该等级' , `app_id` = 10007 , `create_time` = 1647849350 , `update_time` = 1647849350 [ RunTime:0.000415s ]
[2022-03-21T15:55:52+08:00][sql] CONNECT:[ UseTime:0.012186s ] mysql:host=127.0.0.1;port=3306;dbname=jjj_food_chain;charset=utf8mb4
[2022-03-21T15:55:52+08:00][sql] SHOW FULL COLUMNS FROM `jjjfood_app` [ RunTime:0.276441s ]
[2022-03-21T15:55:52+08:00][sql] SHOW FULL COLUMNS FROM `jjjfood_shop_user` [ RunTime:0.002207s ]
[2022-03-21T15:55:52+08:00][sql] SELECT `shop_user_id` FROM `jjjfood_shop_user` WHERE  `user_name` = 'pcm' LIMIT 1 [ RunTime:0.000506s ]
[2022-03-21T15:55:52+08:00][sql] INSERT INTO `jjjfood_app` SET `is_chain` = 0 , `app_name` = 'pcm' , `create_time` = 1647849352 , `update_time` = 1647849352 [ RunTime:0.000333s ]
[2022-03-21T15:55:52+08:00][sql] SELECT `shop_user_id` FROM `jjjfood_shop_user` WHERE  `user_name` = 'pcm' LIMIT 1 [ RunTime:0.000317s ]
[2022-03-21T15:55:52+08:00][sql] INSERT INTO `jjjfood_shop_user` SET `user_name` = 'pcm' , `password` = '06e0213dcf92e986d383029494966903' , `app_id` = 10008 , `is_super` = 1 , `create_time` = 1647849352 , `update_time` = 1647849352 [ RunTime:0.000283s ]
[2022-03-21T15:55:52+08:00][sql] SHOW FULL COLUMNS FROM `jjjfood_page` [ RunTime:0.002992s ]
[2022-03-21T15:55:52+08:00][sql] INSERT INTO `jjjfood_page` SET `page_type` = 10 , `page_name` = '首页' , `page_data` = '{\"page\":{\"type\":\"page\",\"name\":\"\\u9875\\u9762\\u8bbe\\u7f6e\",\"params\":{\"name\":\"\\u9875\\u9762\\u6807\\u9898\",\"title\":\"\\u9875\\u9762\\u6807\\u9898\",\"share_title\":\"\\u5206\\u4eab\\u6807\\u9898\"},\"style\":{\"titleTextColor\":\"black\",\"titleBackgroundColor\":\"#ffffff\"}},\"items\":[{\"type\":\"search\",\"name\":\"\\u641c\\u7d22\\u6846\",\"params\":{\"placeholder\":\"\\u641c\\u7d22\\u5546\\u54c1\"},\"style\":{\"textAlign\":\"center\",\"searchStyle\":\"radius\"}},{\"type\":\"banner\",\"name\":\"\\u56fe\\u7247\\u8f6e\\u64ad\",\"style\":{\"btnColor\":\"#ffffff\",\"btnShape\":\"round\"},\"params\":{\"interval\":\"2800\"},\"data\":[{\"imgUrl\":\"http:\\/\\/localhost:8081\\/assets\\/store\\/img\\/diy\\/banner\\/01.png\",\"linkUrl\":\"\"},{\"imgUrl\":\"http:\\/\\/localhost:8081\\/assets\\/store\\/img\\/diy\\/banner\\/01.png\",\"linkUrl\":\"\"}]}]}' , `app_id` = 10008 , `create_time` = 1647849352 , `update_time` = 1647849352 [ RunTime:0.000475s ]
[2022-03-21T15:55:52+08:00][sql] SHOW FULL COLUMNS FROM `jjjfood_user_grade` [ RunTime:0.003104s ]
[2022-03-21T15:55:52+08:00][sql] INSERT INTO `jjjfood_user_grade` SET `name` = '普通会员' , `is_default` = 1 , `remark` = '新用户即为该等级' , `app_id` = 10008 , `create_time` = 1647849352 , `update_time` = 1647849352 [ RunTime:0.000656s ]
[2022-03-21T15:55:54+08:00][sql] CONNECT:[ UseTime:0.025254s ] mysql:host=127.0.0.1;port=3306;dbname=jjj_food_chain;charset=utf8mb4
[2022-03-21T15:55:54+08:00][sql] SHOW FULL COLUMNS FROM `jjjfood_app` [ RunTime:0.177665s ]
[2022-03-21T15:55:54+08:00][sql] SHOW FULL COLUMNS FROM `jjjfood_shop_user` [ RunTime:0.000928s ]
[2022-03-21T15:55:54+08:00][sql] SELECT `shop_user_id` FROM `jjjfood_shop_user` WHERE  `user_name` = 'pcm' LIMIT 1 [ RunTime:0.000471s ]
[2022-03-21T15:55:54+08:00][sql] INSERT INTO `jjjfood_app` SET `is_chain` = 0 , `app_name` = 'pcm' , `create_time` = 1647849354 , `update_time` = 1647849354 [ RunTime:0.000301s ]
[2022-03-21T15:55:54+08:00][sql] SELECT `shop_user_id` FROM `jjjfood_shop_user` WHERE  `user_name` = 'pcm' LIMIT 1 [ RunTime:0.000297s ]
[2022-03-21T15:55:54+08:00][sql] INSERT INTO `jjjfood_shop_user` SET `user_name` = 'pcm' , `password` = '06e0213dcf92e986d383029494966903' , `app_id` = 10009 , `is_super` = 1 , `create_time` = 1647849354 , `update_time` = 1647849354 [ RunTime:0.000296s ]
[2022-03-21T15:55:54+08:00][sql] SHOW FULL COLUMNS FROM `jjjfood_page` [ RunTime:0.002134s ]
[2022-03-21T15:55:54+08:00][sql] INSERT INTO `jjjfood_page` SET `page_type` = 10 , `page_name` = '首页' , `page_data` = '{\"page\":{\"type\":\"page\",\"name\":\"\\u9875\\u9762\\u8bbe\\u7f6e\",\"params\":{\"name\":\"\\u9875\\u9762\\u6807\\u9898\",\"title\":\"\\u9875\\u9762\\u6807\\u9898\",\"share_title\":\"\\u5206\\u4eab\\u6807\\u9898\"},\"style\":{\"titleTextColor\":\"black\",\"titleBackgroundColor\":\"#ffffff\"}},\"items\":[{\"type\":\"search\",\"name\":\"\\u641c\\u7d22\\u6846\",\"params\":{\"placeholder\":\"\\u641c\\u7d22\\u5546\\u54c1\"},\"style\":{\"textAlign\":\"center\",\"searchStyle\":\"radius\"}},{\"type\":\"banner\",\"name\":\"\\u56fe\\u7247\\u8f6e\\u64ad\",\"style\":{\"btnColor\":\"#ffffff\",\"btnShape\":\"round\"},\"params\":{\"interval\":\"2800\"},\"data\":[{\"imgUrl\":\"http:\\/\\/localhost:8081\\/assets\\/store\\/img\\/diy\\/banner\\/01.png\",\"linkUrl\":\"\"},{\"imgUrl\":\"http:\\/\\/localhost:8081\\/assets\\/store\\/img\\/diy\\/banner\\/01.png\",\"linkUrl\":\"\"}]}]}' , `app_id` = 10009 , `create_time` = 1647849354 , `update_time` = 1647849354 [ RunTime:0.000335s ]
[2022-03-21T15:55:54+08:00][sql] SHOW FULL COLUMNS FROM `jjjfood_user_grade` [ RunTime:0.002129s ]
[2022-03-21T15:55:54+08:00][sql] INSERT INTO `jjjfood_user_grade` SET `name` = '普通会员' , `is_default` = 1 , `remark` = '新用户即为该等级' , `app_id` = 10009 , `create_time` = 1647849354 , `update_time` = 1647849354 [ RunTime:0.000332s ]
[2022-03-21T15:55:56+08:00][sql] CONNECT:[ UseTime:0.002490s ] mysql:host=127.0.0.1;port=3306;dbname=jjj_food_chain;charset=utf8mb4
[2022-03-21T15:55:56+08:00][sql] SHOW FULL COLUMNS FROM `jjjfood_app` [ RunTime:0.002673s ]
[2022-03-21T15:55:56+08:00][sql] SELECT COUNT(*) AS think_count FROM `jjjfood_app` `app` LEFT JOIN `jjjfood_shop_user` `user` ON `user`.`app_id`=`app`.`app_id` WHERE  `is_recycle` = 0  AND `user`.`is_super` = 1  AND `app`.`is_delete` = 0 [ RunTime:0.002199s ]
[2022-03-21T15:55:56+08:00][sql] SELECT app.*,user.user_name FROM `jjjfood_app` `app` LEFT JOIN `jjjfood_shop_user` `user` ON `user`.`app_id`=`app`.`app_id` WHERE  `is_recycle` = 0  AND `user`.`is_super` = 1  AND `app`.`is_delete` = 0 ORDER BY `create_time` ASC LIMIT 0,20 [ RunTime:0.000473s ]
[2022-03-21T15:56:24+08:00][sql] CONNECT:[ UseTime:0.016563s ] mysql:host=127.0.0.1;port=3306;dbname=jjj_food_chain;charset=utf8mb4
[2022-03-21T15:56:24+08:00][sql] SHOW FULL COLUMNS FROM `jjjfood_app` [ RunTime:0.001680s ]
[2022-03-21T15:56:24+08:00][sql] SHOW FULL COLUMNS FROM `jjjfood_shop_user` [ RunTime:0.001115s ]
[2022-03-21T15:56:24+08:00][sql] SELECT `shop_user_id` FROM `jjjfood_shop_user` WHERE  `user_name` = 'pcm' LIMIT 1 [ RunTime:0.000439s ]
[2022-03-21T15:56:24+08:00][sql] INSERT INTO `jjjfood_app` SET `is_chain` = 0 , `app_name` = 'pcm' , `create_time` = 1647849384 , `update_time` = 1647849384 [ RunTime:0.000305s ]
[2022-03-21T15:56:24+08:00][sql] SELECT `shop_user_id` FROM `jjjfood_shop_user` WHERE  `user_name` = 'pcm' LIMIT 1 [ RunTime:0.000302s ]
[2022-03-21T15:56:24+08:00][sql] INSERT INTO `jjjfood_shop_user` SET `user_name` = 'pcm' , `password` = '06e0213dcf92e986d383029494966903' , `app_id` = 10010 , `is_super` = 1 , `create_time` = 1647849384 , `update_time` = 1647849384 [ RunTime:0.000313s ]
[2022-03-21T15:56:24+08:00][sql] SHOW FULL COLUMNS FROM `jjjfood_page` [ RunTime:0.002099s ]
[2022-03-21T15:56:24+08:00][sql] INSERT INTO `jjjfood_page` SET `page_type` = 10 , `page_name` = '首页' , `page_data` = '{\"page\":{\"type\":\"page\",\"name\":\"\\u9875\\u9762\\u8bbe\\u7f6e\",\"params\":{\"name\":\"\\u9875\\u9762\\u6807\\u9898\",\"title\":\"\\u9875\\u9762\\u6807\\u9898\",\"share_title\":\"\\u5206\\u4eab\\u6807\\u9898\"},\"style\":{\"titleTextColor\":\"black\",\"titleBackgroundColor\":\"#ffffff\"}},\"items\":[{\"type\":\"search\",\"name\":\"\\u641c\\u7d22\\u6846\",\"params\":{\"placeholder\":\"\\u641c\\u7d22\\u5546\\u54c1\"},\"style\":{\"textAlign\":\"center\",\"searchStyle\":\"radius\"}},{\"type\":\"banner\",\"name\":\"\\u56fe\\u7247\\u8f6e\\u64ad\",\"style\":{\"btnColor\":\"#ffffff\",\"btnShape\":\"round\"},\"params\":{\"interval\":\"2800\"},\"data\":[{\"imgUrl\":\"http:\\/\\/localhost:8081\\/assets\\/store\\/img\\/diy\\/banner\\/01.png\",\"linkUrl\":\"\"},{\"imgUrl\":\"http:\\/\\/localhost:8081\\/assets\\/store\\/img\\/diy\\/banner\\/01.png\",\"linkUrl\":\"\"}]}]}' , `app_id` = 10010 , `create_time` = 1647849384 , `update_time` = 1647849384 [ RunTime:0.000335s ]
[2022-03-21T15:56:24+08:00][sql] SHOW FULL COLUMNS FROM `jjjfood_user_grade` [ RunTime:0.002331s ]
[2022-03-21T15:56:24+08:00][sql] INSERT INTO `jjjfood_user_grade` SET `name` = '普通会员' , `is_default` = 1 , `remark` = '新用户即为该等级' , `app_id` = 10010 , `create_time` = 1647849384 , `update_time` = 1647849384 [ RunTime:0.000318s ]
[2022-03-21T15:56:29+08:00][sql] CONNECT:[ UseTime:0.002822s ] mysql:host=127.0.0.1;port=3306;dbname=jjj_food_chain;charset=utf8mb4
[2022-03-21T15:56:29+08:00][sql] SHOW FULL COLUMNS FROM `jjjfood_app` [ RunTime:0.004366s ]
[2022-03-21T15:56:29+08:00][sql] SELECT COUNT(*) AS think_count FROM `jjjfood_app` `app` LEFT JOIN `jjjfood_shop_user` `user` ON `user`.`app_id`=`app`.`app_id` WHERE  `is_recycle` = 0  AND `user`.`is_super` = 1  AND `app`.`is_delete` = 0 [ RunTime:0.002595s ]
[2022-03-21T15:56:29+08:00][sql] SELECT app.*,user.user_name FROM `jjjfood_app` `app` LEFT JOIN `jjjfood_shop_user` `user` ON `user`.`app_id`=`app`.`app_id` WHERE  `is_recycle` = 0  AND `user`.`is_super` = 1  AND `app`.`is_delete` = 0 ORDER BY `create_time` ASC LIMIT 0,20 [ RunTime:0.000573s ]
[2022-03-21T15:56:33+08:00][sql] CONNECT:[ UseTime:0.001317s ] mysql:host=127.0.0.1;port=3306;dbname=jjj_food_chain;charset=utf8mb4
[2022-03-21T15:56:33+08:00][sql] SHOW FULL COLUMNS FROM `jjjfood_shop_user` [ RunTime:0.003297s ]
[2022-03-21T15:56:33+08:00][sql] SELECT * FROM `jjjfood_shop_user` WHERE  `is_delete` = 0  AND `shop_user_id` = 0 LIMIT 1 [ RunTime:0.000562s ]
[2022-03-21T15:56:33+08:00][sql] SHOW FULL COLUMNS FROM `jjjfood_setting` [ RunTime:0.002291s ]
[2022-03-21T15:56:33+08:00][sql] SELECT `values` FROM `jjjfood_setting` WHERE  `key` = 'sys_config' LIMIT 1 [ RunTime:0.000354s ]
[2022-03-21T15:56:45+08:00][sql] CONNECT:[ UseTime:0.001376s ] mysql:host=127.0.0.1;port=3306;dbname=jjj_food_chain;charset=utf8mb4
[2022-03-21T15:56:45+08:00][sql] SHOW FULL COLUMNS FROM `jjjfood_shop_user` [ RunTime:0.002397s ]
[2022-03-21T15:56:45+08:00][sql] SELECT * FROM `jjjfood_shop_user` WHERE  `is_delete` = 0  AND `shop_user_id` = 0 LIMIT 1 [ RunTime:0.000434s ]
[2022-03-21T15:56:45+08:00][sql] SELECT * FROM `jjjfood_shop_user` WHERE  `user_name` = 'admin'  AND `password` = '06e0213dcf92e986d383029494966903'  AND `is_delete` = 0 LIMIT 1 [ RunTime:0.000444s ]
[2022-03-21T15:56:45+08:00][sql] SHOW FULL COLUMNS FROM `jjjfood_app` [ RunTime:0.002412s ]
[2022-03-21T15:56:45+08:00][sql] SELECT * FROM `jjjfood_app` WHERE  `app_id` = 10001 [ RunTime:0.000377s ]
[2022-03-21T15:56:45+08:00][sql] SHOW FULL COLUMNS FROM `jjjfood_supplier` [ RunTime:0.030612s ]
[2022-03-21T15:56:45+08:00][sql] SELECT * FROM `jjjfood_supplier` WHERE  `shop_supplier_id` = 10001 [ RunTime:0.000466s ]
[2022-03-21T15:56:45+08:00][sql] SHOW FULL COLUMNS FROM `jjjfood_shop_login_log` [ RunTime:0.010546s ]
[2022-03-21T15:56:45+08:00][sql] INSERT INTO `jjjfood_shop_login_log` SET `username` = 'admin' , `ip` = '127.0.0.1' , `result` = '登录成功' , `app_id` = 10001 , `create_time` = 1647849405 [ RunTime:0.000285s ]
[2022-03-21T15:56:45+08:00][sql] CONNECT:[ UseTime:0.001947s ] mysql:host=127.0.0.1;port=3306;dbname=jjj_food_chain;charset=utf8mb4
[2022-03-21T15:56:45+08:00][sql] SHOW FULL COLUMNS FROM `jjjfood_setting` [ RunTime:0.002683s ]
[2022-03-21T15:56:45+08:00][sql] SHOW FULL COLUMNS FROM `jjjfood_shop_opt_log` [ RunTime:0.029263s ]
[2022-03-21T15:56:45+08:00][sql] SHOW FULL COLUMNS FROM `jjjfood_shop_access` [ RunTime:0.002341s ]
[2022-03-21T15:56:45+08:00][sql] SELECT `name`,`path` FROM `jjjfood_shop_access` [ RunTime:0.000429s ]
[2022-03-21T15:56:45+08:00][sql] INSERT INTO `jjjfood_shop_opt_log` SET `shop_user_id` = 10001 , `ip` = '127.0.0.1' , `request_type` = 'Post' , `url` = '/auth/user/getRoleList' , `content` = '[]' , `browser` = 'Chrome' , `agent` = 'Mozilla/5.0 (Windows NT 10.0; Win64; x64) AppleWebKit/537.36 (KHTML, like Gecko) Chrome/99.0.4844.74 Safari/537.36 Edg/99.0.1150.46' , `title` = '' , `app_id` = 10001 , `create_time` = 1647849405 [ RunTime:0.000492s ]
[2022-03-21T15:56:45+08:00][sql] SHOW FULL COLUMNS FROM `jjjfood_shop_user` [ RunTime:0.002434s ]
[2022-03-21T15:56:45+08:00][sql] SELECT * FROM `jjjfood_shop_user` WHERE  `jjjfood_shop_user`.`app_id` = 10001  AND `is_delete` = 0  AND `shop_user_id` = 10001 LIMIT 1 [ RunTime:0.001165s ]
[2022-03-21T15:56:45+08:00][sql] SELECT * FROM `jjjfood_shop_user` WHERE  `jjjfood_shop_user`.`app_id` = 10001  AND `shop_user_id` = 10001 LIMIT 1 [ RunTime:0.000888s ]
[2022-03-21T15:56:45+08:00][sql] SELECT * FROM `jjjfood_shop_access` WHERE  `is_show` = 1 ORDER BY `sort` ASC,`create_time` ASC [ RunTime:0.001139s ]
[2022-03-21T15:56:46+08:00][sql] CONNECT:[ UseTime:0.012646s ] mysql:host=127.0.0.1;port=3306;dbname=jjj_food_chain;charset=utf8mb4
[2022-03-21T15:56:46+08:00][sql] SHOW FULL COLUMNS FROM `jjjfood_setting` [ RunTime:0.000906s ]
[2022-03-21T15:56:46+08:00][sql] SHOW FULL COLUMNS FROM `jjjfood_shop_opt_log` [ RunTime:0.002934s ]
[2022-03-21T15:56:46+08:00][sql] INSERT INTO `jjjfood_shop_opt_log` SET `shop_user_id` = 10001 , `ip` = '127.0.0.1' , `request_type` = 'Post' , `url` = '/statistics/sales/order' , `content` = '{\"search_time\":[\"2022-03-14\",\"2022-03-21\"],\"type\":\"order\"}' , `browser` = 'Chrome' , `agent` = 'Mozilla/5.0 (Windows NT 10.0; Win64; x64) AppleWebKit/537.36 (KHTML, like Gecko) Chrome/99.0.4844.74 Safari/537.36 Edg/99.0.1150.46' , `title` = '' , `app_id` = 10001 , `create_time` = 1647849406 [ RunTime:0.000557s ]
[2022-03-21T15:56:46+08:00][sql] SHOW FULL COLUMNS FROM `jjjfood_shop_user` [ RunTime:0.002205s ]
[2022-03-21T15:56:46+08:00][sql] SELECT * FROM `jjjfood_shop_user` WHERE  `jjjfood_shop_user`.`app_id` = 10001  AND `is_delete` = 0  AND `shop_user_id` = 10001 LIMIT 1 [ RunTime:0.000407s ]
[2022-03-21T15:56:46+08:00][sql] SHOW FULL COLUMNS FROM `jjjfood_order` [ RunTime:0.005394s ]
[2022-03-21T15:56:46+08:00][sql] SELECT SUM(`pay_price`) AS think_sum FROM `jjjfood_order` WHERE  `jjjfood_order`.`app_id` = 10001  AND `pay_time` >= 1647187200  AND `pay_time` < 1647273600  AND `is_delete` = 0  AND `pay_status` = 20  AND `order_status` <> 20 [ RunTime:0.000911s ]
[2022-03-21T15:56:46+08:00][sql] SELECT COUNT(*) AS think_count FROM `jjjfood_order` WHERE  `jjjfood_order`.`app_id` = 10001  AND `pay_time` >= 1647187200  AND `pay_time` < 1647273600  AND `is_delete` = 0  AND `pay_status` = 20  AND `order_status` <> 20 [ RunTime:0.001323s ]
[2022-03-21T15:56:46+08:00][sql] SELECT SUM(`pay_price`) AS think_sum FROM `jjjfood_order` WHERE  `jjjfood_order`.`app_id` = 10001  AND `pay_time` >= 1647273600  AND `pay_time` < 1647360000  AND `is_delete` = 0  AND `pay_status` = 20  AND `order_status` <> 20 [ RunTime:0.000817s ]
[2022-03-21T15:56:46+08:00][sql] SELECT COUNT(*) AS think_count FROM `jjjfood_order` WHERE  `jjjfood_order`.`app_id` = 10001  AND `pay_time` >= 1647273600  AND `pay_time` < 1647360000  AND `is_delete` = 0  AND `pay_status` = 20  AND `order_status` <> 20 [ RunTime:0.000552s ]
[2022-03-21T15:56:46+08:00][sql] SELECT SUM(`pay_price`) AS think_sum FROM `jjjfood_order` WHERE  `jjjfood_order`.`app_id` = 10001  AND `pay_time` >= 1647360000  AND `pay_time` < 1647446400  AND `is_delete` = 0  AND `pay_status` = 20  AND `order_status` <> 20 [ RunTime:0.000497s ]
[2022-03-21T15:56:46+08:00][sql] SELECT COUNT(*) AS think_count FROM `jjjfood_order` WHERE  `jjjfood_order`.`app_id` = 10001  AND `pay_time` >= 1647360000  AND `pay_time` < 1647446400  AND `is_delete` = 0  AND `pay_status` = 20  AND `order_status` <> 20 [ RunTime:0.000381s ]
[2022-03-21T15:56:46+08:00][sql] SELECT SUM(`pay_price`) AS think_sum FROM `jjjfood_order` WHERE  `jjjfood_order`.`app_id` = 10001  AND `pay_time` >= 1647446400  AND `pay_time` < 1647532800  AND `is_delete` = 0  AND `pay_status` = 20  AND `order_status` <> 20 [ RunTime:0.000349s ]
[2022-03-21T15:56:46+08:00][sql] SELECT COUNT(*) AS think_count FROM `jjjfood_order` WHERE  `jjjfood_order`.`app_id` = 10001  AND `pay_time` >= 1647446400  AND `pay_time` < 1647532800  AND `is_delete` = 0  AND `pay_status` = 20  AND `order_status` <> 20 [ RunTime:0.000328s ]
[2022-03-21T15:56:46+08:00][sql] SELECT SUM(`pay_price`) AS think_sum FROM `jjjfood_order` WHERE  `jjjfood_order`.`app_id` = 10001  AND `pay_time` >= 1647532800  AND `pay_time` < 1647619200  AND `is_delete` = 0  AND `pay_status` = 20  AND `order_status` <> 20 [ RunTime:0.000334s ]
[2022-03-21T15:56:46+08:00][sql] SELECT COUNT(*) AS think_count FROM `jjjfood_order` WHERE  `jjjfood_order`.`app_id` = 10001  AND `pay_time` >= 1647532800  AND `pay_time` < 1647619200  AND `is_delete` = 0  AND `pay_status` = 20  AND `order_status` <> 20 [ RunTime:0.000316s ]
[2022-03-21T15:56:46+08:00][sql] SELECT SUM(`pay_price`) AS think_sum FROM `jjjfood_order` WHERE  `jjjfood_order`.`app_id` = 10001  AND `pay_time` >= 1647619200  AND `pay_time` < 1647705600  AND `is_delete` = 0  AND `pay_status` = 20  AND `order_status` <> 20 [ RunTime:0.000322s ]
[2022-03-21T15:56:46+08:00][sql] SELECT COUNT(*) AS think_count FROM `jjjfood_order` WHERE  `jjjfood_order`.`app_id` = 10001  AND `pay_time` >= 1647619200  AND `pay_time` < 1647705600  AND `is_delete` = 0  AND `pay_status` = 20  AND `order_status` <> 20 [ RunTime:0.000351s ]
[2022-03-21T15:56:46+08:00][sql] SELECT SUM(`pay_price`) AS think_sum FROM `jjjfood_order` WHERE  `jjjfood_order`.`app_id` = 10001  AND `pay_time` >= 1647705600  AND `pay_time` < 1647792000  AND `is_delete` = 0  AND `pay_status` = 20  AND `order_status` <> 20 [ RunTime:0.000334s ]
[2022-03-21T15:56:46+08:00][sql] SELECT COUNT(*) AS think_count FROM `jjjfood_order` WHERE  `jjjfood_order`.`app_id` = 10001  AND `pay_time` >= 1647705600  AND `pay_time` < 1647792000  AND `is_delete` = 0  AND `pay_status` = 20  AND `order_status` <> 20 [ RunTime:0.000345s ]
[2022-03-21T15:56:46+08:00][sql] SELECT SUM(`pay_price`) AS think_sum FROM `jjjfood_order` WHERE  `jjjfood_order`.`app_id` = 10001  AND `pay_time` >= 1647792000  AND `pay_time` < 1647878400  AND `is_delete` = 0  AND `pay_status` = 20  AND `order_status` <> 20 [ RunTime:0.000333s ]
[2022-03-21T15:56:46+08:00][sql] SELECT COUNT(*) AS think_count FROM `jjjfood_order` WHERE  `jjjfood_order`.`app_id` = 10001  AND `pay_time` >= 1647792000  AND `pay_time` < 1647878400  AND `is_delete` = 0  AND `pay_status` = 20  AND `order_status` <> 20 [ RunTime:0.000327s ]
[2022-03-21T15:56:46+08:00][sql] CONNECT:[ UseTime:0.001580s ] mysql:host=127.0.0.1;port=3306;dbname=jjj_food_chain;charset=utf8mb4
[2022-03-21T15:56:46+08:00][sql] SHOW FULL COLUMNS FROM `jjjfood_setting` [ RunTime:0.002486s ]
[2022-03-21T15:56:46+08:00][sql] SHOW FULL COLUMNS FROM `jjjfood_shop_opt_log` [ RunTime:0.003754s ]
[2022-03-21T15:56:46+08:00][sql] INSERT INTO `jjjfood_shop_opt_log` SET `shop_user_id` = 10001 , `ip` = '127.0.0.1' , `request_type` = 'Post' , `url` = '/auth/user/getUserInfo' , `content` = '[]' , `browser` = 'Chrome' , `agent` = 'Mozilla/5.0 (Windows NT 10.0; Win64; x64) AppleWebKit/537.36 (KHTML, like Gecko) Chrome/99.0.4844.74 Safari/537.36 Edg/99.0.1150.46' , `title` = '' , `app_id` = 10001 , `create_time` = 1647849406 [ RunTime:0.000597s ]
[2022-03-21T15:56:46+08:00][sql] SHOW FULL COLUMNS FROM `jjjfood_shop_user` [ RunTime:0.000957s ]
[2022-03-21T15:56:46+08:00][sql] SELECT * FROM `jjjfood_shop_user` WHERE  `jjjfood_shop_user`.`app_id` = 10001  AND `is_delete` = 0  AND `shop_user_id` = 10001 LIMIT 1 [ RunTime:0.000398s ]
[2022-03-21T15:56:47+08:00][sql] CONNECT:[ UseTime:0.001568s ] mysql:host=127.0.0.1;port=3306;dbname=jjj_food_chain;charset=utf8mb4
[2022-03-21T15:56:47+08:00][sql] SHOW FULL COLUMNS FROM `jjjfood_setting` [ RunTime:0.002370s ]
[2022-03-21T15:56:47+08:00][sql] SHOW FULL COLUMNS FROM `jjjfood_shop_opt_log` [ RunTime:0.002145s ]
[2022-03-21T15:56:47+08:00][sql] INSERT INTO `jjjfood_shop_opt_log` SET `shop_user_id` = 10001 , `ip` = '127.0.0.1' , `request_type` = 'Post' , `url` = '/index/index' , `content` = '[]' , `browser` = 'Chrome' , `agent` = 'Mozilla/5.0 (Windows NT 10.0; Win64; x64) AppleWebKit/537.36 (KHTML, like Gecko) Chrome/99.0.4844.74 Safari/537.36 Edg/99.0.1150.46' , `title` = '' , `app_id` = 10001 , `create_time` = 1647849406 [ RunTime:0.000339s ]
[2022-03-21T15:56:47+08:00][sql] SHOW FULL COLUMNS FROM `jjjfood_shop_user` [ RunTime:0.002250s ]
[2022-03-21T15:56:47+08:00][sql] SELECT * FROM `jjjfood_shop_user` WHERE  `jjjfood_shop_user`.`app_id` = 10001  AND `is_delete` = 0  AND `shop_user_id` = 10001 LIMIT 1 [ RunTime:0.000311s ]
[2022-03-21T15:56:47+08:00][sql] SHOW FULL COLUMNS FROM `jjjfood_product` [ RunTime:0.027630s ]
[2022-03-21T15:56:47+08:00][sql] SHOW FULL COLUMNS FROM `jjjfood_order` [ RunTime:0.002508s ]
[2022-03-21T15:56:47+08:00][sql] SHOW FULL COLUMNS FROM `jjjfood_user` [ RunTime:0.023124s ]
[2022-03-21T15:56:47+08:00][sql] SELECT COUNT(*) AS think_count FROM `jjjfood_product` WHERE  `jjjfood_product`.`app_id` = 10001  AND `is_delete` = 0 [ RunTime:0.000548s ]
[2022-03-21T15:56:47+08:00][sql] SELECT COUNT(*) AS think_count FROM `jjjfood_user` WHERE  `jjjfood_user`.`app_id` = 10001  AND `is_delete` = 0 [ RunTime:0.000364s ]
[2022-03-21T15:56:47+08:00][sql] SELECT COUNT(*) AS think_count FROM `jjjfood_order` WHERE  `jjjfood_order`.`app_id` = 10001  AND `is_delete` = 0  AND `pay_status` = 20  AND `order_status` <> 20 [ RunTime:0.000364s ]
[2022-03-21T15:56:47+08:00][sql] SHOW FULL COLUMNS FROM `jjjfood_supplier` [ RunTime:0.002560s ]
[2022-03-21T15:56:47+08:00][sql] SELECT COUNT(*) AS think_count FROM `jjjfood_supplier` WHERE  `jjjfood_supplier`.`app_id` = 10001  AND `is_delete` = 0 [ RunTime:0.000316s ]
[2022-03-21T15:56:47+08:00][sql] SELECT SUM(`pay_price`) AS think_sum FROM `jjjfood_order` WHERE  `jjjfood_order`.`app_id` = 10001  AND `pay_status` = 20  AND `order_status` <> 20  AND `is_delete` = 0 [ RunTime:0.000244s ]
[2022-03-21T15:56:47+08:00][sql] SELECT SUM(`pay_price`) AS think_sum FROM `jjjfood_order` WHERE  `jjjfood_order`.`app_id` = 10001  AND `is_delete` = 0  AND `pay_status` = 20  AND `order_status` <> 20 [ RunTime:0.000228s ]
[2022-03-21T15:56:47+08:00][sql] SELECT SUM(`refund_money`) AS think_sum FROM `jjjfood_order` WHERE  `jjjfood_order`.`app_id` = 10001  AND `is_delete` = 0  AND `pay_status` = 20  AND `order_status` <> 20 [ RunTime:0.000244s ]
[2022-03-21T15:56:47+08:00][sql] SELECT COUNT(*) AS think_count FROM `jjjfood_order` WHERE  `jjjfood_order`.`app_id` = 10001  AND `pay_status` = 20  AND `delivery_status` = 10  AND `order_status` = 10 [ RunTime:0.000232s ]
[2022-03-21T15:56:47+08:00][sql] SELECT COUNT(*) AS think_count FROM `jjjfood_product` WHERE  `jjjfood_product`.`app_id` = 10001  AND `is_delete` = 0  AND `product_stock` < 20 [ RunTime:0.000222s ]
[2022-03-21T15:56:47+08:00][sql] SELECT SUM(`pay_price`) AS think_sum FROM `jjjfood_order` WHERE  `jjjfood_order`.`app_id` = 10001  AND `pay_time` >= 1647792000  AND `pay_time` < 1647878400  AND `pay_status` = 20  AND `order_status` <> 20  AND `is_delete` = 0 [ RunTime:0.000266s ]
[2022-03-21T15:56:47+08:00][sql] SELECT SUM(`pay_price`) AS think_sum FROM `jjjfood_order` WHERE  `jjjfood_order`.`app_id` = 10001  AND `pay_time` >= 1647705600  AND `pay_time` < 1647792000  AND `pay_status` = 20  AND `order_status` <> 20  AND `is_delete` = 0 [ RunTime:0.000229s ]
[2022-03-21T15:56:47+08:00][sql] SELECT COUNT(*) AS think_count FROM `jjjfood_order` WHERE  `jjjfood_order`.`app_id` = 10001  AND `pay_time` >= 1647792000  AND `pay_time` < 1647878400  AND `is_delete` = 0  AND `pay_status` = 20  AND `order_status` <> 20 [ RunTime:0.000249s ]
[2022-03-21T15:56:47+08:00][sql] SELECT COUNT(*) AS think_count FROM `jjjfood_order` WHERE  `jjjfood_order`.`app_id` = 10001  AND `pay_time` >= 1647705600  AND `pay_time` < 1647792000  AND `is_delete` = 0  AND `pay_status` = 20  AND `order_status` <> 20 [ RunTime:0.000226s ]
[2022-03-21T15:56:47+08:00][sql] SELECT COUNT(*) AS think_count FROM `jjjfood_user` WHERE  `jjjfood_user`.`app_id` = 10001  AND `create_time` >= 1647792000  AND `create_time` < 1647878400  AND `is_delete` = 0 [ RunTime:0.000221s ]
[2022-03-21T15:56:47+08:00][sql] SELECT COUNT(*) AS think_count FROM `jjjfood_user` WHERE  `jjjfood_user`.`app_id` = 10001  AND `create_time` >= 1647705600  AND `create_time` < 1647792000  AND `is_delete` = 0 [ RunTime:0.000253s ]
[2022-03-21T15:56:47+08:00][sql] SELECT COUNT(*) AS think_count FROM `jjjfood_supplier` WHERE  `jjjfood_supplier`.`app_id` = 10001  AND `create_time` >= 1647792000  AND `create_time` < 1647878400 [ RunTime:0.000213s ]
[2022-03-21T15:56:47+08:00][sql] SELECT COUNT(*) AS think_count FROM `jjjfood_supplier` WHERE  `jjjfood_supplier`.`app_id` = 10001  AND `create_time` >= 1647705600  AND `create_time` < 1647792000 [ RunTime:0.000211s ]
[2022-03-21T15:56:47+08:00][sql] SELECT DISTINCT  `user_id` FROM `jjjfood_order` WHERE  `jjjfood_order`.`app_id` = 10001  AND `pay_time` >= 1647792000  AND `pay_time` < 1647878400  AND `pay_status` = 20  AND `is_delete` = 0 [ RunTime:0.000591s ]
[2022-03-21T15:56:47+08:00][sql] SELECT DISTINCT  `user_id` FROM `jjjfood_order` WHERE  `jjjfood_order`.`app_id` = 10001  AND `pay_time` >= 1647705600  AND `pay_time` < 1647792000  AND `pay_status` = 20  AND `is_delete` = 0 [ RunTime:0.000384s ]
[2022-03-21T15:56:47+08:00][sql] SELECT SUM(`pay_price`) AS think_sum FROM `jjjfood_order` WHERE  `jjjfood_order`.`app_id` = 10001  AND `pay_time` >= 1647792000  AND `pay_time` < 1647878400  AND `is_delete` = 0  AND `pay_status` = 20  AND `order_status` <> 20 [ RunTime:0.000332s ]
[2022-03-21T15:56:47+08:00][sql] SELECT SUM(`refund_money`) AS think_sum FROM `jjjfood_order` WHERE  `jjjfood_order`.`app_id` = 10001  AND `pay_time` >= 1647792000  AND `pay_time` < 1647878400  AND `is_delete` = 0  AND `pay_status` = 20  AND `order_status` <> 20 [ RunTime:0.000427s ]
[2022-03-21T15:56:47+08:00][sql] SELECT SUM(`pay_price`) AS think_sum FROM `jjjfood_order` WHERE  `jjjfood_order`.`app_id` = 10001  AND `pay_time` >= 1647705600  AND `pay_time` < 1647792000  AND `is_delete` = 0  AND `pay_status` = 20  AND `order_status` <> 20 [ RunTime:0.000544s ]
[2022-03-21T15:56:47+08:00][sql] SELECT SUM(`refund_money`) AS think_sum FROM `jjjfood_order` WHERE  `jjjfood_order`.`app_id` = 10001  AND `pay_time` >= 1647705600  AND `pay_time` < 1647792000  AND `is_delete` = 0  AND `pay_status` = 20  AND `order_status` <> 20 [ RunTime:0.000276s ]
[2022-03-21T15:56:47+08:00][sql] SHOW FULL COLUMNS FROM `jjjfood_order_product` [ RunTime:0.007578s ]
[2022-03-21T15:56:47+08:00][sql] SELECT p.product_name,sum(total_pay_price) as total_price,sum(total_num) as total_num FROM `jjjfood_order_product` `op` INNER JOIN `jjjfood_order` `o` ON `op`.`order_id`=`o`.`order_id` INNER JOIN `jjjfood_product` `p` ON `p`.`product_id`=`op`.`product_id` WHERE  `op`.`app_id` = 10001  AND `o`.`pay_status` = 20  AND `o`.`order_status` <> 20 GROUP BY `op`.`product_id` ORDER BY `total_num` DESC LIMIT 10 [ RunTime:0.000704s ]
[2022-03-21T15:56:47+08:00][sql] SELECT p.product_name,sum(total_pay_price) as total_price,sum(total_num) as total_num FROM `jjjfood_order_product` `op` INNER JOIN `jjjfood_order` `o` ON `op`.`order_id`=`o`.`order_id` INNER JOIN `jjjfood_product` `p` ON `p`.`product_id`=`op`.`product_id` WHERE  `op`.`app_id` = 10001  AND `o`.`pay_status` = 20  AND `o`.`order_status` <> 20 GROUP BY `op`.`product_id` ORDER BY `total_price` DESC LIMIT 10 [ RunTime:0.000431s ]
[2022-03-21T15:56:47+08:00][sql] CONNECT:[ UseTime:0.001387s ] mysql:host=127.0.0.1;port=3306;dbname=jjj_food_chain;charset=utf8mb4
[2022-03-21T15:56:47+08:00][sql] SHOW FULL COLUMNS FROM `jjjfood_setting` [ RunTime:0.002453s ]
[2022-03-21T15:56:47+08:00][sql] SHOW FULL COLUMNS FROM `jjjfood_shop_opt_log` [ RunTime:0.002575s ]
[2022-03-21T15:56:47+08:00][sql] INSERT INTO `jjjfood_shop_opt_log` SET `shop_user_id` = 10001 , `ip` = '127.0.0.1' , `request_type` = 'Post' , `url` = '/auth/user/getUserInfo' , `content` = '[]' , `browser` = 'Chrome' , `agent` = 'Mozilla/5.0 (Windows NT 10.0; Win64; x64) AppleWebKit/537.36 (KHTML, like Gecko) Chrome/99.0.4844.74 Safari/537.36 Edg/99.0.1150.46' , `title` = '' , `app_id` = 10001 , `create_time` = 1647849407 [ RunTime:0.000439s ]
[2022-03-21T15:56:47+08:00][sql] SHOW FULL COLUMNS FROM `jjjfood_shop_user` [ RunTime:0.000954s ]
[2022-03-21T15:56:47+08:00][sql] SELECT * FROM `jjjfood_shop_user` WHERE  `jjjfood_shop_user`.`app_id` = 10001  AND `is_delete` = 0  AND `shop_user_id` = 10001 LIMIT 1 [ RunTime:0.000348s ]
[2022-03-21T15:56:49+08:00][sql] CONNECT:[ UseTime:0.001451s ] mysql:host=127.0.0.1;port=3306;dbname=jjj_food_chain;charset=utf8mb4
[2022-03-21T15:56:49+08:00][sql] SHOW FULL COLUMNS FROM `jjjfood_setting` [ RunTime:0.002427s ]
[2022-03-21T15:56:49+08:00][sql] SHOW FULL COLUMNS FROM `jjjfood_shop_opt_log` [ RunTime:0.002230s ]
[2022-03-21T15:56:49+08:00][sql] INSERT INTO `jjjfood_shop_opt_log` SET `shop_user_id` = 10001 , `ip` = '127.0.0.1' , `request_type` = 'Post' , `url` = '/statistics/sales/order' , `content` = '{\"search_time\":[\"2022-03-14\",\"2022-03-21\"],\"type\":\"order\"}' , `browser` = 'Chrome' , `agent` = 'Mozilla/5.0 (Windows NT 10.0; Win64; x64) AppleWebKit/537.36 (KHTML, like Gecko) Chrome/99.0.4844.74 Safari/537.36 Edg/99.0.1150.46' , `title` = '' , `app_id` = 10001 , `create_time` = 1647849409 [ RunTime:0.000554s ]
[2022-03-21T15:56:49+08:00][sql] SHOW FULL COLUMNS FROM `jjjfood_shop_user` [ RunTime:0.001981s ]
[2022-03-21T15:56:49+08:00][sql] SELECT * FROM `jjjfood_shop_user` WHERE  `jjjfood_shop_user`.`app_id` = 10001  AND `is_delete` = 0  AND `shop_user_id` = 10001 LIMIT 1 [ RunTime:0.000397s ]
[2022-03-21T15:56:49+08:00][sql] SHOW FULL COLUMNS FROM `jjjfood_order` [ RunTime:0.002812s ]
[2022-03-21T15:56:49+08:00][sql] SELECT SUM(`pay_price`) AS think_sum FROM `jjjfood_order` WHERE  `jjjfood_order`.`app_id` = 10001  AND `pay_time` >= 1647187200  AND `pay_time` < 1647273600  AND `is_delete` = 0  AND `pay_status` = 20  AND `order_status` <> 20 [ RunTime:0.000415s ]
[2022-03-21T15:56:49+08:00][sql] SELECT COUNT(*) AS think_count FROM `jjjfood_order` WHERE  `jjjfood_order`.`app_id` = 10001  AND `pay_time` >= 1647187200  AND `pay_time` < 1647273600  AND `is_delete` = 0  AND `pay_status` = 20  AND `order_status` <> 20 [ RunTime:0.000282s ]
[2022-03-21T15:56:49+08:00][sql] SELECT SUM(`pay_price`) AS think_sum FROM `jjjfood_order` WHERE  `jjjfood_order`.`app_id` = 10001  AND `pay_time` >= 1647273600  AND `pay_time` < 1647360000  AND `is_delete` = 0  AND `pay_status` = 20  AND `order_status` <> 20 [ RunTime:0.000248s ]
[2022-03-21T15:56:49+08:00][sql] SELECT COUNT(*) AS think_count FROM `jjjfood_order` WHERE  `jjjfood_order`.`app_id` = 10001  AND `pay_time` >= 1647273600  AND `pay_time` < 1647360000  AND `is_delete` = 0  AND `pay_status` = 20  AND `order_status` <> 20 [ RunTime:0.000241s ]
[2022-03-21T15:56:49+08:00][sql] SELECT SUM(`pay_price`) AS think_sum FROM `jjjfood_order` WHERE  `jjjfood_order`.`app_id` = 10001  AND `pay_time` >= 1647360000  AND `pay_time` < 1647446400  AND `is_delete` = 0  AND `pay_status` = 20  AND `order_status` <> 20 [ RunTime:0.000240s ]
[2022-03-21T15:56:49+08:00][sql] SELECT COUNT(*) AS think_count FROM `jjjfood_order` WHERE  `jjjfood_order`.`app_id` = 10001  AND `pay_time` >= 1647360000  AND `pay_time` < 1647446400  AND `is_delete` = 0  AND `pay_status` = 20  AND `order_status` <> 20 [ RunTime:0.000245s ]
[2022-03-21T15:56:49+08:00][sql] SELECT SUM(`pay_price`) AS think_sum FROM `jjjfood_order` WHERE  `jjjfood_order`.`app_id` = 10001  AND `pay_time` >= 1647446400  AND `pay_time` < 1647532800  AND `is_delete` = 0  AND `pay_status` = 20  AND `order_status` <> 20 [ RunTime:0.000238s ]
[2022-03-21T15:56:49+08:00][sql] SELECT COUNT(*) AS think_count FROM `jjjfood_order` WHERE  `jjjfood_order`.`app_id` = 10001  AND `pay_time` >= 1647446400  AND `pay_time` < 1647532800  AND `is_delete` = 0  AND `pay_status` = 20  AND `order_status` <> 20 [ RunTime:0.000235s ]
[2022-03-21T15:56:49+08:00][sql] SELECT SUM(`pay_price`) AS think_sum FROM `jjjfood_order` WHERE  `jjjfood_order`.`app_id` = 10001  AND `pay_time` >= 1647532800  AND `pay_time` < 1647619200  AND `is_delete` = 0  AND `pay_status` = 20  AND `order_status` <> 20 [ RunTime:0.000236s ]
[2022-03-21T15:56:49+08:00][sql] SELECT COUNT(*) AS think_count FROM `jjjfood_order` WHERE  `jjjfood_order`.`app_id` = 10001  AND `pay_time` >= 1647532800  AND `pay_time` < 1647619200  AND `is_delete` = 0  AND `pay_status` = 20  AND `order_status` <> 20 [ RunTime:0.000232s ]
[2022-03-21T15:56:49+08:00][sql] SELECT SUM(`pay_price`) AS think_sum FROM `jjjfood_order` WHERE  `jjjfood_order`.`app_id` = 10001  AND `pay_time` >= 1647619200  AND `pay_time` < 1647705600  AND `is_delete` = 0  AND `pay_status` = 20  AND `order_status` <> 20 [ RunTime:0.000246s ]
[2022-03-21T15:56:49+08:00][sql] SELECT COUNT(*) AS think_count FROM `jjjfood_order` WHERE  `jjjfood_order`.`app_id` = 10001  AND `pay_time` >= 1647619200  AND `pay_time` < 1647705600  AND `is_delete` = 0  AND `pay_status` = 20  AND `order_status` <> 20 [ RunTime:0.000233s ]
[2022-03-21T15:56:49+08:00][sql] SELECT SUM(`pay_price`) AS think_sum FROM `jjjfood_order` WHERE  `jjjfood_order`.`app_id` = 10001  AND `pay_time` >= 1647705600  AND `pay_time` < 1647792000  AND `is_delete` = 0  AND `pay_status` = 20  AND `order_status` <> 20 [ RunTime:0.001959s ]
[2022-03-21T15:56:49+08:00][sql] SELECT COUNT(*) AS think_count FROM `jjjfood_order` WHERE  `jjjfood_order`.`app_id` = 10001  AND `pay_time` >= 1647705600  AND `pay_time` < 1647792000  AND `is_delete` = 0  AND `pay_status` = 20  AND `order_status` <> 20 [ RunTime:0.000520s ]
[2022-03-21T15:56:49+08:00][sql] SELECT SUM(`pay_price`) AS think_sum FROM `jjjfood_order` WHERE  `jjjfood_order`.`app_id` = 10001  AND `pay_time` >= 1647792000  AND `pay_time` < 1647878400  AND `is_delete` = 0  AND `pay_status` = 20  AND `order_status` <> 20 [ RunTime:0.000292s ]
[2022-03-21T15:56:49+08:00][sql] SELECT COUNT(*) AS think_count FROM `jjjfood_order` WHERE  `jjjfood_order`.`app_id` = 10001  AND `pay_time` >= 1647792000  AND `pay_time` < 1647878400  AND `is_delete` = 0  AND `pay_status` = 20  AND `order_status` <> 20 [ RunTime:0.000259s ]
[2022-03-21T15:56:50+08:00][sql] CONNECT:[ UseTime:0.001966s ] mysql:host=127.0.0.1;port=3306;dbname=jjj_food_chain;charset=utf8mb4
[2022-03-21T15:56:50+08:00][sql] SHOW FULL COLUMNS FROM `jjjfood_setting` [ RunTime:0.003036s ]
[2022-03-21T15:56:50+08:00][sql] SHOW FULL COLUMNS FROM `jjjfood_shop_opt_log` [ RunTime:0.002628s ]
[2022-03-21T15:56:50+08:00][sql] INSERT INTO `jjjfood_shop_opt_log` SET `shop_user_id` = 10001 , `ip` = '127.0.0.1' , `request_type` = 'Post' , `url` = '/index/index' , `content` = '[]' , `browser` = 'Chrome' , `agent` = 'Mozilla/5.0 (Windows NT 10.0; Win64; x64) AppleWebKit/537.36 (KHTML, like Gecko) Chrome/99.0.4844.74 Safari/537.36 Edg/99.0.1150.46' , `title` = '' , `app_id` = 10001 , `create_time` = 1647849410 [ RunTime:0.000399s ]
[2022-03-21T15:56:50+08:00][sql] SHOW FULL COLUMNS FROM `jjjfood_shop_user` [ RunTime:0.001057s ]
[2022-03-21T15:56:50+08:00][sql] SELECT * FROM `jjjfood_shop_user` WHERE  `jjjfood_shop_user`.`app_id` = 10001  AND `is_delete` = 0  AND `shop_user_id` = 10001 LIMIT 1 [ RunTime:0.000410s ]
[2022-03-21T15:56:50+08:00][sql] SHOW FULL COLUMNS FROM `jjjfood_product` [ RunTime:0.002532s ]
[2022-03-21T15:56:50+08:00][sql] SHOW FULL COLUMNS FROM `jjjfood_order` [ RunTime:0.004373s ]
[2022-03-21T15:56:50+08:00][sql] SHOW FULL COLUMNS FROM `jjjfood_user` [ RunTime:0.003013s ]
[2022-03-21T15:56:50+08:00][sql] SELECT COUNT(*) AS think_count FROM `jjjfood_product` WHERE  `jjjfood_product`.`app_id` = 10001  AND `is_delete` = 0 [ RunTime:0.000411s ]
[2022-03-21T15:56:50+08:00][sql] SELECT COUNT(*) AS think_count FROM `jjjfood_user` WHERE  `jjjfood_user`.`app_id` = 10001  AND `is_delete` = 0 [ RunTime:0.000250s ]
[2022-03-21T15:56:50+08:00][sql] SELECT COUNT(*) AS think_count FROM `jjjfood_order` WHERE  `jjjfood_order`.`app_id` = 10001  AND `is_delete` = 0  AND `pay_status` = 20  AND `order_status` <> 20 [ RunTime:0.000244s ]
[2022-03-21T15:56:50+08:00][sql] SHOW FULL COLUMNS FROM `jjjfood_supplier` [ RunTime:0.002494s ]
[2022-03-21T15:56:50+08:00][sql] SELECT COUNT(*) AS think_count FROM `jjjfood_supplier` WHERE  `jjjfood_supplier`.`app_id` = 10001  AND `is_delete` = 0 [ RunTime:0.000406s ]
[2022-03-21T15:56:50+08:00][sql] SELECT SUM(`pay_price`) AS think_sum FROM `jjjfood_order` WHERE  `jjjfood_order`.`app_id` = 10001  AND `pay_status` = 20  AND `order_status` <> 20  AND `is_delete` = 0 [ RunTime:0.000307s ]
[2022-03-21T15:56:50+08:00][sql] SELECT SUM(`pay_price`) AS think_sum FROM `jjjfood_order` WHERE  `jjjfood_order`.`app_id` = 10001  AND `is_delete` = 0  AND `pay_status` = 20  AND `order_status` <> 20 [ RunTime:0.000275s ]
[2022-03-21T15:56:50+08:00][sql] SELECT SUM(`refund_money`) AS think_sum FROM `jjjfood_order` WHERE  `jjjfood_order`.`app_id` = 10001  AND `is_delete` = 0  AND `pay_status` = 20  AND `order_status` <> 20 [ RunTime:0.000253s ]
[2022-03-21T15:56:50+08:00][sql] SELECT COUNT(*) AS think_count FROM `jjjfood_order` WHERE  `jjjfood_order`.`app_id` = 10001  AND `pay_status` = 20  AND `delivery_status` = 10  AND `order_status` = 10 [ RunTime:0.000268s ]
[2022-03-21T15:56:50+08:00][sql] SELECT COUNT(*) AS think_count FROM `jjjfood_product` WHERE  `jjjfood_product`.`app_id` = 10001  AND `is_delete` = 0  AND `product_stock` < 20 [ RunTime:0.001563s ]
[2022-03-21T15:56:50+08:00][sql] SELECT SUM(`pay_price`) AS think_sum FROM `jjjfood_order` WHERE  `jjjfood_order`.`app_id` = 10001  AND `pay_time` >= 1647792000  AND `pay_time` < 1647878400  AND `pay_status` = 20  AND `order_status` <> 20  AND `is_delete` = 0 [ RunTime:0.000380s ]
[2022-03-21T15:56:50+08:00][sql] SELECT SUM(`pay_price`) AS think_sum FROM `jjjfood_order` WHERE  `jjjfood_order`.`app_id` = 10001  AND `pay_time` >= 1647705600  AND `pay_time` < 1647792000  AND `pay_status` = 20  AND `order_status` <> 20  AND `is_delete` = 0 [ RunTime:0.000288s ]
[2022-03-21T15:56:50+08:00][sql] SELECT COUNT(*) AS think_count FROM `jjjfood_order` WHERE  `jjjfood_order`.`app_id` = 10001  AND `pay_time` >= 1647792000  AND `pay_time` < 1647878400  AND `is_delete` = 0  AND `pay_status` = 20  AND `order_status` <> 20 [ RunTime:0.000277s ]
[2022-03-21T15:56:50+08:00][sql] SELECT COUNT(*) AS think_count FROM `jjjfood_order` WHERE  `jjjfood_order`.`app_id` = 10001  AND `pay_time` >= 1647705600  AND `pay_time` < 1647792000  AND `is_delete` = 0  AND `pay_status` = 20  AND `order_status` <> 20 [ RunTime:0.000875s ]
[2022-03-21T15:56:50+08:00][sql] SELECT COUNT(*) AS think_count FROM `jjjfood_user` WHERE  `jjjfood_user`.`app_id` = 10001  AND `create_time` >= 1647792000  AND `create_time` < 1647878400  AND `is_delete` = 0 [ RunTime:0.001002s ]
[2022-03-21T15:56:50+08:00][sql] SELECT COUNT(*) AS think_count FROM `jjjfood_user` WHERE  `jjjfood_user`.`app_id` = 10001  AND `create_time` >= 1647705600  AND `create_time` < 1647792000  AND `is_delete` = 0 [ RunTime:0.001446s ]
[2022-03-21T15:56:50+08:00][sql] SELECT COUNT(*) AS think_count FROM `jjjfood_supplier` WHERE  `jjjfood_supplier`.`app_id` = 10001  AND `create_time` >= 1647792000  AND `create_time` < 1647878400 [ RunTime:0.000528s ]
[2022-03-21T15:56:50+08:00][sql] SELECT COUNT(*) AS think_count FROM `jjjfood_supplier` WHERE  `jjjfood_supplier`.`app_id` = 10001  AND `create_time` >= 1647705600  AND `create_time` < 1647792000 [ RunTime:0.000476s ]
[2022-03-21T15:56:50+08:00][sql] SELECT DISTINCT  `user_id` FROM `jjjfood_order` WHERE  `jjjfood_order`.`app_id` = 10001  AND `pay_time` >= 1647792000  AND `pay_time` < 1647878400  AND `pay_status` = 20  AND `is_delete` = 0 [ RunTime:0.000365s ]
[2022-03-21T15:56:50+08:00][sql] SELECT DISTINCT  `user_id` FROM `jjjfood_order` WHERE  `jjjfood_order`.`app_id` = 10001  AND `pay_time` >= 1647705600  AND `pay_time` < 1647792000  AND `pay_status` = 20  AND `is_delete` = 0 [ RunTime:0.000293s ]
[2022-03-21T15:56:50+08:00][sql] SELECT SUM(`pay_price`) AS think_sum FROM `jjjfood_order` WHERE  `jjjfood_order`.`app_id` = 10001  AND `pay_time` >= 1647792000  AND `pay_time` < 1647878400  AND `is_delete` = 0  AND `pay_status` = 20  AND `order_status` <> 20 [ RunTime:0.000299s ]
[2022-03-21T15:56:50+08:00][sql] SELECT SUM(`refund_money`) AS think_sum FROM `jjjfood_order` WHERE  `jjjfood_order`.`app_id` = 10001  AND `pay_time` >= 1647792000  AND `pay_time` < 1647878400  AND `is_delete` = 0  AND `pay_status` = 20  AND `order_status` <> 20 [ RunTime:0.000287s ]
[2022-03-21T15:56:50+08:00][sql] SELECT SUM(`pay_price`) AS think_sum FROM `jjjfood_order` WHERE  `jjjfood_order`.`app_id` = 10001  AND `pay_time` >= 1647705600  AND `pay_time` < 1647792000  AND `is_delete` = 0  AND `pay_status` = 20  AND `order_status` <> 20 [ RunTime:0.000288s ]
[2022-03-21T15:56:50+08:00][sql] SELECT SUM(`refund_money`) AS think_sum FROM `jjjfood_order` WHERE  `jjjfood_order`.`app_id` = 10001  AND `pay_time` >= 1647705600  AND `pay_time` < 1647792000  AND `is_delete` = 0  AND `pay_status` = 20  AND `order_status` <> 20 [ RunTime:0.000281s ]
[2022-03-21T15:56:50+08:00][sql] SHOW FULL COLUMNS FROM `jjjfood_order_product` [ RunTime:0.002689s ]
[2022-03-21T15:56:50+08:00][sql] SELECT p.product_name,sum(total_pay_price) as total_price,sum(total_num) as total_num FROM `jjjfood_order_product` `op` INNER JOIN `jjjfood_order` `o` ON `op`.`order_id`=`o`.`order_id` INNER JOIN `jjjfood_product` `p` ON `p`.`product_id`=`op`.`product_id` WHERE  `op`.`app_id` = 10001  AND `o`.`pay_status` = 20  AND `o`.`order_status` <> 20 GROUP BY `op`.`product_id` ORDER BY `total_num` DESC LIMIT 10 [ RunTime:0.001656s ]
[2022-03-21T15:56:50+08:00][sql] SELECT p.product_name,sum(total_pay_price) as total_price,sum(total_num) as total_num FROM `jjjfood_order_product` `op` INNER JOIN `jjjfood_order` `o` ON `op`.`order_id`=`o`.`order_id` INNER JOIN `jjjfood_product` `p` ON `p`.`product_id`=`op`.`product_id` WHERE  `op`.`app_id` = 10001  AND `o`.`pay_status` = 20  AND `o`.`order_status` <> 20 GROUP BY `op`.`product_id` ORDER BY `total_price` DESC LIMIT 10 [ RunTime:0.000579s ]
[2022-03-21T15:56:52+08:00][sql] CONNECT:[ UseTime:0.011805s ] mysql:host=127.0.0.1;port=3306;dbname=jjj_food_chain;charset=utf8mb4
[2022-03-21T15:56:52+08:00][sql] SHOW FULL COLUMNS FROM `jjjfood_setting` [ RunTime:0.002441s ]
[2022-03-21T15:56:52+08:00][sql] SHOW FULL COLUMNS FROM `jjjfood_shop_opt_log` [ RunTime:0.002278s ]
[2022-03-21T15:56:52+08:00][sql] INSERT INTO `jjjfood_shop_opt_log` SET `shop_user_id` = 10001 , `ip` = '127.0.0.1' , `request_type` = 'Get' , `url` = '/page/page/home' , `content` = '[]' , `browser` = 'Chrome' , `agent` = 'Mozilla/5.0 (Windows NT 10.0; Win64; x64) AppleWebKit/537.36 (KHTML, like Gecko) Chrome/99.0.4844.74 Safari/537.36 Edg/99.0.1150.46' , `title` = '首页编辑' , `app_id` = 10001 , `create_time` = 1647849412 [ RunTime:0.000381s ]
[2022-03-21T15:56:52+08:00][sql] SHOW FULL COLUMNS FROM `jjjfood_shop_user` [ RunTime:0.002462s ]
[2022-03-21T15:56:52+08:00][sql] SELECT * FROM `jjjfood_shop_user` WHERE  `jjjfood_shop_user`.`app_id` = 10001  AND `is_delete` = 0  AND `shop_user_id` = 10001 LIMIT 1 [ RunTime:0.000389s ]
[2022-03-21T15:56:52+08:00][sql] SHOW FULL COLUMNS FROM `jjjfood_page` [ RunTime:0.000648s ]
[2022-03-21T15:56:52+08:00][sql] SELECT * FROM `jjjfood_page` WHERE  `jjjfood_page`.`app_id` = 10001  AND `page_type` = 10 LIMIT 1 [ RunTime:0.014939s ]
[2022-03-21T15:57:00+08:00][sql] CONNECT:[ UseTime:0.001447s ] mysql:host=127.0.0.1;port=3306;dbname=jjj_food_chain;charset=utf8mb4
[2022-03-21T15:57:00+08:00][sql] SHOW FULL COLUMNS FROM `jjjfood_setting` [ RunTime:0.004443s ]
[2022-03-21T15:57:00+08:00][sql] SHOW FULL COLUMNS FROM `jjjfood_shop_opt_log` [ RunTime:0.003008s ]
[2022-03-21T15:57:00+08:00][sql] INSERT INTO `jjjfood_shop_opt_log` SET `shop_user_id` = 10001 , `ip` = '127.0.0.1' , `request_type` = 'Post' , `url` = '/user/user/index' , `content` = '{\"nick_name\":\"\",\"grade_id\":\"\",\"reg_date\":\"\",\"page\":\"1\",\"list_rows\":\"20\"}' , `browser` = 'Chrome' , `agent` = 'Mozilla/5.0 (Windows NT 10.0; Win64; x64) AppleWebKit/537.36 (KHTML, like Gecko) Chrome/99.0.4844.74 Safari/537.36 Edg/99.0.1150.46' , `title` = '会员管理' , `app_id` = 10001 , `create_time` = 1647849420 [ RunTime:0.000497s ]
[2022-03-21T15:57:00+08:00][sql] SHOW FULL COLUMNS FROM `jjjfood_shop_user` [ RunTime:0.000839s ]
[2022-03-21T15:57:00+08:00][sql] SELECT * FROM `jjjfood_shop_user` WHERE  `jjjfood_shop_user`.`app_id` = 10001  AND `is_delete` = 0  AND `shop_user_id` = 10001 LIMIT 1 [ RunTime:0.000354s ]
[2022-03-21T15:57:00+08:00][sql] SHOW FULL COLUMNS FROM `jjjfood_user` [ RunTime:0.002543s ]
[2022-03-21T15:57:00+08:00][sql] SELECT COUNT(*) AS think_count FROM `jjjfood_user` WHERE  `jjjfood_user`.`app_id` = 10001  AND `is_delete` = 0 [ RunTime:0.000378s ]
[2022-03-21T15:57:00+08:00][sql] SELECT * FROM `jjjfood_user` WHERE  `jjjfood_user`.`app_id` = 10001  AND `is_delete` = 0 ORDER BY `create_time` DESC LIMIT 0,20 [ RunTime:0.000395s ]
[2022-03-21T15:57:00+08:00][sql] SHOW FULL COLUMNS FROM `jjjfood_user_grade` [ RunTime:0.001346s ]
[2022-03-21T15:57:00+08:00][sql] SELECT * FROM `jjjfood_user_grade` WHERE  `jjjfood_user_grade`.`app_id` = 10001  AND `grade_id` = 1 [ RunTime:0.000517s ]
[2022-03-21T15:57:00+08:00][sql] SELECT `grade_id`,`name` FROM `jjjfood_user_grade` WHERE  `jjjfood_user_grade`.`app_id` = 10001  AND `is_delete` = 0 ORDER BY `weight` ASC,`create_time` ASC [ RunTime:0.000644s ]
[2022-03-21T15:57:02+08:00][sql] CONNECT:[ UseTime:0.001817s ] mysql:host=127.0.0.1;port=3306;dbname=jjj_food_chain;charset=utf8mb4
[2022-03-21T15:57:02+08:00][sql] SHOW FULL COLUMNS FROM `jjjfood_setting` [ RunTime:0.002358s ]
[2022-03-21T15:57:02+08:00][sql] SHOW FULL COLUMNS FROM `jjjfood_shop_opt_log` [ RunTime:0.003213s ]
[2022-03-21T15:57:02+08:00][sql] INSERT INTO `jjjfood_shop_opt_log` SET `shop_user_id` = 10001 , `ip` = '127.0.0.1' , `request_type` = 'Post' , `url` = '/supplier/supplier/index' , `content` = '{\"page\":\"1\",\"list_rows\":\"20\"}' , `browser` = 'Chrome' , `agent` = 'Mozilla/5.0 (Windows NT 10.0; Win64; x64) AppleWebKit/537.36 (KHTML, like Gecko) Chrome/99.0.4844.74 Safari/537.36 Edg/99.0.1150.46' , `title` = '门店管理' , `app_id` = 10001 , `create_time` = 1647849421 [ RunTime:0.000528s ]
[2022-03-21T15:57:02+08:00][sql] SHOW FULL COLUMNS FROM `jjjfood_shop_user` [ RunTime:0.001197s ]
[2022-03-21T15:57:02+08:00][sql] SELECT * FROM `jjjfood_shop_user` WHERE  `jjjfood_shop_user`.`app_id` = 10001  AND `is_delete` = 0  AND `shop_user_id` = 10001 LIMIT 1 [ RunTime:0.000522s ]
[2022-03-21T15:57:02+08:00][sql] SHOW FULL COLUMNS FROM `jjjfood_supplier` [ RunTime:0.003763s ]
[2022-03-21T15:57:02+08:00][sql] SELECT COUNT(*) AS think_count FROM `jjjfood_supplier` WHERE  `jjjfood_supplier`.`app_id` = 10001  AND `is_delete` = 0 [ RunTime:0.000622s ]
[2022-03-21T15:57:02+08:00][sql] SELECT * FROM `jjjfood_supplier` WHERE  `jjjfood_supplier`.`app_id` = 10001  AND `is_delete` = 0 ORDER BY `create_time` DESC LIMIT 0,20 [ RunTime:0.000514s ]
[2022-03-21T15:57:02+08:00][sql] SELECT * FROM `jjjfood_shop_user` WHERE  `jjjfood_shop_user`.`app_id` = 10001  AND `is_super` = 1  AND `shop_supplier_id` = 10001 [ RunTime:0.000395s ]
[2022-03-21T15:57:04+08:00][sql] CONNECT:[ UseTime:0.013011s ] mysql:host=127.0.0.1;port=3306;dbname=jjj_food_chain;charset=utf8mb4
[2022-03-21T15:57:04+08:00][sql] SHOW FULL COLUMNS FROM `jjjfood_setting` [ RunTime:0.001236s ]
[2022-03-21T15:57:04+08:00][sql] SHOW FULL COLUMNS FROM `jjjfood_shop_opt_log` [ RunTime:0.002645s ]
[2022-03-21T15:57:04+08:00][sql] INSERT INTO `jjjfood_shop_opt_log` SET `shop_user_id` = 10001 , `ip` = '127.0.0.1' , `request_type` = 'Post' , `url` = '/product/takeaway/product/index' , `content` = '{\"product_name\":\"\",\"category_id\":\"\",\"page\":\"1\",\"list_rows\":\"10\",\"type\":\"sell\"}' , `browser` = 'Chrome' , `agent` = 'Mozilla/5.0 (Windows NT 10.0; Win64; x64) AppleWebKit/537.36 (KHTML, like Gecko) Chrome/99.0.4844.74 Safari/537.36 Edg/99.0.1150.46' , `title` = '商品管理' , `app_id` = 10001 , `create_time` = 1647849424 [ RunTime:0.000451s ]
[2022-03-21T15:57:04+08:00][sql] SHOW FULL COLUMNS FROM `jjjfood_shop_user` [ RunTime:0.001119s ]
[2022-03-21T15:57:04+08:00][sql] SELECT * FROM `jjjfood_shop_user` WHERE  `jjjfood_shop_user`.`app_id` = 10001  AND `is_delete` = 0  AND `shop_user_id` = 10001 LIMIT 1 [ RunTime:0.000483s ]
[2022-03-21T15:57:04+08:00][sql] SHOW FULL COLUMNS FROM `jjjfood_product` [ RunTime:0.002366s ]
[2022-03-21T15:57:04+08:00][sql] SELECT COUNT(*) AS think_count FROM `jjjfood_product` `product` WHERE  `product`.`app_id` = 10001  AND `product`.`product_type` = 0  AND `product_status` = 10  AND `product`.`shop_supplier_id` = 10001  AND `product`.`is_delete` = 0 [ RunTime:0.000382s ]
[2022-03-21T15:57:04+08:00][sql] SELECT `product`.*,(sales_initial + sales_actual) as product_sales FROM `jjjfood_product` `product` WHERE  `product`.`app_id` = 10001  AND `product`.`product_type` = 0  AND `product_status` = 10  AND `product`.`shop_supplier_id` = 10001  AND `product`.`is_delete` = 0 ORDER BY `product_sort`,`product_id` DESC LIMIT 0,10 [ RunTime:0.000554s ]
[2022-03-21T15:57:04+08:00][sql] SHOW FULL COLUMNS FROM `jjjfood_category` [ RunTime:0.004293s ]
[2022-03-21T15:57:04+08:00][sql] SELECT * FROM `jjjfood_category` WHERE  `jjjfood_category`.`app_id` = 10001  AND `category_id` = 67 [ RunTime:0.000527s ]
[2022-03-21T15:57:04+08:00][sql] SHOW FULL COLUMNS FROM `jjjfood_product_image` [ RunTime:0.020488s ]
[2022-03-21T15:57:04+08:00][sql] SELECT * FROM `jjjfood_product_image` WHERE  `jjjfood_product_image`.`app_id` = 10001  AND `product_id` = 1 ORDER BY `id` ASC [ RunTime:0.000466s ]
[2022-03-21T15:57:04+08:00][sql] SHOW FULL COLUMNS FROM `jjjfood_upload_file` [ RunTime:0.009837s ]
[2022-03-21T15:57:04+08:00][sql] SELECT * FROM `jjjfood_upload_file` WHERE  `jjjfood_upload_file`.`app_id` = 10001  AND `file_id` = 14 [ RunTime:0.000474s ]
[2022-03-21T15:57:04+08:00][sql] SHOW FULL COLUMNS FROM `jjjfood_product_sku` [ RunTime:0.006207s ]
[2022-03-21T15:57:04+08:00][sql] SELECT * FROM `jjjfood_product_sku` WHERE  `jjjfood_product_sku`.`app_id` = 10001  AND `product_id` = 1 ORDER BY `product_sku_id` ASC [ RunTime:0.000670s ]
[2022-03-21T15:57:04+08:00][sql] SHOW FULL COLUMNS FROM `jjjfood_supplier` [ RunTime:0.002778s ]
[2022-03-21T15:57:04+08:00][sql] SELECT `shop_supplier_id`,`name`,`address`,`logo` FROM `jjjfood_supplier` WHERE  `jjjfood_supplier`.`app_id` = 10001  AND `shop_supplier_id` = 10001 [ RunTime:0.000948s ]
[2022-03-21T15:57:04+08:00][sql] SELECT COUNT(*) AS think_count FROM `jjjfood_product` WHERE  `jjjfood_product`.`app_id` = 10001  AND `product_status` = 20  AND `shop_supplier_id` = 10001  AND `product_type` = 0  AND `is_delete` = 0 [ RunTime:0.000520s ]
[2022-03-21T15:57:15+08:00][sql] CONNECT:[ UseTime:0.024162s ] mysql:host=127.0.0.1;port=3306;dbname=jjj_food_chain;charset=utf8mb4
[2022-03-21T15:57:15+08:00][sql] SHOW FULL COLUMNS FROM `jjjfood_setting` [ RunTime:0.004021s ]
[2022-03-21T15:57:15+08:00][sql] SHOW FULL COLUMNS FROM `jjjfood_shop_opt_log` [ RunTime:0.002507s ]
[2022-03-21T15:57:15+08:00][sql] INSERT INTO `jjjfood_shop_opt_log` SET `shop_user_id` = 10001 , `ip` = '127.0.0.1' , `request_type` = 'Post' , `url` = '/store/survey/index' , `content` = '[]' , `browser` = 'Chrome' , `agent` = 'Mozilla/5.0 (Windows NT 10.0; Win64; x64) AppleWebKit/537.36 (KHTML, like Gecko) Chrome/99.0.4844.74 Safari/537.36 Edg/99.0.1150.46' , `title` = '店内概况' , `app_id` = 10001 , `create_time` = 1647849435 [ RunTime:0.000351s ]
[2022-03-21T15:57:15+08:00][sql] SHOW FULL COLUMNS FROM `jjjfood_shop_user` [ RunTime:0.001301s ]
[2022-03-21T15:57:15+08:00][sql] SELECT * FROM `jjjfood_shop_user` WHERE  `jjjfood_shop_user`.`app_id` = 10001  AND `is_delete` = 0  AND `shop_user_id` = 10001 LIMIT 1 [ RunTime:0.004313s ]
[2022-03-21T15:57:15+08:00][sql] SHOW FULL COLUMNS FROM `jjjfood_order` [ RunTime:0.002801s ]
[2022-03-21T15:57:15+08:00][sql] SELECT SUM(`express_price`) AS think_sum FROM `jjjfood_order` WHERE  `jjjfood_order`.`app_id` = 10001  AND `shop_supplier_id` = 10001  AND `pay_status` = 20  AND `order_status` <> 20  AND `order_type` = 1  AND `is_delete` = 0 [ RunTime:0.000448s ]
[2022-03-21T15:57:15+08:00][sql] SELECT SUM(`bag_price`) AS think_sum FROM `jjjfood_order` WHERE  `jjjfood_order`.`app_id` = 10001  AND `shop_supplier_id` = 10001  AND `pay_status` = 20  AND `order_status` <> 20  AND `order_type` = 1  AND `is_delete` = 0 [ RunTime:0.000324s ]
[2022-03-21T15:57:15+08:00][sql] SELECT SUM(`total_price`) AS think_sum FROM `jjjfood_order` WHERE  `jjjfood_order`.`app_id` = 10001  AND `shop_supplier_id` = 10001  AND `pay_status` = 20  AND `order_status` <> 20  AND `order_type` = 1  AND `is_delete` = 0 [ RunTime:0.000355s ]
[2022-03-21T15:57:15+08:00][sql] SELECT SUM(`refund_money`) AS think_sum FROM `jjjfood_order` WHERE  `jjjfood_order`.`app_id` = 10001  AND `shop_supplier_id` = 10001  AND `pay_status` = 20  AND `order_status` <> 20  AND `order_type` = 1  AND `is_delete` = 0 [ RunTime:0.000299s ]
[2022-03-21T15:57:15+08:00][sql] SELECT SUM(`pay_price`) AS think_sum FROM `jjjfood_order` WHERE  `jjjfood_order`.`app_id` = 10001  AND `shop_supplier_id` = 10001  AND `pay_status` = 20  AND `order_status` <> 20  AND `order_type` = 1  AND `is_delete` = 0 [ RunTime:0.000294s ]
[2022-03-21T15:57:15+08:00][sql] SELECT COUNT(*) AS think_count FROM `jjjfood_order` WHERE  `jjjfood_order`.`app_id` = 10001  AND `shop_supplier_id` = 10001  AND `pay_status` = 20  AND `order_status` <> 20  AND `order_type` = 1  AND `is_delete` = 0 [ RunTime:0.000320s ]
[2022-03-21T15:57:15+08:00][sql] SHOW FULL COLUMNS FROM `jjjfood_order_product` [ RunTime:0.002407s ]
[2022-03-21T15:57:15+08:00][sql] SELECT p.product_name,sum(total_pay_price) as total_price,sum(total_num) as total_num FROM `jjjfood_order_product` `op` INNER JOIN `jjjfood_order` `o` ON `op`.`order_id`=`o`.`order_id` INNER JOIN `jjjfood_product` `p` ON `p`.`product_id`=`op`.`product_id` WHERE  `op`.`app_id` = 10001  AND `p`.`product_type` = 1  AND `p`.`shop_supplier_id` = 10001  AND `o`.`pay_status` = 20  AND `o`.`order_status` <> 20 GROUP BY `op`.`product_id` ORDER BY `total_num` DESC LIMIT 10 [ RunTime:0.003486s ]
[2022-03-21T15:57:15+08:00][sql] SELECT p.product_name,sum(total_pay_price) as total_price,sum(total_num) as total_num FROM `jjjfood_order_product` `op` INNER JOIN `jjjfood_order` `o` ON `op`.`order_id`=`o`.`order_id` INNER JOIN `jjjfood_product` `p` ON `p`.`product_id`=`op`.`product_id` WHERE  `op`.`app_id` = 10001  AND `p`.`product_type` = 1  AND `p`.`shop_supplier_id` = 10001  AND `o`.`pay_status` = 20  AND `o`.`order_status` <> 20 GROUP BY `op`.`product_id` ORDER BY `total_price` DESC LIMIT 10 [ RunTime:0.000506s ]
[2022-03-21T15:57:18+08:00][sql] CONNECT:[ UseTime:0.013124s ] mysql:host=127.0.0.1;port=3306;dbname=jjj_food_chain;charset=utf8mb4
[2022-03-21T15:57:18+08:00][sql] SHOW FULL COLUMNS FROM `jjjfood_setting` [ RunTime:0.002356s ]
[2022-03-21T15:57:18+08:00][sql] SHOW FULL COLUMNS FROM `jjjfood_shop_opt_log` [ RunTime:0.002180s ]
[2022-03-21T15:57:18+08:00][sql] INSERT INTO `jjjfood_shop_opt_log` SET `shop_user_id` = 10001 , `ip` = '127.0.0.1' , `request_type` = 'Post' , `url` = '/takeout/survey/index' , `content` = '[]' , `browser` = 'Chrome' , `agent` = 'Mozilla/5.0 (Windows NT 10.0; Win64; x64) AppleWebKit/537.36 (KHTML, like Gecko) Chrome/99.0.4844.74 Safari/537.36 Edg/99.0.1150.46' , `title` = '外卖概况' , `app_id` = 10001 , `create_time` = 1647849437 [ RunTime:0.000412s ]
[2022-03-21T15:57:18+08:00][sql] SHOW FULL COLUMNS FROM `jjjfood_shop_user` [ RunTime:0.001064s ]
[2022-03-21T15:57:18+08:00][sql] SELECT * FROM `jjjfood_shop_user` WHERE  `jjjfood_shop_user`.`app_id` = 10001  AND `is_delete` = 0  AND `shop_user_id` = 10001 LIMIT 1 [ RunTime:0.000405s ]
[2022-03-21T15:57:18+08:00][sql] SHOW FULL COLUMNS FROM `jjjfood_order` [ RunTime:0.002753s ]
[2022-03-21T15:57:18+08:00][sql] SELECT SUM(`express_price`) AS think_sum FROM `jjjfood_order` WHERE  `jjjfood_order`.`app_id` = 10001  AND `shop_supplier_id` = 10001  AND `pay_status` = 20  AND `order_status` <> 20  AND `order_type` = 0  AND `is_delete` = 0 [ RunTime:0.000416s ]
[2022-03-21T15:57:18+08:00][sql] SELECT SUM(`bag_price`) AS think_sum FROM `jjjfood_order` WHERE  `jjjfood_order`.`app_id` = 10001  AND `shop_supplier_id` = 10001  AND `pay_status` = 20  AND `order_status` <> 20  AND `order_type` = 0  AND `is_delete` = 0 [ RunTime:0.000374s ]
[2022-03-21T15:57:18+08:00][sql] SELECT SUM(`total_price`) AS think_sum FROM `jjjfood_order` WHERE  `jjjfood_order`.`app_id` = 10001  AND `shop_supplier_id` = 10001  AND `pay_status` = 20  AND `order_status` <> 20  AND `order_type` = 0  AND `is_delete` = 0 [ RunTime:0.000336s ]
[2022-03-21T15:57:18+08:00][sql] SELECT SUM(`refund_money`) AS think_sum FROM `jjjfood_order` WHERE  `jjjfood_order`.`app_id` = 10001  AND `shop_supplier_id` = 10001  AND `pay_status` = 20  AND `order_status` <> 20  AND `order_type` = 0  AND `is_delete` = 0 [ RunTime:0.000307s ]
[2022-03-21T15:57:18+08:00][sql] SELECT SUM(`pay_price`) AS think_sum FROM `jjjfood_order` WHERE  `jjjfood_order`.`app_id` = 10001  AND `shop_supplier_id` = 10001  AND `pay_status` = 20  AND `order_status` <> 20  AND `order_type` = 0  AND `is_delete` = 0 [ RunTime:0.000299s ]
[2022-03-21T15:57:18+08:00][sql] SELECT COUNT(*) AS think_count FROM `jjjfood_order` WHERE  `jjjfood_order`.`app_id` = 10001  AND `shop_supplier_id` = 10001  AND `pay_status` = 20  AND `order_status` <> 20  AND `order_type` = 0  AND `is_delete` = 0 [ RunTime:0.000275s ]
[2022-03-21T15:57:18+08:00][sql] SHOW FULL COLUMNS FROM `jjjfood_order_product` [ RunTime:0.002306s ]
[2022-03-21T15:57:18+08:00][sql] SELECT p.product_name,sum(total_pay_price) as total_price,sum(total_num) as total_num FROM `jjjfood_order_product` `op` INNER JOIN `jjjfood_order` `o` ON `op`.`order_id`=`o`.`order_id` INNER JOIN `jjjfood_product` `p` ON `p`.`product_id`=`op`.`product_id` WHERE  `op`.`app_id` = 10001  AND `p`.`product_type` = 0  AND `p`.`shop_supplier_id` = 10001  AND `o`.`pay_status` = 20  AND `o`.`order_status` <> 20 GROUP BY `op`.`product_id` ORDER BY `total_num` DESC LIMIT 10 [ RunTime:0.002202s ]
[2022-03-21T15:57:18+08:00][sql] SELECT p.product_name,sum(total_pay_price) as total_price,sum(total_num) as total_num FROM `jjjfood_order_product` `op` INNER JOIN `jjjfood_order` `o` ON `op`.`order_id`=`o`.`order_id` INNER JOIN `jjjfood_product` `p` ON `p`.`product_id`=`op`.`product_id` WHERE  `op`.`app_id` = 10001  AND `p`.`product_type` = 0  AND `p`.`shop_supplier_id` = 10001  AND `o`.`pay_status` = 20  AND `o`.`order_status` <> 20 GROUP BY `op`.`product_id` ORDER BY `total_price` DESC LIMIT 10 [ RunTime:0.000478s ]
[2022-03-21T15:57:19+08:00][sql] CONNECT:[ UseTime:0.024035s ] mysql:host=127.0.0.1;port=3306;dbname=jjj_food_chain;charset=utf8mb4
[2022-03-21T15:57:19+08:00][sql] SHOW FULL COLUMNS FROM `jjjfood_setting` [ RunTime:0.001113s ]
[2022-03-21T15:57:19+08:00][sql] SHOW FULL COLUMNS FROM `jjjfood_shop_opt_log` [ RunTime:0.002426s ]
[2022-03-21T15:57:19+08:00][sql] INSERT INTO `jjjfood_shop_opt_log` SET `shop_user_id` = 10001 , `ip` = '127.0.0.1' , `request_type` = 'Get' , `url` = '/page/page/home' , `content` = '[]' , `browser` = 'Chrome' , `agent` = 'Mozilla/5.0 (Windows NT 10.0; Win64; x64) AppleWebKit/537.36 (KHTML, like Gecko) Chrome/99.0.4844.74 Safari/537.36 Edg/99.0.1150.46' , `title` = '首页编辑' , `app_id` = 10001 , `create_time` = 1647849439 [ RunTime:0.000422s ]
[2022-03-21T15:57:19+08:00][sql] SHOW FULL COLUMNS FROM `jjjfood_shop_user` [ RunTime:0.000929s ]
[2022-03-21T15:57:19+08:00][sql] SELECT * FROM `jjjfood_shop_user` WHERE  `jjjfood_shop_user`.`app_id` = 10001  AND `is_delete` = 0  AND `shop_user_id` = 10001 LIMIT 1 [ RunTime:0.000426s ]
[2022-03-21T15:57:19+08:00][sql] SHOW FULL COLUMNS FROM `jjjfood_page` [ RunTime:0.002290s ]
[2022-03-21T15:57:19+08:00][sql] SELECT * FROM `jjjfood_page` WHERE  `jjjfood_page`.`app_id` = 10001  AND `page_type` = 10 LIMIT 1 [ RunTime:0.000541s ]
[2022-03-21T15:57:21+08:00][sql] CONNECT:[ UseTime:0.021241s ] mysql:host=127.0.0.1;port=3306;dbname=jjj_food_chain;charset=utf8mb4
[2022-03-21T15:57:21+08:00][sql] SHOW FULL COLUMNS FROM `jjjfood_setting` [ RunTime:0.000962s ]
[2022-03-21T15:57:21+08:00][sql] SHOW FULL COLUMNS FROM `jjjfood_shop_opt_log` [ RunTime:0.006116s ]
[2022-03-21T15:57:21+08:00][sql] INSERT INTO `jjjfood_shop_opt_log` SET `shop_user_id` = 10001 , `ip` = '127.0.0.1' , `request_type` = 'Post' , `url` = '/user/user/index' , `content` = '{\"nick_name\":\"\",\"grade_id\":\"\",\"reg_date\":\"\",\"page\":\"1\",\"list_rows\":\"20\"}' , `browser` = 'Chrome' , `agent` = 'Mozilla/5.0 (Windows NT 10.0; Win64; x64) AppleWebKit/537.36 (KHTML, like Gecko) Chrome/99.0.4844.74 Safari/537.36 Edg/99.0.1150.46' , `title` = '会员管理' , `app_id` = 10001 , `create_time` = 1647849441 [ RunTime:0.000549s ]
[2022-03-21T15:57:21+08:00][sql] SHOW FULL COLUMNS FROM `jjjfood_shop_user` [ RunTime:0.000904s ]
[2022-03-21T15:57:21+08:00][sql] SELECT * FROM `jjjfood_shop_user` WHERE  `jjjfood_shop_user`.`app_id` = 10001  AND `is_delete` = 0  AND `shop_user_id` = 10001 LIMIT 1 [ RunTime:0.000409s ]
[2022-03-21T15:57:21+08:00][sql] SHOW FULL COLUMNS FROM `jjjfood_user` [ RunTime:0.002227s ]
[2022-03-21T15:57:21+08:00][sql] SELECT COUNT(*) AS think_count FROM `jjjfood_user` WHERE  `jjjfood_user`.`app_id` = 10001  AND `is_delete` = 0 [ RunTime:0.000379s ]
[2022-03-21T15:57:21+08:00][sql] SELECT * FROM `jjjfood_user` WHERE  `jjjfood_user`.`app_id` = 10001  AND `is_delete` = 0 ORDER BY `create_time` DESC LIMIT 0,20 [ RunTime:0.000401s ]
[2022-03-21T15:57:21+08:00][sql] SHOW FULL COLUMNS FROM `jjjfood_user_grade` [ RunTime:0.002410s ]
[2022-03-21T15:57:21+08:00][sql] SELECT * FROM `jjjfood_user_grade` WHERE  `jjjfood_user_grade`.`app_id` = 10001  AND `grade_id` = 1 [ RunTime:0.000925s ]
[2022-03-21T15:57:21+08:00][sql] SELECT `grade_id`,`name` FROM `jjjfood_user_grade` WHERE  `jjjfood_user_grade`.`app_id` = 10001  AND `is_delete` = 0 ORDER BY `weight` ASC,`create_time` ASC [ RunTime:0.000611s ]
[2022-03-21T15:57:22+08:00][sql] CONNECT:[ UseTime:0.017605s ] mysql:host=127.0.0.1;port=3306;dbname=jjj_food_chain;charset=utf8mb4
[2022-03-21T15:57:22+08:00][sql] SHOW FULL COLUMNS FROM `jjjfood_setting` [ RunTime:0.000920s ]
[2022-03-21T15:57:22+08:00][sql] SHOW FULL COLUMNS FROM `jjjfood_shop_opt_log` [ RunTime:0.002175s ]
[2022-03-21T15:57:22+08:00][sql] INSERT INTO `jjjfood_shop_opt_log` SET `shop_user_id` = 10001 , `ip` = '127.0.0.1' , `request_type` = 'Post' , `url` = '/supplier/supplier/index' , `content` = '{\"page\":\"1\",\"list_rows\":\"20\"}' , `browser` = 'Chrome' , `agent` = 'Mozilla/5.0 (Windows NT 10.0; Win64; x64) AppleWebKit/537.36 (KHTML, like Gecko) Chrome/99.0.4844.74 Safari/537.36 Edg/99.0.1150.46' , `title` = '门店管理' , `app_id` = 10001 , `create_time` = 1647849442 [ RunTime:0.000412s ]
[2022-03-21T15:57:22+08:00][sql] SHOW FULL COLUMNS FROM `jjjfood_shop_user` [ RunTime:0.000850s ]
[2022-03-21T15:57:22+08:00][sql] SELECT * FROM `jjjfood_shop_user` WHERE  `jjjfood_shop_user`.`app_id` = 10001  AND `is_delete` = 0  AND `shop_user_id` = 10001 LIMIT 1 [ RunTime:0.000357s ]
[2022-03-21T15:57:22+08:00][sql] SHOW FULL COLUMNS FROM `jjjfood_supplier` [ RunTime:0.000824s ]
[2022-03-21T15:57:22+08:00][sql] SELECT COUNT(*) AS think_count FROM `jjjfood_supplier` WHERE  `jjjfood_supplier`.`app_id` = 10001  AND `is_delete` = 0 [ RunTime:0.000318s ]
[2022-03-21T15:57:22+08:00][sql] SELECT * FROM `jjjfood_supplier` WHERE  `jjjfood_supplier`.`app_id` = 10001  AND `is_delete` = 0 ORDER BY `create_time` DESC LIMIT 0,20 [ RunTime:0.000416s ]
[2022-03-21T15:57:22+08:00][sql] SELECT * FROM `jjjfood_shop_user` WHERE  `jjjfood_shop_user`.`app_id` = 10001  AND `is_super` = 1  AND `shop_supplier_id` = 10001 [ RunTime:0.000423s ]
[2022-03-21T15:57:24+08:00][sql] CONNECT:[ UseTime:0.022780s ] mysql:host=127.0.0.1;port=3306;dbname=jjj_food_chain;charset=utf8mb4
[2022-03-21T15:57:24+08:00][sql] SHOW FULL COLUMNS FROM `jjjfood_setting` [ RunTime:0.124158s ]
[2022-03-21T15:57:24+08:00][sql] SHOW FULL COLUMNS FROM `jjjfood_shop_opt_log` [ RunTime:0.001521s ]
[2022-03-21T15:57:24+08:00][sql] INSERT INTO `jjjfood_shop_opt_log` SET `shop_user_id` = 10001 , `ip` = '127.0.0.1' , `request_type` = 'Get' , `url` = '/appsetting/appwx/index' , `content` = '[]' , `browser` = 'Chrome' , `agent` = 'Mozilla/5.0 (Windows NT 10.0; Win64; x64) AppleWebKit/537.36 (KHTML, like Gecko) Chrome/99.0.4844.74 Safari/537.36 Edg/99.0.1150.46' , `title` = '微信小程序' , `app_id` = 10001 , `create_time` = 1647849444 [ RunTime:0.000757s ]
[2022-03-21T15:57:24+08:00][sql] SHOW FULL COLUMNS FROM `jjjfood_shop_user` [ RunTime:0.001720s ]
[2022-03-21T15:57:24+08:00][sql] SELECT * FROM `jjjfood_shop_user` WHERE  `jjjfood_shop_user`.`app_id` = 10001  AND `is_delete` = 0  AND `shop_user_id` = 10001 LIMIT 1 [ RunTime:0.000725s ]
[2022-03-21T15:57:24+08:00][sql] SHOW FULL COLUMNS FROM `jjjfood_app_wx` [ RunTime:0.006171s ]
[2022-03-21T15:57:24+08:00][sql] SELECT * FROM `jjjfood_app_wx` WHERE  `jjjfood_app_wx`.`app_id` = 10001  AND `app_id` = 10001 LIMIT 1 [ RunTime:0.001858s ]
[2022-03-21T15:57:25+08:00][sql] CONNECT:[ UseTime:0.002111s ] mysql:host=127.0.0.1;port=3306;dbname=jjj_food_chain;charset=utf8mb4
[2022-03-21T15:57:25+08:00][sql] SHOW FULL COLUMNS FROM `jjjfood_setting` [ RunTime:0.001184s ]
[2022-03-21T15:57:25+08:00][sql] SHOW FULL COLUMNS FROM `jjjfood_shop_opt_log` [ RunTime:0.001943s ]
[2022-03-21T15:57:25+08:00][sql] INSERT INTO `jjjfood_shop_opt_log` SET `shop_user_id` = 10001 , `ip` = '127.0.0.1' , `request_type` = 'Get' , `url` = '/setting/store/index' , `content` = '[]' , `browser` = 'Chrome' , `agent` = 'Mozilla/5.0 (Windows NT 10.0; Win64; x64) AppleWebKit/537.36 (KHTML, like Gecko) Chrome/99.0.4844.74 Safari/537.36 Edg/99.0.1150.46' , `title` = '商城设置' , `app_id` = 10001 , `create_time` = 1647849445 [ RunTime:0.000528s ]
[2022-03-21T15:57:25+08:00][sql] SHOW FULL COLUMNS FROM `jjjfood_shop_user` [ RunTime:0.000862s ]
[2022-03-21T15:57:25+08:00][sql] SELECT * FROM `jjjfood_shop_user` WHERE  `jjjfood_shop_user`.`app_id` = 10001  AND `is_delete` = 0  AND `shop_user_id` = 10001 LIMIT 1 [ RunTime:0.000409s ]
[2022-03-21T15:57:27+08:00][sql] CONNECT:[ UseTime:0.017462s ] mysql:host=127.0.0.1;port=3306;dbname=jjj_food_chain;charset=utf8mb4
[2022-03-21T15:57:27+08:00][sql] SHOW FULL COLUMNS FROM `jjjfood_setting` [ RunTime:0.000935s ]
[2022-03-21T15:57:27+08:00][sql] SHOW FULL COLUMNS FROM `jjjfood_shop_opt_log` [ RunTime:0.000776s ]
[2022-03-21T15:57:27+08:00][sql] INSERT INTO `jjjfood_shop_opt_log` SET `shop_user_id` = 10001 , `ip` = '127.0.0.1' , `request_type` = 'Post' , `url` = '/auth/user/addInfo' , `content` = '[]' , `browser` = 'Chrome' , `agent` = 'Mozilla/5.0 (Windows NT 10.0; Win64; x64) AppleWebKit/537.36 (KHTML, like Gecko) Chrome/99.0.4844.74 Safari/537.36 Edg/99.0.1150.46' , `title` = '' , `app_id` = 10001 , `create_time` = 1647849447 [ RunTime:0.000413s ]
[2022-03-21T15:57:27+08:00][sql] SHOW FULL COLUMNS FROM `jjjfood_shop_user` [ RunTime:0.001077s ]
[2022-03-21T15:57:27+08:00][sql] SELECT * FROM `jjjfood_shop_user` WHERE  `jjjfood_shop_user`.`app_id` = 10001  AND `is_delete` = 0  AND `shop_user_id` = 10001 LIMIT 1 [ RunTime:0.000505s ]
[2022-03-21T15:57:27+08:00][sql] SHOW FULL COLUMNS FROM `jjjfood_shop_role` [ RunTime:0.027682s ]
[2022-03-21T15:57:27+08:00][sql] SELECT * FROM `jjjfood_shop_role` WHERE  `jjjfood_shop_role`.`app_id` = 10001 ORDER BY `sort` ASC,`create_time` ASC [ RunTime:0.000626s ]
[2022-03-21T15:57:27+08:00][sql] CONNECT:[ UseTime:0.017826s ] mysql:host=127.0.0.1;port=3306;dbname=jjj_food_chain;charset=utf8mb4
[2022-03-21T15:57:27+08:00][sql] SHOW FULL COLUMNS FROM `jjjfood_setting` [ RunTime:0.001134s ]
[2022-03-21T15:57:27+08:00][sql] SHOW FULL COLUMNS FROM `jjjfood_shop_opt_log` [ RunTime:0.001029s ]
[2022-03-21T15:57:27+08:00][sql] INSERT INTO `jjjfood_shop_opt_log` SET `shop_user_id` = 10001 , `ip` = '127.0.0.1' , `request_type` = 'Post' , `url` = '/auth/user/index' , `content` = '{\"page\":\"1\",\"list_rows\":\"20\"}' , `browser` = 'Chrome' , `agent` = 'Mozilla/5.0 (Windows NT 10.0; Win64; x64) AppleWebKit/537.36 (KHTML, like Gecko) Chrome/99.0.4844.74 Safari/537.36 Edg/99.0.1150.46' , `title` = '管理员列表' , `app_id` = 10001 , `create_time` = 1647849447 [ RunTime:0.000422s ]
[2022-03-21T15:57:27+08:00][sql] SHOW FULL COLUMNS FROM `jjjfood_shop_user` [ RunTime:0.000928s ]
[2022-03-21T15:57:27+08:00][sql] SELECT * FROM `jjjfood_shop_user` WHERE  `jjjfood_shop_user`.`app_id` = 10001  AND `is_delete` = 0  AND `shop_user_id` = 10001 LIMIT 1 [ RunTime:0.000409s ]
[2022-03-21T15:57:27+08:00][sql] SELECT COUNT(*) AS think_count FROM `jjjfood_shop_user` WHERE  `jjjfood_shop_user`.`app_id` = 10001  AND `is_delete` = 0 [ RunTime:0.000314s ]
[2022-03-21T15:57:27+08:00][sql] SELECT * FROM `jjjfood_shop_user` WHERE  `jjjfood_shop_user`.`app_id` = 10001  AND `is_delete` = 0 ORDER BY `create_time` DESC LIMIT 0,20 [ RunTime:0.000362s ]
[2022-03-21T15:57:27+08:00][sql] SHOW FULL COLUMNS FROM `jjjfood_shop_user_role` [ RunTime:0.020715s ]
[2022-03-21T15:57:27+08:00][sql] SELECT * FROM `jjjfood_shop_user_role` WHERE  `jjjfood_shop_user_role`.`app_id` = 10001  AND `shop_user_id` = 10001 [ RunTime:0.001719s ]
[2022-03-21T15:57:38+08:00][sql] CONNECT:[ UseTime:0.025823s ] mysql:host=127.0.0.1;port=3306;dbname=jjj_food_chain;charset=utf8mb4
[2022-03-21T15:57:38+08:00][sql] SHOW FULL COLUMNS FROM `jjjfood_app` [ RunTime:0.000974s ]
[2022-03-21T15:57:38+08:00][sql] SELECT COUNT(*) AS think_count FROM `jjjfood_app` `app` LEFT JOIN `jjjfood_shop_user` `user` ON `user`.`app_id`=`app`.`app_id` WHERE  `is_recycle` = 0  AND `user`.`is_super` = 1  AND `app`.`is_delete` = 0 [ RunTime:0.000488s ]
[2022-03-21T15:57:38+08:00][sql] SELECT app.*,user.user_name FROM `jjjfood_app` `app` LEFT JOIN `jjjfood_shop_user` `user` ON `user`.`app_id`=`app`.`app_id` WHERE  `is_recycle` = 0  AND `user`.`is_super` = 1  AND `app`.`is_delete` = 0 ORDER BY `create_time` ASC LIMIT 0,20 [ RunTime:0.000615s ]
[2022-03-21T15:59:24+08:00][sql] CONNECT:[ UseTime:0.024027s ] mysql:host=127.0.0.1;port=3306;dbname=jjj_food_chain;charset=utf8mb4
[2022-03-21T15:59:24+08:00][sql] SHOW FULL COLUMNS FROM `jjjfood_app` [ RunTime:0.002320s ]
[2022-03-21T15:59:24+08:00][sql] SELECT COUNT(*) AS think_count FROM `jjjfood_app` `app` LEFT JOIN `jjjfood_shop_user` `user` ON `user`.`app_id`=`app`.`app_id` WHERE  `is_recycle` = 0  AND `user`.`is_super` = 1  AND `app`.`is_delete` = 0 [ RunTime:0.000578s ]
[2022-03-21T15:59:24+08:00][sql] SELECT app.*,user.user_name FROM `jjjfood_app` `app` LEFT JOIN `jjjfood_shop_user` `user` ON `user`.`app_id`=`app`.`app_id` WHERE  `is_recycle` = 0  AND `user`.`is_super` = 1  AND `app`.`is_delete` = 0 ORDER BY `create_time` ASC LIMIT 0,20 [ RunTime:0.000470s ]
[2022-03-21T15:59:49+08:00][sql] CONNECT:[ UseTime:0.001429s ] mysql:host=127.0.0.1;port=3306;dbname=jjj_food_chain;charset=utf8mb4
[2022-03-21T15:59:49+08:00][sql] SHOW FULL COLUMNS FROM `jjjfood_setting` [ RunTime:0.000897s ]
[2022-03-21T15:59:49+08:00][sql] SELECT `values` FROM `jjjfood_setting` WHERE  `key` = 'sys_config' LIMIT 1 [ RunTime:0.000463s ]
[2022-03-21T15:59:57+08:00][sql] CONNECT:[ UseTime:0.002515s ] mysql:host=127.0.0.1;port=3306;dbname=jjj_food_chain;charset=utf8mb4
[2022-03-21T15:59:57+08:00][sql] SHOW FULL COLUMNS FROM `jjjfood_setting` [ RunTime:0.001305s ]
[2022-03-21T15:59:57+08:00][sql] SELECT * FROM `jjjfood_setting` WHERE  `key` = 'sys_config' LIMIT 1 [ RunTime:0.000721s ]
[2022-03-21T15:59:57+08:00][sql] UPDATE `jjjfood_setting`  SET `values` = '{\"shop_name\":\"\\u7ba1\\u7406\\u7cfb\\u7edf1\",\"shop_bg_img\":\"\",\"supplier_name\":\"\\u70b9\\u9910\\u95e8\\u5e97\\u7ba1\\u7406\\u7cfb\\u7edf\",\"supplier_bg_img\":\"\",\"url\":\"wss:\\/\\/www.jjj-shop-multi.com\",\"service_open\":\"1\"}'  WHERE  `key` = 'sys_config' [ RunTime:0.078768s ]
[2022-03-21T16:00:02+08:00][sql] CONNECT:[ UseTime:0.001548s ] mysql:host=127.0.0.1;port=3306;dbname=jjj_food_chain;charset=utf8mb4
[2022-03-21T16:00:02+08:00][sql] SHOW FULL COLUMNS FROM `jjjfood_shop_access` [ RunTime:0.002328s ]
[2022-03-21T16:00:02+08:00][sql] SELECT * FROM `jjjfood_shop_access` ORDER BY `sort` ASC,`create_time` ASC [ RunTime:0.000855s ]
[2022-03-21T16:00:05+08:00][sql] CONNECT:[ UseTime:0.001498s ] mysql:host=127.0.0.1;port=3306;dbname=jjj_food_chain;charset=utf8mb4
[2022-03-21T16:00:05+08:00][sql] SHOW FULL COLUMNS FROM `jjjfood_app` [ RunTime:0.002341s ]
[2022-03-21T16:00:05+08:00][sql] SELECT COUNT(*) AS think_count FROM `jjjfood_app` `app` LEFT JOIN `jjjfood_shop_user` `user` ON `user`.`app_id`=`app`.`app_id` WHERE  `is_recycle` = 0  AND `user`.`is_super` = 1  AND `app`.`is_delete` = 0 [ RunTime:0.003462s ]
[2022-03-21T16:00:05+08:00][sql] SELECT app.*,user.user_name FROM `jjjfood_app` `app` LEFT JOIN `jjjfood_shop_user` `user` ON `user`.`app_id`=`app`.`app_id` WHERE  `is_recycle` = 0  AND `user`.`is_super` = 1  AND `app`.`is_delete` = 0 ORDER BY `create_time` ASC LIMIT 0,20 [ RunTime:0.000664s ]
[2022-03-21T16:00:08+08:00][sql] CONNECT:[ UseTime:0.001299s ] mysql:host=127.0.0.1;port=3306;dbname=jjj_food_chain;charset=utf8mb4
[2022-03-21T16:00:08+08:00][sql] SHOW FULL COLUMNS FROM `jjjfood_app` [ RunTime:0.000807s ]
[2022-03-21T16:00:08+08:00][sql] SELECT COUNT(*) AS think_count FROM `jjjfood_app` `app` LEFT JOIN `jjjfood_shop_user` `user` ON `user`.`app_id`=`app`.`app_id` WHERE  `is_recycle` = 0  AND `user`.`is_super` = 1  AND `app`.`is_delete` = 0 [ RunTime:0.000449s ]
[2022-03-21T16:00:08+08:00][sql] SELECT app.*,user.user_name FROM `jjjfood_app` `app` LEFT JOIN `jjjfood_shop_user` `user` ON `user`.`app_id`=`app`.`app_id` WHERE  `is_recycle` = 0  AND `user`.`is_super` = 1  AND `app`.`is_delete` = 0 ORDER BY `create_time` ASC LIMIT 0,20 [ RunTime:0.000402s ]
[2022-03-21T16:00:20+08:00][sql] CONNECT:[ UseTime:0.023897s ] mysql:host=127.0.0.1;port=3306;dbname=jjj_food_chain;charset=utf8mb4
[2022-03-21T16:00:20+08:00][sql] SHOW FULL COLUMNS FROM `jjjfood_app` [ RunTime:0.001183s ]
[2022-03-21T16:00:20+08:00][sql] SHOW FULL COLUMNS FROM `jjjfood_shop_user` [ RunTime:0.000795s ]
[2022-03-21T16:00:20+08:00][sql] SELECT `shop_user_id` FROM `jjjfood_shop_user` WHERE  `user_name` = '123456' LIMIT 1 [ RunTime:0.000435s ]
[2022-03-21T16:00:30+08:00][sql] CONNECT:[ UseTime:0.015040s ] mysql:host=127.0.0.1;port=3306;dbname=jjj_food_chain;charset=utf8mb4
[2022-03-21T16:00:30+08:00][sql] SHOW FULL COLUMNS FROM `jjjfood_app` [ RunTime:0.000976s ]
[2022-03-21T16:00:30+08:00][sql] SHOW FULL COLUMNS FROM `jjjfood_shop_user` [ RunTime:0.000812s ]
[2022-03-21T16:00:30+08:00][sql] SELECT `shop_user_id` FROM `jjjfood_shop_user` WHERE  `user_name` = '7788' LIMIT 1 [ RunTime:0.000437s ]
[2022-03-21T16:00:30+08:00][sql] INSERT INTO `jjjfood_app` SET `is_chain` = 0 , `app_name` = '123456' , `create_time` = 1647849630 , `update_time` = 1647849630 [ RunTime:0.000317s ]
[2022-03-21T16:00:30+08:00][sql] SELECT `shop_user_id` FROM `jjjfood_shop_user` WHERE  `user_name` = '7788' LIMIT 1 [ RunTime:0.000345s ]
[2022-03-21T16:00:30+08:00][sql] INSERT INTO `jjjfood_shop_user` SET `user_name` = '7788' , `password` = '06e0213dcf92e986d383029494966903' , `app_id` = 10011 , `is_super` = 1 , `create_time` = 1647849630 , `update_time` = 1647849630 [ RunTime:0.000303s ]
[2022-03-21T16:00:30+08:00][sql] SHOW FULL COLUMNS FROM `jjjfood_page` [ RunTime:0.149333s ]
[2022-03-21T16:00:30+08:00][sql] INSERT INTO `jjjfood_page` SET `page_type` = 10 , `page_name` = '首页' , `page_data` = '{\"page\":{\"type\":\"page\",\"name\":\"\\u9875\\u9762\\u8bbe\\u7f6e\",\"params\":{\"name\":\"\\u9875\\u9762\\u6807\\u9898\",\"title\":\"\\u9875\\u9762\\u6807\\u9898\",\"share_title\":\"\\u5206\\u4eab\\u6807\\u9898\"},\"style\":{\"titleTextColor\":\"black\",\"titleBackgroundColor\":\"#ffffff\"}},\"items\":[{\"type\":\"search\",\"name\":\"\\u641c\\u7d22\\u6846\",\"params\":{\"placeholder\":\"\\u641c\\u7d22\\u5546\\u54c1\"},\"style\":{\"textAlign\":\"center\",\"searchStyle\":\"radius\"}},{\"type\":\"banner\",\"name\":\"\\u56fe\\u7247\\u8f6e\\u64ad\",\"style\":{\"btnColor\":\"#ffffff\",\"btnShape\":\"round\"},\"params\":{\"interval\":\"2800\"},\"data\":[{\"imgUrl\":\"http:\\/\\/localhost:8081\\/assets\\/store\\/img\\/diy\\/banner\\/01.png\",\"linkUrl\":\"\"},{\"imgUrl\":\"http:\\/\\/localhost:8081\\/assets\\/store\\/img\\/diy\\/banner\\/01.png\",\"linkUrl\":\"\"}]}]}' , `app_id` = 10011 , `create_time` = 1647849630 , `update_time` = 1647849630 [ RunTime:0.000392s ]
[2022-03-21T16:00:30+08:00][sql] SHOW FULL COLUMNS FROM `jjjfood_user_grade` [ RunTime:0.181683s ]
[2022-03-21T16:00:30+08:00][sql] INSERT INTO `jjjfood_user_grade` SET `name` = '普通会员' , `is_default` = 1 , `remark` = '新用户即为该等级' , `app_id` = 10011 , `create_time` = 1647849630 , `update_time` = 1647849630 [ RunTime:0.000359s ]
[2022-03-21T16:00:39+08:00][sql] CONNECT:[ UseTime:0.011451s ] mysql:host=127.0.0.1;port=3306;dbname=jjj_food_chain;charset=utf8mb4
[2022-03-21T16:00:39+08:00][sql] SHOW FULL COLUMNS FROM `jjjfood_app` [ RunTime:0.001068s ]
[2022-03-21T16:00:39+08:00][sql] SELECT COUNT(*) AS think_count FROM `jjjfood_app` `app` LEFT JOIN `jjjfood_shop_user` `user` ON `user`.`app_id`=`app`.`app_id` WHERE  `is_recycle` = 0  AND `user`.`is_super` = 1  AND `app`.`is_delete` = 0 [ RunTime:0.000588s ]
[2022-03-21T16:00:39+08:00][sql] SELECT app.*,user.user_name FROM `jjjfood_app` `app` LEFT JOIN `jjjfood_shop_user` `user` ON `user`.`app_id`=`app`.`app_id` WHERE  `is_recycle` = 0  AND `user`.`is_super` = 1  AND `app`.`is_delete` = 0 ORDER BY `create_time` ASC LIMIT 0,20 [ RunTime:0.000528s ]
[2022-03-21T17:14:29+08:00][sql] CONNECT:[ UseTime:0.002312s ] mysql:host=127.0.0.1;port=3306;dbname=jjj_food_chain;charset=utf8mb4
[2022-03-21T17:14:29+08:00][sql] SHOW FULL COLUMNS FROM `jjjfood_app` [ RunTime:0.003243s ]
[2022-03-21T17:14:29+08:00][sql] SELECT COUNT(*) AS think_count FROM `jjjfood_app` `app` LEFT JOIN `jjjfood_shop_user` `user` ON `user`.`app_id`=`app`.`app_id` WHERE  `is_recycle` = 0  AND `user`.`is_super` = 1  AND `app`.`is_delete` = 0 [ RunTime:0.002448s ]
[2022-03-21T17:14:29+08:00][sql] SELECT app.*,user.user_name FROM `jjjfood_app` `app` LEFT JOIN `jjjfood_shop_user` `user` ON `user`.`app_id`=`app`.`app_id` WHERE  `is_recycle` = 0  AND `user`.`is_super` = 1  AND `app`.`is_delete` = 0 ORDER BY `create_time` ASC LIMIT 0,20 [ RunTime:0.000627s ]
[2022-03-21T17:14:52+08:00][sql] CONNECT:[ UseTime:0.019613s ] mysql:host=127.0.0.1;port=3306;dbname=jjj_food_chain;charset=utf8mb4
[2022-03-21T17:14:52+08:00][sql] SHOW FULL COLUMNS FROM `jjjfood_app` [ RunTime:0.001305s ]
[2022-03-21T17:14:52+08:00][sql] SHOW FULL COLUMNS FROM `jjjfood_shop_user` [ RunTime:0.000860s ]
[2022-03-21T17:14:52+08:00][sql] SELECT `shop_user_id` FROM `jjjfood_shop_user` WHERE  `user_name` = '7788' LIMIT 1 [ RunTime:0.000461s ]
[2022-03-21T17:14:52+08:00][sql] INSERT INTO `jjjfood_app` SET `is_chain` = 0 , `app_name` = '7788' , `create_time` = 1647854092 , `update_time` = 1647854092 [ RunTime:0.000373s ]
[2022-03-21T17:14:52+08:00][sql] SELECT `shop_user_id` FROM `jjjfood_shop_user` WHERE  `user_name` = '7788' LIMIT 1 [ RunTime:0.000338s ]
[2022-03-21T17:14:52+08:00][sql] INSERT INTO `jjjfood_shop_user` SET `user_name` = '7788' , `password` = '06e0213dcf92e986d383029494966903' , `app_id` = 10012 , `is_super` = 1 , `create_time` = 1647854092 , `update_time` = 1647854092 [ RunTime:0.000321s ]
[2022-03-21T17:14:52+08:00][sql] SHOW FULL COLUMNS FROM `jjjfood_page` [ RunTime:0.243412s ]
[2022-03-21T17:14:52+08:00][sql] INSERT INTO `jjjfood_page` SET `page_type` = 10 , `page_name` = '首页' , `page_data` = '{\"page\":{\"type\":\"page\",\"name\":\"\\u9875\\u9762\\u8bbe\\u7f6e\",\"params\":{\"name\":\"\\u9875\\u9762\\u6807\\u9898\",\"title\":\"\\u9875\\u9762\\u6807\\u9898\",\"share_title\":\"\\u5206\\u4eab\\u6807\\u9898\"},\"style\":{\"titleTextColor\":\"black\",\"titleBackgroundColor\":\"#ffffff\"}},\"items\":[{\"type\":\"search\",\"name\":\"\\u641c\\u7d22\\u6846\",\"params\":{\"placeholder\":\"\\u641c\\u7d22\\u5546\\u54c1\"},\"style\":{\"textAlign\":\"center\",\"searchStyle\":\"radius\"}},{\"type\":\"banner\",\"name\":\"\\u56fe\\u7247\\u8f6e\\u64ad\",\"style\":{\"btnColor\":\"#ffffff\",\"btnShape\":\"round\"},\"params\":{\"interval\":\"2800\"},\"data\":[{\"imgUrl\":\"http:\\/\\/localhost:8081\\/assets\\/store\\/img\\/diy\\/banner\\/01.png\",\"linkUrl\":\"\"},{\"imgUrl\":\"http:\\/\\/localhost:8081\\/assets\\/store\\/img\\/diy\\/banner\\/01.png\",\"linkUrl\":\"\"}]}]}' , `app_id` = 10012 , `create_time` = 1647854092 , `update_time` = 1647854092 [ RunTime:0.000493s ]
[2022-03-21T17:14:52+08:00][sql] SHOW FULL COLUMNS FROM `jjjfood_user_grade` [ RunTime:0.002737s ]
[2022-03-21T17:14:52+08:00][sql] INSERT INTO `jjjfood_user_grade` SET `name` = '普通会员' , `is_default` = 1 , `remark` = '新用户即为该等级' , `app_id` = 10012 , `create_time` = 1647854092 , `update_time` = 1647854092 [ RunTime:0.000400s ]
[2022-03-21T17:14:52+08:00][sql] SHOW FULL COLUMNS FROM `jjjfood_category` [ RunTime:0.002317s ]
[2022-03-21T17:14:52+08:00][sql] INSERT INTO `jjjfood_category` SET `name` = '新品' , `is_special` = 1 , `type` = 0 , `app_id` = 10012 , `create_time` = 1647854092 , `update_time` = 1647854092 [ RunTime:0.000341s ]
[2022-03-21T17:14:52+08:00][sql] INSERT INTO `jjjfood_category` SET `name` = '热卖' , `is_special` = 1 , `type` = 0 , `app_id` = 10012 , `create_time` = 1647854092 , `update_time` = 1647854092 [ RunTime:0.000306s ]
[2022-03-21T17:14:52+08:00][sql] INSERT INTO `jjjfood_category` SET `name` = '套餐' , `is_special` = 1 , `type` = 0 , `app_id` = 10012 , `create_time` = 1647854092 , `update_time` = 1647854092 [ RunTime:0.000302s ]
[2022-03-21T17:14:52+08:00][sql] INSERT INTO `jjjfood_category` SET `name` = '新品' , `is_special` = 1 , `type` = 1 , `app_id` = 10012 , `create_time` = 1647854092 , `update_time` = 1647854092 [ RunTime:0.000338s ]
[2022-03-21T17:14:52+08:00][sql] INSERT INTO `jjjfood_category` SET `name` = '热卖' , `is_special` = 1 , `type` = 1 , `app_id` = 10012 , `create_time` = 1647854092 , `update_time` = 1647854092 [ RunTime:0.000319s ]
[2022-03-21T17:14:52+08:00][sql] INSERT INTO `jjjfood_category` SET `name` = '套餐' , `is_special` = 1 , `type` = 1 , `app_id` = 10012 , `create_time` = 1647854092 , `update_time` = 1647854092 [ RunTime:0.000307s ]
[2022-03-21T17:14:53+08:00][sql] CONNECT:[ UseTime:0.024865s ] mysql:host=127.0.0.1;port=3306;dbname=jjj_food_chain;charset=utf8mb4
[2022-03-21T17:14:53+08:00][sql] SHOW FULL COLUMNS FROM `jjjfood_app` [ RunTime:0.002430s ]
[2022-03-21T17:14:53+08:00][sql] SELECT COUNT(*) AS think_count FROM `jjjfood_app` `app` LEFT JOIN `jjjfood_shop_user` `user` ON `user`.`app_id`=`app`.`app_id` WHERE  `is_recycle` = 0  AND `user`.`is_super` = 1  AND `app`.`is_delete` = 0 [ RunTime:0.000604s ]
[2022-03-21T17:14:53+08:00][sql] SELECT app.*,user.user_name FROM `jjjfood_app` `app` LEFT JOIN `jjjfood_shop_user` `user` ON `user`.`app_id`=`app`.`app_id` WHERE  `is_recycle` = 0  AND `user`.`is_super` = 1  AND `app`.`is_delete` = 0 ORDER BY `create_time` ASC LIMIT 0,20 [ RunTime:0.000494s ]
