[2022-03-29T11:01:29+08:00][sql] CONNECT:[ UseTime:0.002985s ] mysql:host=127.0.0.1;port=3306;dbname=jjj_food_chain;charset=utf8mb4
[2022-03-29T11:01:29+08:00][sql] SHOW FULL COLUMNS FROM `jjjfood_admin_user` [ RunTime:0.230268s ]
[2022-03-29T11:01:29+08:00][sql] SELECT * FROM `jjjfood_admin_user` WHERE  `user_name` = 'admin'  AND `password` = '06e0213dcf92e986d383029494966903' LIMIT 1 [ RunTime:0.001028s ]
[2022-03-29T11:01:31+08:00][sql] CONNECT:[ UseTime:0.001325s ] mysql:host=127.0.0.1;port=3306;dbname=jjj_food_chain;charset=utf8mb4
[2022-03-29T11:01:31+08:00][sql] SHOW FULL COLUMNS FROM `jjjfood_app` [ RunTime:0.028335s ]
[2022-03-29T11:01:31+08:00][sql] SELECT COUNT(*) AS think_count FROM `jjjfood_app` `app` LEFT JOIN `jjjfood_shop_user` `user` ON `user`.`app_id`=`app`.`app_id` WHERE  `is_recycle` = 0  AND `user`.`is_super` = 1  AND `app`.`is_delete` = 0 [ RunTime:0.032109s ]
[2022-03-29T11:01:31+08:00][sql] SELECT app.*,user.user_name FROM `jjjfood_app` `app` LEFT JOIN `jjjfood_shop_user` `user` ON `user`.`app_id`=`app`.`app_id` WHERE  `is_recycle` = 0  AND `user`.`is_super` = 1  AND `app`.`is_delete` = 0 ORDER BY `create_time` ASC LIMIT 0,20 [ RunTime:0.000553s ]
[2022-03-29T11:01:36+08:00][sql] CONNECT:[ UseTime:0.007041s ] mysql:host=127.0.0.1;port=3306;dbname=jjj_food_chain;charset=utf8mb4
[2022-03-29T11:01:36+08:00][sql] SHOW FULL COLUMNS FROM `jjjfood_app` [ RunTime:0.002835s ]
[2022-03-29T11:01:36+08:00][sql] SELECT * FROM `jjjfood_app` WHERE  `app_id` = 10013 LIMIT 1 [ RunTime:0.000554s ]
[2022-03-29T11:01:36+08:00][sql] UPDATE `jjjfood_app`  SET `is_delete` = 1 , `update_time` = 1648522896  WHERE  `app_id` = 10013 [ RunTime:0.000543s ]
[2022-03-29T11:01:40+08:00][sql] CONNECT:[ UseTime:0.001408s ] mysql:host=127.0.0.1;port=3306;dbname=jjj_food_chain;charset=utf8mb4
[2022-03-29T11:01:40+08:00][sql] SHOW FULL COLUMNS FROM `jjjfood_app` [ RunTime:0.002578s ]
[2022-03-29T11:01:40+08:00][sql] SELECT COUNT(*) AS think_count FROM `jjjfood_app` `app` LEFT JOIN `jjjfood_shop_user` `user` ON `user`.`app_id`=`app`.`app_id` WHERE  `is_recycle` = 0  AND `user`.`is_super` = 1  AND `app`.`is_delete` = 0 [ RunTime:0.003536s ]
[2022-03-29T11:01:40+08:00][sql] SELECT app.*,user.user_name FROM `jjjfood_app` `app` LEFT JOIN `jjjfood_shop_user` `user` ON `user`.`app_id`=`app`.`app_id` WHERE  `is_recycle` = 0  AND `user`.`is_super` = 1  AND `app`.`is_delete` = 0 ORDER BY `create_time` ASC LIMIT 0,20 [ RunTime:0.000569s ]
[2022-03-29T11:01:50+08:00][sql] CONNECT:[ UseTime:0.018188s ] mysql:host=127.0.0.1;port=3306;dbname=jjj_food_chain;charset=utf8mb4
[2022-03-29T11:01:50+08:00][sql] SHOW FULL COLUMNS FROM `jjjfood_app` [ RunTime:0.002426s ]
[2022-03-29T11:01:50+08:00][sql] SHOW FULL COLUMNS FROM `jjjfood_shop_user` [ RunTime:0.002334s ]
[2022-03-29T11:01:50+08:00][sql] SELECT `shop_user_id` FROM `jjjfood_shop_user` WHERE  `user_name` = '778899' LIMIT 1 [ RunTime:0.000925s ]
[2022-03-29T11:01:50+08:00][sql] INSERT INTO `jjjfood_app` SET `is_chain` = 0 , `app_name` = '778899' , `create_time` = 1648522910 , `update_time` = 1648522910 [ RunTime:0.000358s ]
[2022-03-29T11:01:50+08:00][sql] SELECT `shop_user_id` FROM `jjjfood_shop_user` WHERE  `user_name` = '778899' LIMIT 1 [ RunTime:0.000302s ]
[2022-03-29T11:01:50+08:00][sql] INSERT INTO `jjjfood_shop_user` SET `user_name` = '778899' , `password` = 'c62e0c4ef270e5bae900b9777087317b' , `app_id` = 10014 , `is_super` = 1 , `create_time` = 1648522910 , `update_time` = 1648522910 [ RunTime:0.000487s ]
[2022-03-29T11:01:50+08:00][sql] SHOW FULL COLUMNS FROM `jjjfood_page` [ RunTime:0.020186s ]
[2022-03-29T11:01:50+08:00][sql] INSERT INTO `jjjfood_page` SET `page_type` = 10 , `page_name` = '首页' , `page_data` = '{\"page\":{\"type\":\"page\",\"name\":\"\\u9875\\u9762\\u8bbe\\u7f6e\",\"params\":{\"name\":\"\\u9875\\u9762\\u6807\\u9898\",\"title\":\"\\u9875\\u9762\\u6807\\u9898\",\"share_title\":\"\\u5206\\u4eab\\u6807\\u9898\"},\"style\":{\"titleTextColor\":\"black\",\"titleBackgroundColor\":\"#ffffff\"}},\"items\":[{\"type\":\"search\",\"name\":\"\\u641c\\u7d22\\u6846\",\"params\":{\"placeholder\":\"\\u641c\\u7d22\\u5546\\u54c1\"},\"style\":{\"textAlign\":\"center\",\"searchStyle\":\"radius\"}},{\"type\":\"banner\",\"name\":\"\\u56fe\\u7247\\u8f6e\\u64ad\",\"style\":{\"btnColor\":\"#ffffff\",\"btnShape\":\"round\"},\"params\":{\"interval\":\"2800\"},\"data\":[{\"imgUrl\":\"http:\\/\\/localhost:8081\\/assets\\/store\\/img\\/diy\\/banner\\/01.png\",\"linkUrl\":\"\"},{\"imgUrl\":\"http:\\/\\/localhost:8081\\/assets\\/store\\/img\\/diy\\/banner\\/01.png\",\"linkUrl\":\"\"}]}]}' , `app_id` = 10014 , `create_time` = 1648522910 , `update_time` = 1648522910 [ RunTime:0.003405s ]
[2022-03-29T11:01:50+08:00][sql] SHOW FULL COLUMNS FROM `jjjfood_user_grade` [ RunTime:0.024050s ]
[2022-03-29T11:01:50+08:00][sql] INSERT INTO `jjjfood_user_grade` SET `name` = '普通会员' , `is_default` = 1 , `remark` = '新用户即为该等级' , `app_id` = 10014 , `create_time` = 1648522910 , `update_time` = 1648522910 [ RunTime:0.000694s ]
[2022-03-29T11:01:50+08:00][sql] SHOW FULL COLUMNS FROM `jjjfood_category` [ RunTime:0.006771s ]
[2022-03-29T11:01:50+08:00][sql] INSERT INTO `jjjfood_category` SET `name` = '新品' , `is_special` = 1 , `type` = 0 , `app_id` = 10014 , `create_time` = 1648522910 , `update_time` = 1648522910 [ RunTime:0.000350s ]
[2022-03-29T11:01:50+08:00][sql] INSERT INTO `jjjfood_category` SET `name` = '热卖' , `is_special` = 1 , `type` = 0 , `app_id` = 10014 , `create_time` = 1648522910 , `update_time` = 1648522910 [ RunTime:0.000284s ]
[2022-03-29T11:01:50+08:00][sql] INSERT INTO `jjjfood_category` SET `name` = '套餐' , `is_special` = 1 , `type` = 0 , `app_id` = 10014 , `create_time` = 1648522910 , `update_time` = 1648522910 [ RunTime:0.000297s ]
[2022-03-29T11:01:50+08:00][sql] INSERT INTO `jjjfood_category` SET `name` = '新品' , `is_special` = 1 , `type` = 1 , `app_id` = 10014 , `create_time` = 1648522910 , `update_time` = 1648522910 [ RunTime:0.000314s ]
[2022-03-29T11:01:50+08:00][sql] INSERT INTO `jjjfood_category` SET `name` = '热卖' , `is_special` = 1 , `type` = 1 , `app_id` = 10014 , `create_time` = 1648522910 , `update_time` = 1648522910 [ RunTime:0.000377s ]
[2022-03-29T11:01:50+08:00][sql] INSERT INTO `jjjfood_category` SET `name` = '套餐' , `is_special` = 1 , `type` = 1 , `app_id` = 10014 , `create_time` = 1648522910 , `update_time` = 1648522910 [ RunTime:0.000295s ]
[2022-03-29T11:01:51+08:00][sql] CONNECT:[ UseTime:0.022483s ] mysql:host=127.0.0.1;port=3306;dbname=jjj_food_chain;charset=utf8mb4
[2022-03-29T11:01:51+08:00][sql] SHOW FULL COLUMNS FROM `jjjfood_app` [ RunTime:0.002388s ]
[2022-03-29T11:01:51+08:00][sql] SELECT COUNT(*) AS think_count FROM `jjjfood_app` `app` LEFT JOIN `jjjfood_shop_user` `user` ON `user`.`app_id`=`app`.`app_id` WHERE  `is_recycle` = 0  AND `user`.`is_super` = 1  AND `app`.`is_delete` = 0 [ RunTime:0.001952s ]
[2022-03-29T11:01:51+08:00][sql] SELECT app.*,user.user_name FROM `jjjfood_app` `app` LEFT JOIN `jjjfood_shop_user` `user` ON `user`.`app_id`=`app`.`app_id` WHERE  `is_recycle` = 0  AND `user`.`is_super` = 1  AND `app`.`is_delete` = 0 ORDER BY `create_time` ASC LIMIT 0,20 [ RunTime:0.000731s ]
[2022-03-29T11:01:55+08:00][sql] CONNECT:[ UseTime:0.003978s ] mysql:host=127.0.0.1;port=3306;dbname=jjj_food_chain;charset=utf8mb4
[2022-03-29T11:01:55+08:00][sql] SHOW FULL COLUMNS FROM `jjjfood_app` [ RunTime:0.002896s ]
[2022-03-29T11:01:55+08:00][sql] SELECT * FROM `jjjfood_app` WHERE  `app_id` = 10014 LIMIT 1 [ RunTime:0.000564s ]
[2022-03-29T11:01:55+08:00][sql] UPDATE `jjjfood_app`  SET `is_delete` = 1 , `update_time` = 1648522915  WHERE  `app_id` = 10014 [ RunTime:0.000406s ]
[2022-03-29T11:01:59+08:00][sql] CONNECT:[ UseTime:0.001322s ] mysql:host=127.0.0.1;port=3306;dbname=jjj_food_chain;charset=utf8mb4
[2022-03-29T11:01:59+08:00][sql] SHOW FULL COLUMNS FROM `jjjfood_app` [ RunTime:0.002995s ]
[2022-03-29T11:01:59+08:00][sql] SELECT COUNT(*) AS think_count FROM `jjjfood_app` `app` LEFT JOIN `jjjfood_shop_user` `user` ON `user`.`app_id`=`app`.`app_id` WHERE  `is_recycle` = 0  AND `user`.`is_super` = 1  AND `app`.`is_delete` = 0 [ RunTime:0.002115s ]
[2022-03-29T11:01:59+08:00][sql] SELECT app.*,user.user_name FROM `jjjfood_app` `app` LEFT JOIN `jjjfood_shop_user` `user` ON `user`.`app_id`=`app`.`app_id` WHERE  `is_recycle` = 0  AND `user`.`is_super` = 1  AND `app`.`is_delete` = 0 ORDER BY `create_time` ASC LIMIT 0,20 [ RunTime:0.000448s ]
[2022-03-29T11:02:08+08:00][sql] CONNECT:[ UseTime:0.013965s ] mysql:host=127.0.0.1;port=3306;dbname=jjj_food_chain;charset=utf8mb4
[2022-03-29T11:02:08+08:00][sql] SHOW FULL COLUMNS FROM `jjjfood_app` [ RunTime:0.002423s ]
[2022-03-29T11:02:08+08:00][sql] SHOW FULL COLUMNS FROM `jjjfood_shop_user` [ RunTime:0.003758s ]
[2022-03-29T11:02:08+08:00][sql] SELECT `shop_user_id` FROM `jjjfood_shop_user` WHERE  `user_name` = '778899' LIMIT 1 [ RunTime:0.000851s ]
[2022-03-29T11:02:13+08:00][sql] CONNECT:[ UseTime:0.014569s ] mysql:host=127.0.0.1;port=3306;dbname=jjj_food_chain;charset=utf8mb4
[2022-03-29T11:02:13+08:00][sql] SHOW FULL COLUMNS FROM `jjjfood_app` [ RunTime:0.002440s ]
[2022-03-29T11:02:13+08:00][sql] SHOW FULL COLUMNS FROM `jjjfood_shop_user` [ RunTime:0.003170s ]
[2022-03-29T11:02:13+08:00][sql] SELECT `shop_user_id` FROM `jjjfood_shop_user` WHERE  `user_name` = '7788991' LIMIT 1 [ RunTime:0.001801s ]
[2022-03-29T11:02:13+08:00][sql] INSERT INTO `jjjfood_app` SET `is_chain` = 0 , `app_name` = '7788991' , `create_time` = 1648522933 , `update_time` = 1648522933 [ RunTime:0.000522s ]
[2022-03-29T11:02:13+08:00][sql] SELECT `shop_user_id` FROM `jjjfood_shop_user` WHERE  `user_name` = '7788991' LIMIT 1 [ RunTime:0.000427s ]
[2022-03-29T11:02:13+08:00][sql] INSERT INTO `jjjfood_shop_user` SET `user_name` = '7788991' , `password` = 'c62e0c4ef270e5bae900b9777087317b' , `app_id` = 10015 , `is_super` = 1 , `create_time` = 1648522933 , `update_time` = 1648522933 [ RunTime:0.000325s ]
[2022-03-29T11:02:13+08:00][sql] SHOW FULL COLUMNS FROM `jjjfood_page` [ RunTime:0.002191s ]
[2022-03-29T11:02:13+08:00][sql] INSERT INTO `jjjfood_page` SET `page_type` = 10 , `page_name` = '首页' , `page_data` = '{\"page\":{\"type\":\"page\",\"name\":\"\\u9875\\u9762\\u8bbe\\u7f6e\",\"params\":{\"name\":\"\\u9875\\u9762\\u6807\\u9898\",\"title\":\"\\u9875\\u9762\\u6807\\u9898\",\"share_title\":\"\\u5206\\u4eab\\u6807\\u9898\"},\"style\":{\"titleTextColor\":\"black\",\"titleBackgroundColor\":\"#ffffff\"}},\"items\":[{\"type\":\"search\",\"name\":\"\\u641c\\u7d22\\u6846\",\"params\":{\"placeholder\":\"\\u641c\\u7d22\\u5546\\u54c1\"},\"style\":{\"textAlign\":\"center\",\"searchStyle\":\"radius\"}},{\"type\":\"banner\",\"name\":\"\\u56fe\\u7247\\u8f6e\\u64ad\",\"style\":{\"btnColor\":\"#ffffff\",\"btnShape\":\"round\"},\"params\":{\"interval\":\"2800\"},\"data\":[{\"imgUrl\":\"http:\\/\\/localhost:8081\\/assets\\/store\\/img\\/diy\\/banner\\/01.png\",\"linkUrl\":\"\"},{\"imgUrl\":\"http:\\/\\/localhost:8081\\/assets\\/store\\/img\\/diy\\/banner\\/01.png\",\"linkUrl\":\"\"}]}]}' , `app_id` = 10015 , `create_time` = 1648522933 , `update_time` = 1648522933 [ RunTime:0.000361s ]
[2022-03-29T11:02:13+08:00][sql] SHOW FULL COLUMNS FROM `jjjfood_user_grade` [ RunTime:0.156087s ]
[2022-03-29T11:02:13+08:00][sql] INSERT INTO `jjjfood_user_grade` SET `name` = '普通会员' , `is_default` = 1 , `remark` = '新用户即为该等级' , `app_id` = 10015 , `create_time` = 1648522933 , `update_time` = 1648522933 [ RunTime:0.000371s ]
[2022-03-29T11:02:13+08:00][sql] SHOW FULL COLUMNS FROM `jjjfood_category` [ RunTime:0.002573s ]
[2022-03-29T11:02:13+08:00][sql] INSERT INTO `jjjfood_category` SET `name` = '新品' , `is_special` = 1 , `type` = 0 , `app_id` = 10015 , `create_time` = 1648522933 , `update_time` = 1648522933 [ RunTime:0.000352s ]
[2022-03-29T11:02:13+08:00][sql] INSERT INTO `jjjfood_category` SET `name` = '热卖' , `is_special` = 1 , `type` = 0 , `app_id` = 10015 , `create_time` = 1648522933 , `update_time` = 1648522933 [ RunTime:0.000290s ]
[2022-03-29T11:02:13+08:00][sql] INSERT INTO `jjjfood_category` SET `name` = '套餐' , `is_special` = 1 , `type` = 0 , `app_id` = 10015 , `create_time` = 1648522933 , `update_time` = 1648522933 [ RunTime:0.000393s ]
[2022-03-29T11:02:13+08:00][sql] INSERT INTO `jjjfood_category` SET `name` = '新品' , `is_special` = 1 , `type` = 1 , `app_id` = 10015 , `create_time` = 1648522933 , `update_time` = 1648522933 [ RunTime:0.000323s ]
[2022-03-29T11:02:13+08:00][sql] INSERT INTO `jjjfood_category` SET `name` = '热卖' , `is_special` = 1 , `type` = 1 , `app_id` = 10015 , `create_time` = 1648522933 , `update_time` = 1648522933 [ RunTime:0.000281s ]
[2022-03-29T11:02:13+08:00][sql] INSERT INTO `jjjfood_category` SET `name` = '套餐' , `is_special` = 1 , `type` = 1 , `app_id` = 10015 , `create_time` = 1648522933 , `update_time` = 1648522933 [ RunTime:0.000257s ]
[2022-03-29T11:02:13+08:00][sql] CONNECT:[ UseTime:0.011529s ] mysql:host=127.0.0.1;port=3306;dbname=jjj_food_chain;charset=utf8mb4
[2022-03-29T11:02:13+08:00][sql] SHOW FULL COLUMNS FROM `jjjfood_app` [ RunTime:0.086888s ]
[2022-03-29T11:02:13+08:00][sql] SELECT COUNT(*) AS think_count FROM `jjjfood_app` `app` LEFT JOIN `jjjfood_shop_user` `user` ON `user`.`app_id`=`app`.`app_id` WHERE  `is_recycle` = 0  AND `user`.`is_super` = 1  AND `app`.`is_delete` = 0 [ RunTime:0.002247s ]
[2022-03-29T11:02:13+08:00][sql] SELECT app.*,user.user_name FROM `jjjfood_app` `app` LEFT JOIN `jjjfood_shop_user` `user` ON `user`.`app_id`=`app`.`app_id` WHERE  `is_recycle` = 0  AND `user`.`is_super` = 1  AND `app`.`is_delete` = 0 ORDER BY `create_time` ASC LIMIT 0,20 [ RunTime:0.000629s ]
[2022-03-29T11:02:26+08:00][sql] CONNECT:[ UseTime:0.001366s ] mysql:host=127.0.0.1;port=3306;dbname=jjj_food_chain;charset=utf8mb4
[2022-03-29T11:02:26+08:00][sql] SHOW FULL COLUMNS FROM `jjjfood_shop_user` [ RunTime:0.002373s ]
[2022-03-29T11:02:26+08:00][sql] SELECT * FROM `jjjfood_shop_user` WHERE  `is_delete` = 0  AND `shop_user_id` = 0 LIMIT 1 [ RunTime:0.000394s ]
[2022-03-29T11:02:26+08:00][sql] SHOW FULL COLUMNS FROM `jjjfood_setting` [ RunTime:0.017864s ]
[2022-03-29T11:02:26+08:00][sql] SELECT `values` FROM `jjjfood_setting` WHERE  `key` = 'sys_config' LIMIT 1 [ RunTime:0.011004s ]
[2022-03-29T11:02:33+08:00][sql] CONNECT:[ UseTime:0.002129s ] mysql:host=127.0.0.1;port=3306;dbname=jjj_food_chain;charset=utf8mb4
[2022-03-29T11:02:33+08:00][sql] SHOW FULL COLUMNS FROM `jjjfood_shop_user` [ RunTime:0.003442s ]
[2022-03-29T11:02:33+08:00][sql] SELECT * FROM `jjjfood_shop_user` WHERE  `is_delete` = 0  AND `shop_user_id` = 0 LIMIT 1 [ RunTime:0.000686s ]
[2022-03-29T11:02:33+08:00][sql] SELECT * FROM `jjjfood_shop_user` WHERE  `user_name` = 'admin'  AND `password` = '06e0213dcf92e986d383029494966903'  AND `is_delete` = 0 LIMIT 1 [ RunTime:0.000491s ]
[2022-03-29T11:02:33+08:00][sql] SHOW FULL COLUMNS FROM `jjjfood_app` [ RunTime:0.002402s ]
[2022-03-29T11:02:33+08:00][sql] SELECT * FROM `jjjfood_app` WHERE  `app_id` = 10001 [ RunTime:0.000366s ]
[2022-03-29T11:02:33+08:00][sql] SHOW FULL COLUMNS FROM `jjjfood_supplier` [ RunTime:0.026930s ]
[2022-03-29T11:02:33+08:00][sql] SELECT * FROM `jjjfood_supplier` WHERE  `shop_supplier_id` = 10001 [ RunTime:0.000523s ]
[2022-03-29T11:02:33+08:00][sql] SHOW FULL COLUMNS FROM `jjjfood_shop_login_log` [ RunTime:0.009788s ]
[2022-03-29T11:02:33+08:00][sql] INSERT INTO `jjjfood_shop_login_log` SET `username` = 'admin' , `ip` = '127.0.0.1' , `result` = '登录成功' , `app_id` = 10001 , `create_time` = 1648522953 [ RunTime:0.000446s ]
[2022-03-29T11:02:34+08:00][sql] CONNECT:[ UseTime:0.001728s ] mysql:host=127.0.0.1;port=3306;dbname=jjj_food_chain;charset=utf8mb4
[2022-03-29T11:02:34+08:00][sql] SHOW FULL COLUMNS FROM `jjjfood_shop_user` [ RunTime:0.134160s ]
[2022-03-29T11:02:34+08:00][sql] SELECT * FROM `jjjfood_shop_user` WHERE  `jjjfood_shop_user`.`app_id` = 10001  AND `is_delete` = 0  AND `shop_user_id` = 10001 LIMIT 1 [ RunTime:0.000635s ]
[2022-03-29T11:02:34+08:00][sql] SELECT * FROM `jjjfood_shop_user` WHERE  `jjjfood_shop_user`.`app_id` = 10001  AND `shop_user_id` = 10001 LIMIT 1 [ RunTime:0.000587s ]
[2022-03-29T11:02:34+08:00][sql] SHOW FULL COLUMNS FROM `jjjfood_shop_access` [ RunTime:0.004512s ]
[2022-03-29T11:02:34+08:00][sql] SELECT * FROM `jjjfood_shop_access` WHERE  `is_show` = 1 ORDER BY `sort` ASC,`create_time` ASC [ RunTime:0.023130s ]
[2022-03-29T11:02:34+08:00][sql] CONNECT:[ UseTime:0.001417s ] mysql:host=127.0.0.1;port=3306;dbname=jjj_food_chain;charset=utf8mb4
[2022-03-29T11:02:34+08:00][sql] SHOW FULL COLUMNS FROM `jjjfood_shop_user` [ RunTime:0.003230s ]
[2022-03-29T11:02:34+08:00][sql] SELECT * FROM `jjjfood_shop_user` WHERE  `jjjfood_shop_user`.`app_id` = 10001  AND `is_delete` = 0  AND `shop_user_id` = 10001 LIMIT 1 [ RunTime:0.000795s ]
[2022-03-29T11:02:34+08:00][sql] SHOW FULL COLUMNS FROM `jjjfood_setting` [ RunTime:0.005601s ]
[2022-03-29T11:02:34+08:00][sql] CONNECT:[ UseTime:0.011351s ] mysql:host=127.0.0.1;port=3306;dbname=jjj_food_chain;charset=utf8mb4
[2022-03-29T11:02:34+08:00][sql] SHOW FULL COLUMNS FROM `jjjfood_shop_user` [ RunTime:0.002315s ]
[2022-03-29T11:02:34+08:00][sql] SELECT * FROM `jjjfood_shop_user` WHERE  `jjjfood_shop_user`.`app_id` = 10001  AND `is_delete` = 0  AND `shop_user_id` = 10001 LIMIT 1 [ RunTime:0.000484s ]
[2022-03-29T11:02:34+08:00][sql] SHOW FULL COLUMNS FROM `jjjfood_order` [ RunTime:0.021007s ]
[2022-03-29T11:02:34+08:00][sql] SELECT SUM(`pay_price`) AS think_sum FROM `jjjfood_order` WHERE  `jjjfood_order`.`app_id` = 10001  AND `pay_time` >= 1647878400  AND `pay_time` < 1647964800  AND `is_delete` = 0  AND `pay_status` = 20  AND `order_status` <> 20 [ RunTime:0.000454s ]
[2022-03-29T11:02:34+08:00][sql] SELECT COUNT(*) AS think_count FROM `jjjfood_order` WHERE  `jjjfood_order`.`app_id` = 10001  AND `pay_time` >= 1647878400  AND `pay_time` < 1647964800  AND `is_delete` = 0  AND `pay_status` = 20  AND `order_status` <> 20 [ RunTime:0.000297s ]
[2022-03-29T11:02:34+08:00][sql] SELECT SUM(`pay_price`) AS think_sum FROM `jjjfood_order` WHERE  `jjjfood_order`.`app_id` = 10001  AND `pay_time` >= 1647964800  AND `pay_time` < 1648051200  AND `is_delete` = 0  AND `pay_status` = 20  AND `order_status` <> 20 [ RunTime:0.000283s ]
[2022-03-29T11:02:34+08:00][sql] SELECT COUNT(*) AS think_count FROM `jjjfood_order` WHERE  `jjjfood_order`.`app_id` = 10001  AND `pay_time` >= 1647964800  AND `pay_time` < 1648051200  AND `is_delete` = 0  AND `pay_status` = 20  AND `order_status` <> 20 [ RunTime:0.000283s ]
[2022-03-29T11:02:34+08:00][sql] SELECT SUM(`pay_price`) AS think_sum FROM `jjjfood_order` WHERE  `jjjfood_order`.`app_id` = 10001  AND `pay_time` >= 1648051200  AND `pay_time` < 1648137600  AND `is_delete` = 0  AND `pay_status` = 20  AND `order_status` <> 20 [ RunTime:0.000277s ]
[2022-03-29T11:02:34+08:00][sql] SELECT COUNT(*) AS think_count FROM `jjjfood_order` WHERE  `jjjfood_order`.`app_id` = 10001  AND `pay_time` >= 1648051200  AND `pay_time` < 1648137600  AND `is_delete` = 0  AND `pay_status` = 20  AND `order_status` <> 20 [ RunTime:0.000265s ]
[2022-03-29T11:02:34+08:00][sql] SELECT SUM(`pay_price`) AS think_sum FROM `jjjfood_order` WHERE  `jjjfood_order`.`app_id` = 10001  AND `pay_time` >= 1648137600  AND `pay_time` < 1648224000  AND `is_delete` = 0  AND `pay_status` = 20  AND `order_status` <> 20 [ RunTime:0.000296s ]
[2022-03-29T11:02:34+08:00][sql] SELECT COUNT(*) AS think_count FROM `jjjfood_order` WHERE  `jjjfood_order`.`app_id` = 10001  AND `pay_time` >= 1648137600  AND `pay_time` < 1648224000  AND `is_delete` = 0  AND `pay_status` = 20  AND `order_status` <> 20 [ RunTime:0.000390s ]
[2022-03-29T11:02:34+08:00][sql] SELECT SUM(`pay_price`) AS think_sum FROM `jjjfood_order` WHERE  `jjjfood_order`.`app_id` = 10001  AND `pay_time` >= 1648224000  AND `pay_time` < 1648310400  AND `is_delete` = 0  AND `pay_status` = 20  AND `order_status` <> 20 [ RunTime:0.000896s ]
[2022-03-29T11:02:34+08:00][sql] SELECT COUNT(*) AS think_count FROM `jjjfood_order` WHERE  `jjjfood_order`.`app_id` = 10001  AND `pay_time` >= 1648224000  AND `pay_time` < 1648310400  AND `is_delete` = 0  AND `pay_status` = 20  AND `order_status` <> 20 [ RunTime:0.000768s ]
[2022-03-29T11:02:34+08:00][sql] SELECT SUM(`pay_price`) AS think_sum FROM `jjjfood_order` WHERE  `jjjfood_order`.`app_id` = 10001  AND `pay_time` >= 1648310400  AND `pay_time` < 1648396800  AND `is_delete` = 0  AND `pay_status` = 20  AND `order_status` <> 20 [ RunTime:0.000535s ]
[2022-03-29T11:02:34+08:00][sql] SELECT COUNT(*) AS think_count FROM `jjjfood_order` WHERE  `jjjfood_order`.`app_id` = 10001  AND `pay_time` >= 1648310400  AND `pay_time` < 1648396800  AND `is_delete` = 0  AND `pay_status` = 20  AND `order_status` <> 20 [ RunTime:0.000530s ]
[2022-03-29T11:02:34+08:00][sql] SELECT SUM(`pay_price`) AS think_sum FROM `jjjfood_order` WHERE  `jjjfood_order`.`app_id` = 10001  AND `pay_time` >= 1648396800  AND `pay_time` < 1648483200  AND `is_delete` = 0  AND `pay_status` = 20  AND `order_status` <> 20 [ RunTime:0.000428s ]
[2022-03-29T11:02:34+08:00][sql] SELECT COUNT(*) AS think_count FROM `jjjfood_order` WHERE  `jjjfood_order`.`app_id` = 10001  AND `pay_time` >= 1648396800  AND `pay_time` < 1648483200  AND `is_delete` = 0  AND `pay_status` = 20  AND `order_status` <> 20 [ RunTime:0.000386s ]
[2022-03-29T11:02:34+08:00][sql] SELECT SUM(`pay_price`) AS think_sum FROM `jjjfood_order` WHERE  `jjjfood_order`.`app_id` = 10001  AND `pay_time` >= 1648483200  AND `pay_time` < 1648569600  AND `is_delete` = 0  AND `pay_status` = 20  AND `order_status` <> 20 [ RunTime:0.000359s ]
[2022-03-29T11:02:34+08:00][sql] SELECT COUNT(*) AS think_count FROM `jjjfood_order` WHERE  `jjjfood_order`.`app_id` = 10001  AND `pay_time` >= 1648483200  AND `pay_time` < 1648569600  AND `is_delete` = 0  AND `pay_status` = 20  AND `order_status` <> 20 [ RunTime:0.000326s ]
[2022-03-29T11:02:34+08:00][sql] CONNECT:[ UseTime:0.053122s ] mysql:host=127.0.0.1;port=3306;dbname=jjj_food_chain;charset=utf8mb4
[2022-03-29T11:02:34+08:00][sql] SHOW FULL COLUMNS FROM `jjjfood_shop_user` [ RunTime:0.003343s ]
[2022-03-29T11:02:34+08:00][sql] SELECT * FROM `jjjfood_shop_user` WHERE  `jjjfood_shop_user`.`app_id` = 10001  AND `is_delete` = 0  AND `shop_user_id` = 10001 LIMIT 1 [ RunTime:0.003507s ]
[2022-03-29T11:02:34+08:00][sql] SHOW FULL COLUMNS FROM `jjjfood_product` [ RunTime:0.033472s ]
[2022-03-29T11:02:34+08:00][sql] SHOW FULL COLUMNS FROM `jjjfood_order` [ RunTime:0.002924s ]
[2022-03-29T11:02:34+08:00][sql] SHOW FULL COLUMNS FROM `jjjfood_user` [ RunTime:0.007826s ]
[2022-03-29T11:02:34+08:00][sql] SELECT COUNT(*) AS think_count FROM `jjjfood_product` WHERE  `jjjfood_product`.`app_id` = 10001  AND `is_delete` = 0 [ RunTime:0.000401s ]
[2022-03-29T11:02:34+08:00][sql] SELECT COUNT(*) AS think_count FROM `jjjfood_user` WHERE  `jjjfood_user`.`app_id` = 10001  AND `is_delete` = 0 [ RunTime:0.000279s ]
[2022-03-29T11:02:34+08:00][sql] SELECT COUNT(*) AS think_count FROM `jjjfood_order` WHERE  `jjjfood_order`.`app_id` = 10001  AND `is_delete` = 0  AND `pay_status` = 20  AND `order_status` <> 20 [ RunTime:0.000292s ]
[2022-03-29T11:02:34+08:00][sql] SHOW FULL COLUMNS FROM `jjjfood_supplier` [ RunTime:0.002680s ]
[2022-03-29T11:02:34+08:00][sql] SELECT COUNT(*) AS think_count FROM `jjjfood_supplier` WHERE  `jjjfood_supplier`.`app_id` = 10001  AND `is_delete` = 0 [ RunTime:0.000552s ]
[2022-03-29T11:02:34+08:00][sql] SELECT SUM(`pay_price`) AS think_sum FROM `jjjfood_order` WHERE  `jjjfood_order`.`app_id` = 10001  AND `pay_status` = 20  AND `order_status` <> 20  AND `is_delete` = 0 [ RunTime:0.000296s ]
[2022-03-29T11:02:34+08:00][sql] SELECT SUM(`pay_price`) AS think_sum FROM `jjjfood_order` WHERE  `jjjfood_order`.`app_id` = 10001  AND `is_delete` = 0  AND `pay_status` = 20  AND `order_status` <> 20 [ RunTime:0.000242s ]
[2022-03-29T11:02:34+08:00][sql] SELECT SUM(`refund_money`) AS think_sum FROM `jjjfood_order` WHERE  `jjjfood_order`.`app_id` = 10001  AND `is_delete` = 0  AND `pay_status` = 20  AND `order_status` <> 20 [ RunTime:0.000242s ]
[2022-03-29T11:02:34+08:00][sql] SELECT COUNT(*) AS think_count FROM `jjjfood_order` WHERE  `jjjfood_order`.`app_id` = 10001  AND `pay_status` = 20  AND `delivery_status` = 10  AND `order_status` = 10 [ RunTime:0.000473s ]
[2022-03-29T11:02:34+08:00][sql] SELECT COUNT(*) AS think_count FROM `jjjfood_product` WHERE  `jjjfood_product`.`app_id` = 10001  AND `is_delete` = 0  AND `product_stock` < 20 [ RunTime:0.000307s ]
[2022-03-29T11:02:34+08:00][sql] SELECT SUM(`pay_price`) AS think_sum FROM `jjjfood_order` WHERE  `jjjfood_order`.`app_id` = 10001  AND `pay_time` >= 1648483200  AND `pay_time` < 1648569600  AND `pay_status` = 20  AND `order_status` <> 20  AND `is_delete` = 0 [ RunTime:0.000677s ]
[2022-03-29T11:02:34+08:00][sql] SELECT SUM(`pay_price`) AS think_sum FROM `jjjfood_order` WHERE  `jjjfood_order`.`app_id` = 10001  AND `pay_time` >= 1648396800  AND `pay_time` < 1648483200  AND `pay_status` = 20  AND `order_status` <> 20  AND `is_delete` = 0 [ RunTime:0.000445s ]
[2022-03-29T11:02:34+08:00][sql] SELECT COUNT(*) AS think_count FROM `jjjfood_order` WHERE  `jjjfood_order`.`app_id` = 10001  AND `pay_time` >= 1648483200  AND `pay_time` < 1648569600  AND `is_delete` = 0  AND `pay_status` = 20  AND `order_status` <> 20 [ RunTime:0.000378s ]
[2022-03-29T11:02:34+08:00][sql] SELECT COUNT(*) AS think_count FROM `jjjfood_order` WHERE  `jjjfood_order`.`app_id` = 10001  AND `pay_time` >= 1648396800  AND `pay_time` < 1648483200  AND `is_delete` = 0  AND `pay_status` = 20  AND `order_status` <> 20 [ RunTime:0.000424s ]
[2022-03-29T11:02:34+08:00][sql] SELECT COUNT(*) AS think_count FROM `jjjfood_user` WHERE  `jjjfood_user`.`app_id` = 10001  AND `create_time` >= 1648483200  AND `create_time` < 1648569600  AND `is_delete` = 0 [ RunTime:0.000404s ]
[2022-03-29T11:02:34+08:00][sql] SELECT COUNT(*) AS think_count FROM `jjjfood_user` WHERE  `jjjfood_user`.`app_id` = 10001  AND `create_time` >= 1648396800  AND `create_time` < 1648483200  AND `is_delete` = 0 [ RunTime:0.000358s ]
[2022-03-29T11:02:34+08:00][sql] SELECT COUNT(*) AS think_count FROM `jjjfood_supplier` WHERE  `jjjfood_supplier`.`app_id` = 10001  AND `create_time` >= 1648483200  AND `create_time` < 1648569600 [ RunTime:0.000353s ]
[2022-03-29T11:02:34+08:00][sql] SELECT COUNT(*) AS think_count FROM `jjjfood_supplier` WHERE  `jjjfood_supplier`.`app_id` = 10001  AND `create_time` >= 1648396800  AND `create_time` < 1648483200 [ RunTime:0.000376s ]
[2022-03-29T11:02:34+08:00][sql] SELECT DISTINCT  `user_id` FROM `jjjfood_order` WHERE  `jjjfood_order`.`app_id` = 10001  AND `pay_time` >= 1648483200  AND `pay_time` < 1648569600  AND `pay_status` = 20  AND `is_delete` = 0 [ RunTime:0.000385s ]
[2022-03-29T11:02:34+08:00][sql] SELECT DISTINCT  `user_id` FROM `jjjfood_order` WHERE  `jjjfood_order`.`app_id` = 10001  AND `pay_time` >= 1648396800  AND `pay_time` < 1648483200  AND `pay_status` = 20  AND `is_delete` = 0 [ RunTime:0.000675s ]
[2022-03-29T11:02:34+08:00][sql] SELECT SUM(`pay_price`) AS think_sum FROM `jjjfood_order` WHERE  `jjjfood_order`.`app_id` = 10001  AND `pay_time` >= 1648483200  AND `pay_time` < 1648569600  AND `is_delete` = 0  AND `pay_status` = 20  AND `order_status` <> 20 [ RunTime:0.000372s ]
[2022-03-29T11:02:34+08:00][sql] SELECT SUM(`refund_money`) AS think_sum FROM `jjjfood_order` WHERE  `jjjfood_order`.`app_id` = 10001  AND `pay_time` >= 1648483200  AND `pay_time` < 1648569600  AND `is_delete` = 0  AND `pay_status` = 20  AND `order_status` <> 20 [ RunTime:0.000337s ]
[2022-03-29T11:02:34+08:00][sql] SELECT SUM(`pay_price`) AS think_sum FROM `jjjfood_order` WHERE  `jjjfood_order`.`app_id` = 10001  AND `pay_time` >= 1648396800  AND `pay_time` < 1648483200  AND `is_delete` = 0  AND `pay_status` = 20  AND `order_status` <> 20 [ RunTime:0.000286s ]
[2022-03-29T11:02:34+08:00][sql] SELECT SUM(`refund_money`) AS think_sum FROM `jjjfood_order` WHERE  `jjjfood_order`.`app_id` = 10001  AND `pay_time` >= 1648396800  AND `pay_time` < 1648483200  AND `is_delete` = 0  AND `pay_status` = 20  AND `order_status` <> 20 [ RunTime:0.000271s ]
[2022-03-29T11:02:34+08:00][sql] SHOW FULL COLUMNS FROM `jjjfood_order_product` [ RunTime:0.065854s ]
[2022-03-29T11:02:34+08:00][sql] SELECT p.product_name,sum(total_pay_price) as total_price,sum(total_num) as total_num FROM `jjjfood_order_product` `op` INNER JOIN `jjjfood_order` `o` ON `op`.`order_id`=`o`.`order_id` INNER JOIN `jjjfood_product` `p` ON `p`.`product_id`=`op`.`product_id` WHERE  `op`.`app_id` = 10001  AND `o`.`pay_status` = 20  AND `o`.`order_status` <> 20 GROUP BY `op`.`product_id` ORDER BY `total_num` DESC LIMIT 10 [ RunTime:0.000690s ]
[2022-03-29T11:02:34+08:00][sql] SELECT p.product_name,sum(total_pay_price) as total_price,sum(total_num) as total_num FROM `jjjfood_order_product` `op` INNER JOIN `jjjfood_order` `o` ON `op`.`order_id`=`o`.`order_id` INNER JOIN `jjjfood_product` `p` ON `p`.`product_id`=`op`.`product_id` WHERE  `op`.`app_id` = 10001  AND `o`.`pay_status` = 20  AND `o`.`order_status` <> 20 GROUP BY `op`.`product_id` ORDER BY `total_price` DESC LIMIT 10 [ RunTime:0.000541s ]
[2022-03-29T11:02:34+08:00][sql] CONNECT:[ UseTime:0.003464s ] mysql:host=127.0.0.1;port=3306;dbname=jjj_food_chain;charset=utf8mb4
[2022-03-29T11:02:34+08:00][sql] SHOW FULL COLUMNS FROM `jjjfood_shop_user` [ RunTime:0.000900s ]
[2022-03-29T11:02:34+08:00][sql] SELECT * FROM `jjjfood_shop_user` WHERE  `jjjfood_shop_user`.`app_id` = 10001  AND `is_delete` = 0  AND `shop_user_id` = 10001 LIMIT 1 [ RunTime:0.000581s ]
[2022-03-29T11:02:34+08:00][sql] SHOW FULL COLUMNS FROM `jjjfood_setting` [ RunTime:0.002341s ]
[2022-03-29T11:02:37+08:00][sql] CONNECT:[ UseTime:0.011612s ] mysql:host=127.0.0.1;port=3306;dbname=jjj_food_chain;charset=utf8mb4
[2022-03-29T11:02:37+08:00][sql] SHOW FULL COLUMNS FROM `jjjfood_shop_user` [ RunTime:0.002310s ]
[2022-03-29T11:02:37+08:00][sql] SELECT * FROM `jjjfood_shop_user` WHERE  `jjjfood_shop_user`.`app_id` = 10001  AND `is_delete` = 0  AND `shop_user_id` = 10001 LIMIT 1 [ RunTime:0.000409s ]
[2022-03-29T11:02:37+08:00][sql] SHOW FULL COLUMNS FROM `jjjfood_supplier` [ RunTime:0.002231s ]
[2022-03-29T11:02:37+08:00][sql] SELECT COUNT(*) AS think_count FROM `jjjfood_supplier` WHERE  `jjjfood_supplier`.`app_id` = 10001  AND `is_delete` = 0 [ RunTime:0.000297s ]
[2022-03-29T11:02:37+08:00][sql] SELECT * FROM `jjjfood_supplier` WHERE  `jjjfood_supplier`.`app_id` = 10001  AND `is_delete` = 0 ORDER BY `create_time` DESC LIMIT 0,20 [ RunTime:0.000394s ]
[2022-03-29T11:02:37+08:00][sql] SELECT * FROM `jjjfood_shop_user` WHERE  `jjjfood_shop_user`.`app_id` = 10001  AND `is_super` = 1  AND `shop_supplier_id` = 10001 [ RunTime:0.000554s ]
[2022-03-29T11:02:37+08:00][sql] CONNECT:[ UseTime:0.001714s ] mysql:host=127.0.0.1;port=3306;dbname=jjj_food_chain;charset=utf8mb4
[2022-03-29T11:02:37+08:00][sql] SHOW FULL COLUMNS FROM `jjjfood_shop_user` [ RunTime:0.001067s ]
[2022-03-29T11:02:37+08:00][sql] SELECT * FROM `jjjfood_shop_user` WHERE  `jjjfood_shop_user`.`app_id` = 10001  AND `is_delete` = 0  AND `shop_user_id` = 10001 LIMIT 1 [ RunTime:0.000616s ]
[2022-03-29T11:02:37+08:00][sql] SHOW FULL COLUMNS FROM `jjjfood_app_wx` [ RunTime:0.004963s ]
[2022-03-29T11:02:37+08:00][sql] SELECT * FROM `jjjfood_app_wx` WHERE  `jjjfood_app_wx`.`app_id` = 10001  AND `app_id` = 10001 LIMIT 1 [ RunTime:0.001499s ]
[2022-03-29T11:02:41+08:00][sql] CONNECT:[ UseTime:0.014644s ] mysql:host=127.0.0.1;port=3306;dbname=jjj_food_chain;charset=utf8mb4
[2022-03-29T11:02:41+08:00][sql] SHOW FULL COLUMNS FROM `jjjfood_shop_user` [ RunTime:0.000989s ]
[2022-03-29T11:02:41+08:00][sql] SELECT * FROM `jjjfood_shop_user` WHERE  `jjjfood_shop_user`.`app_id` = 10001  AND `is_delete` = 0  AND `shop_user_id` = 10001 LIMIT 1 [ RunTime:0.000522s ]
[2022-03-29T11:02:41+08:00][sql] SHOW FULL COLUMNS FROM `jjjfood_page` [ RunTime:0.002173s ]
[2022-03-29T11:02:41+08:00][sql] SELECT * FROM `jjjfood_page` WHERE  `jjjfood_page`.`app_id` = 10001  AND `page_type` = 10 LIMIT 1 [ RunTime:0.001701s ]
