[2022-04-06T14:53:42+08:00][sql] CONNECT:[ UseTime:0.001696s ] mysql:host=127.0.0.1;port=3306;dbname=jjj_food_chain;charset=utf8mb4
[2022-04-06T14:53:42+08:00][sql] SHOW FULL COLUMNS FROM `jjjfood_app` [ RunTime:0.003912s ]
[2022-04-06T14:53:42+08:00][sql] SELECT * FROM `jjjfood_app` WHERE  `jjjfood_app`.`app_id` = '10001'  AND `app_id` = 10001 LIMIT 1 [ RunTime:0.000841s ]
[2022-04-06T14:53:42+08:00][sql] SHOW FULL COLUMNS FROM `jjjfood_setting` [ RunTime:0.002785s ]
[2022-04-06T14:53:42+08:00][sql] SELECT * FROM `jjjfood_setting` WHERE  `jjjfood_setting`.`app_id` = '10001'  AND `app_id` = 10001  AND `shop_supplier_id` = 0 [ RunTime:0.210404s ]
[2022-04-06T14:53:43+08:00][sql] CONNECT:[ UseTime:0.001535s ] mysql:host=127.0.0.1;port=3306;dbname=jjj_food_chain;charset=utf8mb4
[2022-04-06T14:53:43+08:00][sql] SHOW FULL COLUMNS FROM `jjjfood_app` [ RunTime:0.002868s ]
[2022-04-06T14:53:43+08:00][sql] SELECT * FROM `jjjfood_app` WHERE  `jjjfood_app`.`app_id` = '10001'  AND `app_id` = 10001 LIMIT 1 [ RunTime:0.000590s ]
[2022-04-06T14:53:43+08:00][sql] SHOW FULL COLUMNS FROM `jjjfood_setting` [ RunTime:0.002990s ]
[2022-04-06T14:53:44+08:00][sql] CONNECT:[ UseTime:0.013750s ] mysql:host=127.0.0.1;port=3306;dbname=jjj_food_chain;charset=utf8mb4
[2022-04-06T14:53:44+08:00][sql] SHOW FULL COLUMNS FROM `jjjfood_app` [ RunTime:0.002427s ]
[2022-04-06T14:53:44+08:00][sql] SELECT * FROM `jjjfood_app` WHERE  `jjjfood_app`.`app_id` = '10001'  AND `app_id` = 10001 LIMIT 1 [ RunTime:0.000476s ]
[2022-04-06T14:53:44+08:00][sql] SHOW FULL COLUMNS FROM `jjjfood_user` [ RunTime:0.002149s ]
[2022-04-06T14:53:44+08:00][sql] SELECT * FROM `jjjfood_user` WHERE  `jjjfood_user`.`app_id` = '10001'  AND `user_id` IS NULL LIMIT 1 [ RunTime:0.000400s ]
[2022-04-06T14:53:44+08:00][sql] SHOW FULL COLUMNS FROM `jjjfood_page` [ RunTime:0.002754s ]
[2022-04-06T14:53:44+08:00][sql] SELECT * FROM `jjjfood_page` WHERE  `jjjfood_page`.`app_id` = '10001'  AND `page_type` = 10 LIMIT 1 [ RunTime:0.000592s ]
[2022-04-06T14:53:44+08:00][sql] SELECT * FROM `jjjfood_user` WHERE  `jjjfood_user`.`app_id` = '10001'  AND `user_id` IS NULL LIMIT 1 [ RunTime:0.000400s ]
[2022-04-06T14:53:44+08:00][sql] SHOW FULL COLUMNS FROM `jjjfood_supplier` [ RunTime:0.002285s ]
[2022-04-06T14:53:44+08:00][sql] SELECT *,6378.137*2*ASIN(SQRT(POW(SIN((23.02067 * PI()/180-latitude*PI()/180)/2),2) + COS(23.02067*PI()/180)*COS(latitude*PI()/180)*POW(SIN((113.75179 * PI()/180-longitude*PI()/180)/2),2)))*1000 AS distance FROM `jjjfood_supplier` WHERE  `jjjfood_supplier`.`app_id` = '10001'  AND `status` = 0  AND `is_recycle` = 0  AND `is_delete` = 0 ORDER BY `distance` ASC,`create_time` LIMIT 1 [ RunTime:0.001312s ]
[2022-04-06T14:53:47+08:00][sql] CONNECT:[ UseTime:0.001455s ] mysql:host=127.0.0.1;port=3306;dbname=jjj_food_chain;charset=utf8mb4
[2022-04-06T14:53:47+08:00][sql] SHOW FULL COLUMNS FROM `jjjfood_app` [ RunTime:0.002449s ]
[2022-04-06T14:53:47+08:00][sql] SELECT * FROM `jjjfood_app` WHERE  `jjjfood_app`.`app_id` = '10001'  AND `app_id` = 10001 LIMIT 1 [ RunTime:0.000655s ]
[2022-04-06T14:53:47+08:00][sql] SHOW FULL COLUMNS FROM `jjjfood_setting` [ RunTime:0.002453s ]
[2022-04-06T14:53:47+08:00][sql] CONNECT:[ UseTime:0.001494s ] mysql:host=127.0.0.1;port=3306;dbname=jjj_food_chain;charset=utf8mb4
[2022-04-06T14:53:47+08:00][sql] SHOW FULL COLUMNS FROM `jjjfood_app` [ RunTime:0.002714s ]
[2022-04-06T14:53:47+08:00][sql] SELECT * FROM `jjjfood_app` WHERE  `jjjfood_app`.`app_id` = '10001'  AND `app_id` = 10001 LIMIT 1 [ RunTime:0.000588s ]
[2022-04-06T14:53:47+08:00][sql] SHOW FULL COLUMNS FROM `jjjfood_user` [ RunTime:0.004031s ]
[2022-04-06T14:53:47+08:00][sql] SELECT * FROM `jjjfood_user` WHERE  `jjjfood_user`.`app_id` = '10001'  AND `user_id` IS NULL LIMIT 1 [ RunTime:0.000456s ]
[2022-04-06T14:53:47+08:00][sql] SHOW FULL COLUMNS FROM `jjjfood_page` [ RunTime:0.002176s ]
[2022-04-06T14:53:47+08:00][sql] SELECT * FROM `jjjfood_page` WHERE  `jjjfood_page`.`app_id` = '10001'  AND `page_type` = 10 LIMIT 1 [ RunTime:0.000469s ]
[2022-04-06T14:53:47+08:00][sql] SELECT * FROM `jjjfood_user` WHERE  `jjjfood_user`.`app_id` = '10001'  AND `user_id` IS NULL LIMIT 1 [ RunTime:0.000514s ]
[2022-04-06T14:53:47+08:00][sql] SHOW FULL COLUMNS FROM `jjjfood_supplier` [ RunTime:0.002794s ]
[2022-04-06T14:53:47+08:00][sql] SELECT *,6378.137*2*ASIN(SQRT(POW(SIN((23.02067 * PI()/180-latitude*PI()/180)/2),2) + COS(23.02067*PI()/180)*COS(latitude*PI()/180)*POW(SIN((113.75179 * PI()/180-longitude*PI()/180)/2),2)))*1000 AS distance FROM `jjjfood_supplier` WHERE  `jjjfood_supplier`.`app_id` = '10001'  AND `status` = 0  AND `is_recycle` = 0  AND `is_delete` = 0 ORDER BY `distance` ASC,`create_time` LIMIT 1 [ RunTime:0.002064s ]
[2022-04-06T14:53:48+08:00][sql] CONNECT:[ UseTime:0.002444s ] mysql:host=127.0.0.1;port=3306;dbname=jjj_food_chain;charset=utf8mb4
[2022-04-06T14:53:48+08:00][sql] SHOW FULL COLUMNS FROM `jjjfood_app` [ RunTime:0.001327s ]
[2022-04-06T14:53:48+08:00][sql] SELECT * FROM `jjjfood_app` WHERE  `jjjfood_app`.`app_id` = '10001'  AND `app_id` = 10001 LIMIT 1 [ RunTime:0.000574s ]
[2022-04-06T14:53:48+08:00][sql] SHOW FULL COLUMNS FROM `jjjfood_user` [ RunTime:0.002565s ]
[2022-04-06T14:53:48+08:00][sql] SELECT * FROM `jjjfood_user` WHERE  `jjjfood_user`.`app_id` = '10001'  AND `user_id` IS NULL LIMIT 1 [ RunTime:0.000425s ]
[2022-04-06T14:53:53+08:00][sql] CONNECT:[ UseTime:0.001713s ] mysql:host=127.0.0.1;port=3306;dbname=jjj_food_chain;charset=utf8mb4
[2022-04-06T14:53:53+08:00][sql] SHOW FULL COLUMNS FROM `jjjfood_app` [ RunTime:0.001021s ]
[2022-04-06T14:53:53+08:00][sql] SELECT * FROM `jjjfood_app` WHERE  `jjjfood_app`.`app_id` = '10001'  AND `app_id` = 10001 LIMIT 1 [ RunTime:0.000580s ]
[2022-04-06T14:53:53+08:00][sql] SHOW FULL COLUMNS FROM `jjjfood_user` [ RunTime:0.002431s ]
[2022-04-06T14:53:53+08:00][sql] SHOW FULL COLUMNS FROM `jjjfood_app_wx` [ RunTime:0.002316s ]
[2022-04-06T14:53:53+08:00][sql] SELECT * FROM `jjjfood_app_wx` WHERE  `jjjfood_app_wx`.`app_id` = '10001'  AND `app_id` = 10001 LIMIT 1 [ RunTime:0.021394s ]
[2022-04-06T14:53:53+08:00][sql] SELECT * FROM `jjjfood_user` WHERE  `jjjfood_user`.`app_id` = '10001'  AND `is_delete` = 0  AND `open_id` = 'ovJLz5LSbbYtcgvXrn8D10UoFPd0' LIMIT 1 [ RunTime:0.000670s ]
[2022-04-06T14:53:53+08:00][sql] SHOW FULL COLUMNS FROM `jjjfood_user_address` [ RunTime:0.002168s ]
[2022-04-06T14:53:53+08:00][sql] SELECT * FROM `jjjfood_user_address` WHERE  `jjjfood_user_address`.`app_id` = '10001'  AND `address_id` = 0 [ RunTime:0.000306s ]
[2022-04-06T14:53:53+08:00][sql] SELECT * FROM `jjjfood_user_address` WHERE  `jjjfood_user_address`.`app_id` = '10001'  AND `address_id` = 0 [ RunTime:0.000283s ]
[2022-04-06T14:53:53+08:00][sql] SHOW FULL COLUMNS FROM `jjjfood_user_grade` [ RunTime:0.002235s ]
[2022-04-06T14:53:53+08:00][sql] SELECT * FROM `jjjfood_user_grade` WHERE  `jjjfood_user_grade`.`app_id` = '10001'  AND `grade_id` = 1 [ RunTime:0.000470s ]
[2022-04-06T14:53:53+08:00][sql] UPDATE `jjjfood_user`  SET `update_time` = 1649228033  WHERE  `jjjfood_user`.`app_id` = '10001'  AND `user_id` = 3 [ RunTime:0.000534s ]
[2022-04-06T14:53:54+08:00][sql] CONNECT:[ UseTime:0.001555s ] mysql:host=127.0.0.1;port=3306;dbname=jjj_food_chain;charset=utf8mb4
[2022-04-06T14:53:54+08:00][sql] SHOW FULL COLUMNS FROM `jjjfood_app` [ RunTime:0.000942s ]
[2022-04-06T14:53:54+08:00][sql] SELECT * FROM `jjjfood_app` WHERE  `jjjfood_app`.`app_id` = '10001'  AND `app_id` = 10001 LIMIT 1 [ RunTime:0.000458s ]
[2022-04-06T14:53:54+08:00][sql] SHOW FULL COLUMNS FROM `jjjfood_user` [ RunTime:0.000852s ]
[2022-04-06T14:53:54+08:00][sql] SELECT * FROM `jjjfood_user` WHERE  `jjjfood_user`.`app_id` = '10001'  AND `user_id` = 3 LIMIT 1 [ RunTime:0.000388s ]
[2022-04-06T14:53:54+08:00][sql] SHOW FULL COLUMNS FROM `jjjfood_user_address` [ RunTime:0.003450s ]
[2022-04-06T14:53:54+08:00][sql] SELECT * FROM `jjjfood_user_address` WHERE  `jjjfood_user_address`.`app_id` = '10001'  AND `address_id` = 0 [ RunTime:0.000508s ]
[2022-04-06T14:53:54+08:00][sql] SELECT * FROM `jjjfood_user_address` WHERE  `jjjfood_user_address`.`app_id` = '10001'  AND `address_id` = 0 [ RunTime:0.000736s ]
[2022-04-06T14:53:54+08:00][sql] SHOW FULL COLUMNS FROM `jjjfood_user_grade` [ RunTime:0.003526s ]
[2022-04-06T14:53:54+08:00][sql] SELECT * FROM `jjjfood_user_grade` WHERE  `jjjfood_user_grade`.`app_id` = '10001'  AND `grade_id` = 1 [ RunTime:0.000402s ]
[2022-04-06T14:53:54+08:00][sql] SELECT * FROM `jjjfood_user` WHERE  `jjjfood_user`.`app_id` = '10001'  AND `user_id` = 3 LIMIT 1 [ RunTime:0.000408s ]
[2022-04-06T14:53:54+08:00][sql] SELECT * FROM `jjjfood_user_address` WHERE  `jjjfood_user_address`.`app_id` = '10001'  AND `address_id` = 0 [ RunTime:0.000297s ]
[2022-04-06T14:53:54+08:00][sql] SELECT * FROM `jjjfood_user_address` WHERE  `jjjfood_user_address`.`app_id` = '10001'  AND `address_id` = 0 [ RunTime:0.000295s ]
[2022-04-06T14:53:54+08:00][sql] SELECT * FROM `jjjfood_user_grade` WHERE  `jjjfood_user_grade`.`app_id` = '10001'  AND `grade_id` = 1 [ RunTime:0.000277s ]
[2022-04-06T14:53:54+08:00][sql] SHOW FULL COLUMNS FROM `jjjfood_setting` [ RunTime:0.002113s ]
[2022-04-06T14:53:54+08:00][sql] SHOW FULL COLUMNS FROM `jjjfood_center_menu` [ RunTime:0.022677s ]
[2022-04-06T14:53:54+08:00][sql] SELECT * FROM `jjjfood_center_menu` WHERE  `jjjfood_center_menu`.`app_id` = '10001' ORDER BY `sort` ASC [ RunTime:0.000457s ]
[2022-04-06T14:54:24+08:00][sql] CONNECT:[ UseTime:0.001798s ] mysql:host=127.0.0.1;port=3306;dbname=jjj_food_chain;charset=utf8mb4
[2022-04-06T14:54:24+08:00][sql] SHOW FULL COLUMNS FROM `jjjfood_app` [ RunTime:0.001166s ]
[2022-04-06T14:54:24+08:00][sql] SELECT * FROM `jjjfood_app` WHERE  `jjjfood_app`.`app_id` = '10001'  AND `app_id` = 10001 LIMIT 1 [ RunTime:0.001127s ]
[2022-04-06T14:54:24+08:00][sql] SHOW FULL COLUMNS FROM `jjjfood_user` [ RunTime:0.001507s ]
[2022-04-06T14:54:24+08:00][sql] SELECT * FROM `jjjfood_user` WHERE  `jjjfood_user`.`app_id` = '10001'  AND `user_id` = 3 LIMIT 1 [ RunTime:0.001402s ]
[2022-04-06T14:54:24+08:00][sql] SHOW FULL COLUMNS FROM `jjjfood_user_address` [ RunTime:0.003877s ]
[2022-04-06T14:54:24+08:00][sql] SELECT * FROM `jjjfood_user_address` WHERE  `jjjfood_user_address`.`app_id` = '10001'  AND `address_id` = 0 [ RunTime:0.000580s ]
[2022-04-06T14:54:24+08:00][sql] SELECT * FROM `jjjfood_user_address` WHERE  `jjjfood_user_address`.`app_id` = '10001'  AND `address_id` = 0 [ RunTime:0.002585s ]
[2022-04-06T14:54:24+08:00][sql] SHOW FULL COLUMNS FROM `jjjfood_user_grade` [ RunTime:0.003740s ]
[2022-04-06T14:54:24+08:00][sql] SELECT * FROM `jjjfood_user_grade` WHERE  `jjjfood_user_grade`.`app_id` = '10001'  AND `grade_id` = 1 [ RunTime:0.000544s ]
[2022-04-06T14:54:26+08:00][sql] CONNECT:[ UseTime:0.001573s ] mysql:host=127.0.0.1;port=3306;dbname=jjj_food_chain;charset=utf8mb4
[2022-04-06T14:54:26+08:00][sql] SHOW FULL COLUMNS FROM `jjjfood_app` [ RunTime:0.001756s ]
[2022-04-06T14:54:26+08:00][sql] SELECT * FROM `jjjfood_app` WHERE  `jjjfood_app`.`app_id` = '10001'  AND `app_id` = 10001 LIMIT 1 [ RunTime:0.000536s ]
[2022-04-06T14:54:26+08:00][sql] SHOW FULL COLUMNS FROM `jjjfood_page` [ RunTime:0.002648s ]
[2022-04-06T14:54:26+08:00][sql] SELECT * FROM `jjjfood_page` WHERE  `jjjfood_page`.`app_id` = '10001'  AND `page_type` = 10 LIMIT 1 [ RunTime:0.000524s ]
[2022-04-06T14:54:26+08:00][sql] SHOW FULL COLUMNS FROM `jjjfood_supplier` [ RunTime:0.002724s ]
[2022-04-06T14:54:26+08:00][sql] SELECT *,6378.137*2*ASIN(SQRT(POW(SIN((23.02067 * PI()/180-latitude*PI()/180)/2),2) + COS(23.02067*PI()/180)*COS(latitude*PI()/180)*POW(SIN((113.75179 * PI()/180-longitude*PI()/180)/2),2)))*1000 AS distance FROM `jjjfood_supplier` WHERE  `jjjfood_supplier`.`app_id` = '10001'  AND `status` = 0  AND `is_recycle` = 0  AND `is_delete` = 0 ORDER BY `distance` ASC,`create_time` LIMIT 1 [ RunTime:0.000832s ]
