[2022-04-07T09:57:03+08:00][error] [-1]not_login[E:\code\jjj-code\jjjfood\jjj_food_chain\app\shop\controller\Controller.php:95]
[2022-04-07T09:57:19+08:00][error] [-1]not_login[E:\code\jjj-code\jjjfood\jjj_food_chain\app\shop\controller\Controller.php:95]
[2022-04-07T09:59:59+08:00][error] [-1]not_login[E:\code\jjj-code\jjjfood\jjj_food_chain\app\shop\controller\Controller.php:95]
[2022-04-07T10:23:03+08:00][error] [-1]not_login[E:\code\jjj-code\jjjfood\jjj_food_chain\app\shop\controller\Controller.php:95]
[2022-04-07T10:25:53+08:00][error] [-1]not_login[E:\code\jjj-code\jjjfood\jjj_food_chain\app\shop\controller\Controller.php:95]
[2022-04-07T10:26:11+08:00][error] [-1]not_login[E:\code\jjj-code\jjjfood\jjj_food_chain\app\shop\controller\Controller.php:95]
[2022-04-07T10:26:31+08:00][error] [-1]not_login[E:\code\jjj-code\jjjfood\jjj_food_chain\app\shop\controller\Controller.php:95]
[2022-04-07T10:27:10+08:00][error] [-1]not_login[E:\code\jjj-code\jjjfood\jjj_food_chain\app\shop\controller\Controller.php:95]
[2022-04-07T10:28:00+08:00][error] [-1]not_login[E:\code\jjj-code\jjjfood\jjj_food_chain\app\shop\controller\Controller.php:95]
[2022-04-07T10:28:06+08:00][error] [-1]not_login[E:\code\jjj-code\jjjfood\jjj_food_chain\app\shop\controller\Controller.php:95]
[2022-04-07T10:28:15+08:00][error] [-1]not_login[E:\code\jjj-code\jjjfood\jjj_food_chain\app\shop\controller\Controller.php:95]
[2022-04-07T10:36:11+08:00][error] [-1]not_login[E:\code\jjj-code\jjjfood\jjj_food_chain\app\shop\controller\Controller.php:95]
[2022-04-07T11:13:48+08:00][error] [0]Class 'app\shop\model\plus\agent\User' not found[E:\code\jjj-code\jjjfood\jjj_food_chain\app\shop\model\user\User.php:82]
[2022-04-07T14:20:03+08:00][error] [-1]not_login[E:\code\jjj-code\jjjfood\jjj_food_chain\app\shop\controller\Controller.php:95]
[2022-04-07T14:27:05+08:00][error] [-1]not_login[E:\code\jjj-code\jjjfood\jjj_food_chain\app\shop\controller\Controller.php:95]
[2022-04-07T14:27:12+08:00][error] [-1]not_login[E:\code\jjj-code\jjjfood\jjj_food_chain\app\shop\controller\Controller.php:95]
[2022-04-07T14:28:12+08:00][error] [-1]not_login[E:\code\jjj-code\jjjfood\jjj_food_chain\app\shop\controller\Controller.php:95]
[2022-04-07T14:28:16+08:00][error] [-1]not_login[E:\code\jjj-code\jjjfood\jjj_food_chain\app\shop\controller\Controller.php:95]
[2022-04-07T14:35:34+08:00][error] [-1]not_login[E:\code\jjj-code\jjjfood\jjj_food_chain\app\shop\controller\Controller.php:95]
[2022-04-07T14:38:06+08:00][error] [-1]not_login[E:\code\jjj-code\jjjfood\jjj_food_chain\app\shop\controller\Controller.php:95]
[2022-04-07T14:38:17+08:00][error] [-1]not_login[E:\code\jjj-code\jjjfood\jjj_food_chain\app\shop\controller\Controller.php:95]
[2022-04-07T14:39:06+08:00][error] [-1]not_login[E:\code\jjj-code\jjjfood\jjj_food_chain\app\shop\controller\Controller.php:95]
[2022-04-07T14:39:23+08:00][error] [-1]not_login[E:\code\jjj-code\jjjfood\jjj_food_chain\app\shop\controller\Controller.php:95]
[2022-04-07T14:39:33+08:00][error] [-1]not_login[E:\code\jjj-code\jjjfood\jjj_food_chain\app\shop\controller\Controller.php:95]
[2022-04-07T14:39:45+08:00][error] [-1]not_login[E:\code\jjj-code\jjjfood\jjj_food_chain\app\shop\controller\Controller.php:95]
[2022-04-07T14:43:14+08:00][error] [-1]not_login[E:\code\jjj-code\jjjfood\jjj_food_chain\app\shop\controller\Controller.php:95]
[2022-04-07T14:44:04+08:00][error] [-1]not_login[E:\code\jjj-code\jjjfood\jjj_food_chain\app\shop\controller\Controller.php:95]
[2022-04-07T14:44:26+08:00][error] [-1]not_login[E:\code\jjj-code\jjjfood\jjj_food_chain\app\shop\controller\Controller.php:95]
[2022-04-07T14:44:51+08:00][error] [-1]not_login[E:\code\jjj-code\jjjfood\jjj_food_chain\app\shop\controller\Controller.php:95]
[2022-04-07T14:45:21+08:00][error] [-1]not_login[E:\code\jjj-code\jjjfood\jjj_food_chain\app\shop\controller\Controller.php:95]
[2022-04-07T14:46:35+08:00][error] [-1]not_login[E:\code\jjj-code\jjjfood\jjj_food_chain\app\shop\controller\Controller.php:95]
[2022-04-07T14:48:21+08:00][error] [-1]not_login[E:\code\jjj-code\jjjfood\jjj_food_chain\app\shop\controller\Controller.php:95]
[2022-04-07T14:48:28+08:00][error] [-1]not_login[E:\code\jjj-code\jjjfood\jjj_food_chain\app\shop\controller\Controller.php:95]
[2022-04-07T14:51:38+08:00][error] [-1]not_login[E:\code\jjj-code\jjjfood\jjj_food_chain\app\shop\controller\Controller.php:95]
[2022-04-07T14:52:35+08:00][error] [-1]not_login[E:\code\jjj-code\jjjfood\jjj_food_chain\app\shop\controller\Controller.php:95]
[2022-04-07T14:52:58+08:00][error] [-1]not_login[E:\code\jjj-code\jjjfood\jjj_food_chain\app\shop\controller\Controller.php:95]
[2022-04-07T14:53:07+08:00][error] [-1]not_login[E:\code\jjj-code\jjjfood\jjj_food_chain\app\shop\controller\Controller.php:95]
[2022-04-07T14:54:01+08:00][error] [-1]not_login[E:\code\jjj-code\jjjfood\jjj_food_chain\app\shop\controller\Controller.php:95]
[2022-04-07T15:03:03+08:00][error] [-1]not_login[E:\code\jjj-code\jjjfood\jjj_food_chain\app\shop\controller\Controller.php:95]
[2022-04-07T15:42:04+08:00][error] [-1]not_login[E:\code\jjj-code\jjjfood\jjj_food_chain\app\shop\controller\Controller.php:95]
[2022-04-07T16:09:15+08:00][error] [0]Class 'app\shop\model\plus\agent\User' not found[E:\code\jjj-code\jjjfood\jjj_food_chain\app\shop\model\user\User.php:82]
[2022-04-07T16:09:55+08:00][error] [0]方法参数错误:user_id[E:\code\jjj-code\jjjfood\jjj_food_chain\vendor\topthink\framework\src\think\Container.php:458]
[2022-04-07T16:10:19+08:00][error] [0]方法参数错误:user_id[E:\code\jjj-code\jjjfood\jjj_food_chain\vendor\topthink\framework\src\think\Container.php:458]
[2022-04-07T16:10:20+08:00][error] [0]方法参数错误:user_id[E:\code\jjj-code\jjjfood\jjj_food_chain\vendor\topthink\framework\src\think\Container.php:458]
[2022-04-07T16:10:21+08:00][error] [0]方法参数错误:user_id[E:\code\jjj-code\jjjfood\jjj_food_chain\vendor\topthink\framework\src\think\Container.php:458]
[2022-04-07T16:10:22+08:00][error] [0]方法参数错误:user_id[E:\code\jjj-code\jjjfood\jjj_food_chain\vendor\topthink\framework\src\think\Container.php:458]
[2022-04-07T16:10:23+08:00][error] [0]方法参数错误:user_id[E:\code\jjj-code\jjjfood\jjj_food_chain\vendor\topthink\framework\src\think\Container.php:458]
[2022-04-07T16:10:23+08:00][error] [0]方法参数错误:user_id[E:\code\jjj-code\jjjfood\jjj_food_chain\vendor\topthink\framework\src\think\Container.php:458]
[2022-04-07T16:10:24+08:00][error] [0]方法参数错误:user_id[E:\code\jjj-code\jjjfood\jjj_food_chain\vendor\topthink\framework\src\think\Container.php:458]
[2022-04-07T16:10:25+08:00][error] [0]方法参数错误:user_id[E:\code\jjj-code\jjjfood\jjj_food_chain\vendor\topthink\framework\src\think\Container.php:458]
[2022-04-07T16:10:30+08:00][error] [0]方法参数错误:user_id[E:\code\jjj-code\jjjfood\jjj_food_chain\vendor\topthink\framework\src\think\Container.php:458]
[2022-04-07T16:10:32+08:00][error] [0]方法参数错误:user_id[E:\code\jjj-code\jjjfood\jjj_food_chain\vendor\topthink\framework\src\think\Container.php:458]
[2022-04-07T16:10:33+08:00][error] [0]方法参数错误:user_id[E:\code\jjj-code\jjjfood\jjj_food_chain\vendor\topthink\framework\src\think\Container.php:458]
[2022-04-07T16:10:52+08:00][error] [0]Class 'app\shop\model\plus\agent\User' not found[E:\code\jjj-code\jjjfood\jjj_food_chain\app\shop\model\user\User.php:82]
[2022-04-07T16:18:15+08:00][error] [0]方法参数错误:product_id[E:\code\jjj-code\jjjfood\jjj_food_chain\vendor\topthink\framework\src\think\Container.php:458]
[2022-04-07T16:18:29+08:00][error] [0]方法参数错误:product_id[E:\code\jjj-code\jjjfood\jjj_food_chain\vendor\topthink\framework\src\think\Container.php:458]
[2022-04-07T16:55:54+08:00][error] [0]Class 'app\shop\model\plus\agent\User' not found[E:\code\jjj-code\jjjfood\jjj_food_chain\app\shop\model\user\User.php:82]
[2022-04-07T16:56:56+08:00][error] [0]Class 'app\shop\model\plus\agent\User' not found[E:\code\jjj-code\jjjfood\jjj_food_chain\app\shop\model\user\User.php:82]
[2022-04-07T16:57:30+08:00][error] [0]Class 'app\shop\model\plus\agent\User' not found[E:\code\jjj-code\jjjfood\jjj_food_chain\app\shop\model\user\User.php:82]
[2022-04-07T16:59:02+08:00][error] [0]Class 'app\shop\model\plus\agent\User' not found[E:\code\jjj-code\jjjfood\jjj_food_chain\app\shop\model\user\User.php:82]
[2022-04-07T17:06:00+08:00][error] [0]Class 'app\shop\model\plus\agent\User' not found[E:\code\jjj-code\jjjfood\jjj_food_chain\app\shop\model\user\User.php:82]
[2022-04-07T17:13:05+08:00][error] [0]Class 'app\shop\model\user\AgentUserModel' not found[E:\code\jjj-code\jjjfood\jjj_food_chain\app\shop\model\user\User.php:82]
[2022-04-07T17:18:39+08:00][error] [0]Class 'app\shop\model\user\AgentUserModel' not found[E:\code\jjj-code\jjjfood\jjj_food_chain\app\shop\model\user\User.php:82]
[2022-04-07T17:18:59+08:00][error] [0]Class 'app\shop\model\user\AgentUserModel' not found[E:\code\jjj-code\jjjfood\jjj_food_chain\app\shop\model\user\User.php:82]
