[2022-04-07T09:28:42+08:00][sql] CONNECT:[ UseTime:0.207163s ] mysql:host=127.0.0.1;port=3306;dbname=jjj_food_chain;charset=utf8mb4
[2022-04-07T09:28:42+08:00][sql] SHOW FULL COLUMNS FROM `jjjfood_shop_user` [ RunTime:0.026471s ]
[2022-04-07T09:28:42+08:00][sql] SELECT * FROM `jjjfood_shop_user` WHERE  `is_delete` = 0  AND `shop_user_id` = 0 LIMIT 1 [ RunTime:0.000971s ]
[2022-04-07T09:28:42+08:00][sql] SHOW FULL COLUMNS FROM `jjjfood_setting` [ RunTime:0.020552s ]
[2022-04-07T09:28:42+08:00][sql] SELECT `values` FROM `jjjfood_setting` WHERE  `key` = 'sys_config' LIMIT 1 [ RunTime:0.005564s ]
[2022-04-07T10:05:48+08:00][sql] CONNECT:[ UseTime:0.006372s ] mysql:host=127.0.0.1;port=3306;dbname=jjj_food_chain;charset=utf8mb4
[2022-04-07T10:05:48+08:00][sql] SHOW FULL COLUMNS FROM `jjjfood_shop_user` [ RunTime:0.003874s ]
[2022-04-07T10:05:48+08:00][sql] SELECT * FROM `jjjfood_shop_user` WHERE  `is_delete` = 0  AND `shop_user_id` = 0 LIMIT 1 [ RunTime:0.000704s ]
[2022-04-07T10:05:48+08:00][sql] SHOW FULL COLUMNS FROM `jjjfood_setting` [ RunTime:0.002436s ]
[2022-04-07T10:05:48+08:00][sql] SELECT `values` FROM `jjjfood_setting` WHERE  `key` = 'sys_config' LIMIT 1 [ RunTime:0.001052s ]
[2022-04-07T10:09:53+08:00][sql] CONNECT:[ UseTime:0.025599s ] mysql:host=127.0.0.1;port=3306;dbname=jjj_food_chain;charset=utf8mb4
[2022-04-07T10:09:53+08:00][sql] SHOW FULL COLUMNS FROM `jjjfood_shop_user` [ RunTime:0.003894s ]
[2022-04-07T10:09:53+08:00][sql] SELECT * FROM `jjjfood_shop_user` WHERE  `is_delete` = 0  AND `shop_user_id` = 0 LIMIT 1 [ RunTime:0.001159s ]
[2022-04-07T10:09:53+08:00][sql] SHOW FULL COLUMNS FROM `jjjfood_setting` [ RunTime:0.003673s ]
[2022-04-07T10:09:53+08:00][sql] SELECT `values` FROM `jjjfood_setting` WHERE  `key` = 'sys_config' LIMIT 1 [ RunTime:0.000469s ]
[2022-04-07T10:14:47+08:00][sql] CONNECT:[ UseTime:0.025473s ] mysql:host=127.0.0.1;port=3306;dbname=jjj_food_chain;charset=utf8mb4
[2022-04-07T10:14:47+08:00][sql] SHOW FULL COLUMNS FROM `jjjfood_shop_user` [ RunTime:0.002992s ]
[2022-04-07T10:14:47+08:00][sql] SELECT * FROM `jjjfood_shop_user` WHERE  `is_delete` = 0  AND `shop_user_id` = 0 LIMIT 1 [ RunTime:0.002359s ]
[2022-04-07T10:14:47+08:00][sql] SHOW FULL COLUMNS FROM `jjjfood_setting` [ RunTime:0.003995s ]
[2022-04-07T10:14:47+08:00][sql] SELECT `values` FROM `jjjfood_setting` WHERE  `key` = 'sys_config' LIMIT 1 [ RunTime:0.000465s ]
[2022-04-07T10:14:55+08:00][sql] CONNECT:[ UseTime:0.001340s ] mysql:host=127.0.0.1;port=3306;dbname=jjj_food_chain;charset=utf8mb4
[2022-04-07T10:14:55+08:00][sql] SHOW FULL COLUMNS FROM `jjjfood_shop_user` [ RunTime:0.002972s ]
[2022-04-07T10:14:55+08:00][sql] SELECT * FROM `jjjfood_shop_user` WHERE  `is_delete` = 0  AND `shop_user_id` = 0 LIMIT 1 [ RunTime:0.000673s ]
[2022-04-07T10:14:55+08:00][sql] SELECT * FROM `jjjfood_shop_user` WHERE  `user_name` = 'admin'  AND `password` = '06e0213dcf92e986d383029494966903'  AND `is_delete` = 0 LIMIT 1 [ RunTime:0.023219s ]
[2022-04-07T10:14:55+08:00][sql] SHOW FULL COLUMNS FROM `jjjfood_app` [ RunTime:0.020676s ]
[2022-04-07T10:14:55+08:00][sql] SELECT * FROM `jjjfood_app` WHERE  `app_id` = 10001 [ RunTime:0.000566s ]
[2022-04-07T10:14:55+08:00][sql] SHOW FULL COLUMNS FROM `jjjfood_supplier` [ RunTime:0.022041s ]
[2022-04-07T10:14:55+08:00][sql] SELECT * FROM `jjjfood_supplier` WHERE  `shop_supplier_id` = 10001 [ RunTime:0.000706s ]
[2022-04-07T10:14:55+08:00][sql] SHOW FULL COLUMNS FROM `jjjfood_shop_login_log` [ RunTime:0.013297s ]
[2022-04-07T10:14:55+08:00][sql] INSERT INTO `jjjfood_shop_login_log` SET `username` = 'admin' , `ip` = '127.0.0.1' , `result` = '登录成功' , `app_id` = 10001 , `create_time` = 1649297694 [ RunTime:0.000595s ]
[2022-04-07T10:14:55+08:00][sql] CONNECT:[ UseTime:0.001424s ] mysql:host=127.0.0.1;port=3306;dbname=jjj_food_chain;charset=utf8mb4
[2022-04-07T10:14:55+08:00][sql] SHOW FULL COLUMNS FROM `jjjfood_shop_user` [ RunTime:0.002783s ]
[2022-04-07T10:14:55+08:00][sql] SELECT * FROM `jjjfood_shop_user` WHERE  `jjjfood_shop_user`.`app_id` = 10001  AND `is_delete` = 0  AND `shop_user_id` = 10001 LIMIT 1 [ RunTime:0.000649s ]
[2022-04-07T10:14:55+08:00][sql] SELECT * FROM `jjjfood_shop_user` WHERE  `jjjfood_shop_user`.`app_id` = 10001  AND `shop_user_id` = 10001 LIMIT 1 [ RunTime:0.000395s ]
[2022-04-07T10:14:55+08:00][sql] SHOW FULL COLUMNS FROM `jjjfood_shop_access` [ RunTime:0.004090s ]
[2022-04-07T10:14:55+08:00][sql] SELECT * FROM `jjjfood_shop_access` WHERE  `is_show` = 1 ORDER BY `sort` ASC,`create_time` ASC [ RunTime:0.019872s ]
[2022-04-07T10:14:55+08:00][sql] CONNECT:[ UseTime:0.001550s ] mysql:host=127.0.0.1;port=3306;dbname=jjj_food_chain;charset=utf8mb4
[2022-04-07T10:14:55+08:00][sql] SHOW FULL COLUMNS FROM `jjjfood_shop_user` [ RunTime:0.007747s ]
[2022-04-07T10:14:55+08:00][sql] SELECT * FROM `jjjfood_shop_user` WHERE  `jjjfood_shop_user`.`app_id` = 10001  AND `is_delete` = 0  AND `shop_user_id` = 10001 LIMIT 1 [ RunTime:0.000634s ]
[2022-04-07T10:14:55+08:00][sql] SHOW FULL COLUMNS FROM `jjjfood_setting` [ RunTime:0.002884s ]
[2022-04-07T10:14:55+08:00][sql] CONNECT:[ UseTime:0.001772s ] mysql:host=127.0.0.1;port=3306;dbname=jjj_food_chain;charset=utf8mb4
[2022-04-07T10:14:55+08:00][sql] SHOW FULL COLUMNS FROM `jjjfood_shop_user` [ RunTime:0.003012s ]
[2022-04-07T10:14:55+08:00][sql] SELECT * FROM `jjjfood_shop_user` WHERE  `jjjfood_shop_user`.`app_id` = 10001  AND `is_delete` = 0  AND `shop_user_id` = 10001 LIMIT 1 [ RunTime:0.000607s ]
[2022-04-07T10:14:55+08:00][sql] SHOW FULL COLUMNS FROM `jjjfood_order` [ RunTime:0.006802s ]
[2022-04-07T10:14:55+08:00][sql] SELECT SUM(`pay_price`) AS think_sum FROM `jjjfood_order` WHERE  `jjjfood_order`.`app_id` = 10001  AND `pay_time` >= 1648656000  AND `pay_time` < 1648742400  AND `is_delete` = 0  AND `pay_status` = 20  AND `order_status` <> 20 [ RunTime:0.000695s ]
[2022-04-07T10:14:55+08:00][sql] SELECT COUNT(*) AS think_count FROM `jjjfood_order` WHERE  `jjjfood_order`.`app_id` = 10001  AND `pay_time` >= 1648656000  AND `pay_time` < 1648742400  AND `is_delete` = 0  AND `pay_status` = 20  AND `order_status` <> 20 [ RunTime:0.000393s ]
[2022-04-07T10:14:55+08:00][sql] SELECT SUM(`pay_price`) AS think_sum FROM `jjjfood_order` WHERE  `jjjfood_order`.`app_id` = 10001  AND `pay_time` >= 1648742400  AND `pay_time` < 1648828800  AND `is_delete` = 0  AND `pay_status` = 20  AND `order_status` <> 20 [ RunTime:0.000335s ]
[2022-04-07T10:14:55+08:00][sql] SELECT COUNT(*) AS think_count FROM `jjjfood_order` WHERE  `jjjfood_order`.`app_id` = 10001  AND `pay_time` >= 1648742400  AND `pay_time` < 1648828800  AND `is_delete` = 0  AND `pay_status` = 20  AND `order_status` <> 20 [ RunTime:0.000321s ]
[2022-04-07T10:14:55+08:00][sql] SELECT SUM(`pay_price`) AS think_sum FROM `jjjfood_order` WHERE  `jjjfood_order`.`app_id` = 10001  AND `pay_time` >= 1648828800  AND `pay_time` < 1648915200  AND `is_delete` = 0  AND `pay_status` = 20  AND `order_status` <> 20 [ RunTime:0.000570s ]
[2022-04-07T10:14:55+08:00][sql] SELECT COUNT(*) AS think_count FROM `jjjfood_order` WHERE  `jjjfood_order`.`app_id` = 10001  AND `pay_time` >= 1648828800  AND `pay_time` < 1648915200  AND `is_delete` = 0  AND `pay_status` = 20  AND `order_status` <> 20 [ RunTime:0.000970s ]
[2022-04-07T10:14:55+08:00][sql] SELECT SUM(`pay_price`) AS think_sum FROM `jjjfood_order` WHERE  `jjjfood_order`.`app_id` = 10001  AND `pay_time` >= 1648915200  AND `pay_time` < 1649001600  AND `is_delete` = 0  AND `pay_status` = 20  AND `order_status` <> 20 [ RunTime:0.000863s ]
[2022-04-07T10:14:55+08:00][sql] SELECT COUNT(*) AS think_count FROM `jjjfood_order` WHERE  `jjjfood_order`.`app_id` = 10001  AND `pay_time` >= 1648915200  AND `pay_time` < 1649001600  AND `is_delete` = 0  AND `pay_status` = 20  AND `order_status` <> 20 [ RunTime:0.003432s ]
[2022-04-07T10:14:55+08:00][sql] SELECT SUM(`pay_price`) AS think_sum FROM `jjjfood_order` WHERE  `jjjfood_order`.`app_id` = 10001  AND `pay_time` >= 1649001600  AND `pay_time` < 1649088000  AND `is_delete` = 0  AND `pay_status` = 20  AND `order_status` <> 20 [ RunTime:0.000403s ]
[2022-04-07T10:14:55+08:00][sql] SELECT COUNT(*) AS think_count FROM `jjjfood_order` WHERE  `jjjfood_order`.`app_id` = 10001  AND `pay_time` >= 1649001600  AND `pay_time` < 1649088000  AND `is_delete` = 0  AND `pay_status` = 20  AND `order_status` <> 20 [ RunTime:0.000284s ]
[2022-04-07T10:14:55+08:00][sql] SELECT SUM(`pay_price`) AS think_sum FROM `jjjfood_order` WHERE  `jjjfood_order`.`app_id` = 10001  AND `pay_time` >= 1649088000  AND `pay_time` < 1649174400  AND `is_delete` = 0  AND `pay_status` = 20  AND `order_status` <> 20 [ RunTime:0.000309s ]
[2022-04-07T10:14:55+08:00][sql] SELECT COUNT(*) AS think_count FROM `jjjfood_order` WHERE  `jjjfood_order`.`app_id` = 10001  AND `pay_time` >= 1649088000  AND `pay_time` < 1649174400  AND `is_delete` = 0  AND `pay_status` = 20  AND `order_status` <> 20 [ RunTime:0.000308s ]
[2022-04-07T10:14:55+08:00][sql] SELECT SUM(`pay_price`) AS think_sum FROM `jjjfood_order` WHERE  `jjjfood_order`.`app_id` = 10001  AND `pay_time` >= 1649174400  AND `pay_time` < 1649260800  AND `is_delete` = 0  AND `pay_status` = 20  AND `order_status` <> 20 [ RunTime:0.000295s ]
[2022-04-07T10:14:55+08:00][sql] SELECT COUNT(*) AS think_count FROM `jjjfood_order` WHERE  `jjjfood_order`.`app_id` = 10001  AND `pay_time` >= 1649174400  AND `pay_time` < 1649260800  AND `is_delete` = 0  AND `pay_status` = 20  AND `order_status` <> 20 [ RunTime:0.000323s ]
[2022-04-07T10:14:55+08:00][sql] SELECT SUM(`pay_price`) AS think_sum FROM `jjjfood_order` WHERE  `jjjfood_order`.`app_id` = 10001  AND `pay_time` >= 1649260800  AND `pay_time` < 1649347200  AND `is_delete` = 0  AND `pay_status` = 20  AND `order_status` <> 20 [ RunTime:0.000305s ]
[2022-04-07T10:14:55+08:00][sql] SELECT COUNT(*) AS think_count FROM `jjjfood_order` WHERE  `jjjfood_order`.`app_id` = 10001  AND `pay_time` >= 1649260800  AND `pay_time` < 1649347200  AND `is_delete` = 0  AND `pay_status` = 20  AND `order_status` <> 20 [ RunTime:0.000293s ]
[2022-04-07T10:14:55+08:00][sql] CONNECT:[ UseTime:0.001507s ] mysql:host=127.0.0.1;port=3306;dbname=jjj_food_chain;charset=utf8mb4
[2022-04-07T10:14:55+08:00][sql] SHOW FULL COLUMNS FROM `jjjfood_shop_user` [ RunTime:0.003009s ]
[2022-04-07T10:14:55+08:00][sql] SELECT * FROM `jjjfood_shop_user` WHERE  `jjjfood_shop_user`.`app_id` = 10001  AND `is_delete` = 0  AND `shop_user_id` = 10001 LIMIT 1 [ RunTime:0.000644s ]
[2022-04-07T10:14:55+08:00][sql] SHOW FULL COLUMNS FROM `jjjfood_product` [ RunTime:0.050197s ]
[2022-04-07T10:14:55+08:00][sql] SHOW FULL COLUMNS FROM `jjjfood_order` [ RunTime:0.003058s ]
[2022-04-07T10:14:55+08:00][sql] SHOW FULL COLUMNS FROM `jjjfood_user` [ RunTime:0.008198s ]
[2022-04-07T10:14:55+08:00][sql] SELECT COUNT(*) AS think_count FROM `jjjfood_product` WHERE  `jjjfood_product`.`app_id` = 10001  AND `is_delete` = 0 [ RunTime:0.000687s ]
[2022-04-07T10:14:55+08:00][sql] SELECT COUNT(*) AS think_count FROM `jjjfood_user` WHERE  `jjjfood_user`.`app_id` = 10001  AND `is_delete` = 0 [ RunTime:0.000480s ]
[2022-04-07T10:14:55+08:00][sql] SELECT COUNT(*) AS think_count FROM `jjjfood_order` WHERE  `jjjfood_order`.`app_id` = 10001  AND `is_delete` = 0  AND `pay_status` = 20  AND `order_status` <> 20 [ RunTime:0.000548s ]
[2022-04-07T10:14:55+08:00][sql] SHOW FULL COLUMNS FROM `jjjfood_supplier` [ RunTime:0.004937s ]
[2022-04-07T10:14:55+08:00][sql] SELECT COUNT(*) AS think_count FROM `jjjfood_supplier` WHERE  `jjjfood_supplier`.`app_id` = 10001  AND `is_delete` = 0 [ RunTime:0.000495s ]
[2022-04-07T10:14:55+08:00][sql] SELECT SUM(`pay_price`) AS think_sum FROM `jjjfood_order` WHERE  `jjjfood_order`.`app_id` = 10001  AND `pay_status` = 20  AND `order_status` <> 20  AND `is_delete` = 0 [ RunTime:0.000335s ]
[2022-04-07T10:14:55+08:00][sql] SELECT SUM(`pay_price`) AS think_sum FROM `jjjfood_order` WHERE  `jjjfood_order`.`app_id` = 10001  AND `is_delete` = 0  AND `pay_status` = 20  AND `order_status` <> 20 [ RunTime:0.000279s ]
[2022-04-07T10:14:55+08:00][sql] SELECT SUM(`refund_money`) AS think_sum FROM `jjjfood_order` WHERE  `jjjfood_order`.`app_id` = 10001  AND `is_delete` = 0  AND `pay_status` = 20  AND `order_status` <> 20 [ RunTime:0.000302s ]
[2022-04-07T10:14:55+08:00][sql] SELECT COUNT(*) AS think_count FROM `jjjfood_order` WHERE  `jjjfood_order`.`app_id` = 10001  AND `pay_status` = 20  AND `delivery_status` = 10  AND `order_status` = 10 [ RunTime:0.000581s ]
[2022-04-07T10:14:55+08:00][sql] SELECT COUNT(*) AS think_count FROM `jjjfood_product` WHERE  `jjjfood_product`.`app_id` = 10001  AND `is_delete` = 0  AND `product_stock` < 20 [ RunTime:0.000351s ]
[2022-04-07T10:14:55+08:00][sql] SELECT SUM(`pay_price`) AS think_sum FROM `jjjfood_order` WHERE  `jjjfood_order`.`app_id` = 10001  AND `pay_time` >= 1649260800  AND `pay_time` < 1649347200  AND `pay_status` = 20  AND `order_status` <> 20  AND `is_delete` = 0 [ RunTime:0.000331s ]
[2022-04-07T10:14:55+08:00][sql] SELECT SUM(`pay_price`) AS think_sum FROM `jjjfood_order` WHERE  `jjjfood_order`.`app_id` = 10001  AND `pay_time` >= 1649174400  AND `pay_time` < 1649260800  AND `pay_status` = 20  AND `order_status` <> 20  AND `is_delete` = 0 [ RunTime:0.000313s ]
[2022-04-07T10:14:55+08:00][sql] SELECT COUNT(*) AS think_count FROM `jjjfood_order` WHERE  `jjjfood_order`.`app_id` = 10001  AND `pay_time` >= 1649260800  AND `pay_time` < 1649347200  AND `is_delete` = 0  AND `pay_status` = 20  AND `order_status` <> 20 [ RunTime:0.000308s ]
[2022-04-07T10:14:55+08:00][sql] SELECT COUNT(*) AS think_count FROM `jjjfood_order` WHERE  `jjjfood_order`.`app_id` = 10001  AND `pay_time` >= 1649174400  AND `pay_time` < 1649260800  AND `is_delete` = 0  AND `pay_status` = 20  AND `order_status` <> 20 [ RunTime:0.000317s ]
[2022-04-07T10:14:55+08:00][sql] SELECT COUNT(*) AS think_count FROM `jjjfood_user` WHERE  `jjjfood_user`.`app_id` = 10001  AND `create_time` >= 1649260800  AND `create_time` < 1649347200  AND `is_delete` = 0 [ RunTime:0.000316s ]
[2022-04-07T10:14:55+08:00][sql] SELECT COUNT(*) AS think_count FROM `jjjfood_user` WHERE  `jjjfood_user`.`app_id` = 10001  AND `create_time` >= 1649174400  AND `create_time` < 1649260800  AND `is_delete` = 0 [ RunTime:0.000396s ]
[2022-04-07T10:14:55+08:00][sql] SELECT COUNT(*) AS think_count FROM `jjjfood_supplier` WHERE  `jjjfood_supplier`.`app_id` = 10001  AND `create_time` >= 1649260800  AND `create_time` < 1649347200 [ RunTime:0.000337s ]
[2022-04-07T10:14:55+08:00][sql] SELECT COUNT(*) AS think_count FROM `jjjfood_supplier` WHERE  `jjjfood_supplier`.`app_id` = 10001  AND `create_time` >= 1649174400  AND `create_time` < 1649260800 [ RunTime:0.000303s ]
[2022-04-07T10:14:55+08:00][sql] SELECT DISTINCT  `user_id` FROM `jjjfood_order` WHERE  `jjjfood_order`.`app_id` = 10001  AND `pay_time` >= 1649260800  AND `pay_time` < 1649347200  AND `pay_status` = 20  AND `is_delete` = 0 [ RunTime:0.000455s ]
[2022-04-07T10:14:55+08:00][sql] SELECT DISTINCT  `user_id` FROM `jjjfood_order` WHERE  `jjjfood_order`.`app_id` = 10001  AND `pay_time` >= 1649174400  AND `pay_time` < 1649260800  AND `pay_status` = 20  AND `is_delete` = 0 [ RunTime:0.000964s ]
[2022-04-07T10:14:55+08:00][sql] SELECT SUM(`pay_price`) AS think_sum FROM `jjjfood_order` WHERE  `jjjfood_order`.`app_id` = 10001  AND `pay_time` >= 1649260800  AND `pay_time` < 1649347200  AND `is_delete` = 0  AND `pay_status` = 20  AND `order_status` <> 20 [ RunTime:0.000407s ]
[2022-04-07T10:14:55+08:00][sql] SELECT SUM(`refund_money`) AS think_sum FROM `jjjfood_order` WHERE  `jjjfood_order`.`app_id` = 10001  AND `pay_time` >= 1649260800  AND `pay_time` < 1649347200  AND `is_delete` = 0  AND `pay_status` = 20  AND `order_status` <> 20 [ RunTime:0.000303s ]
[2022-04-07T10:14:55+08:00][sql] SELECT SUM(`pay_price`) AS think_sum FROM `jjjfood_order` WHERE  `jjjfood_order`.`app_id` = 10001  AND `pay_time` >= 1649174400  AND `pay_time` < 1649260800  AND `is_delete` = 0  AND `pay_status` = 20  AND `order_status` <> 20 [ RunTime:0.000346s ]
[2022-04-07T10:14:55+08:00][sql] SELECT SUM(`refund_money`) AS think_sum FROM `jjjfood_order` WHERE  `jjjfood_order`.`app_id` = 10001  AND `pay_time` >= 1649174400  AND `pay_time` < 1649260800  AND `is_delete` = 0  AND `pay_status` = 20  AND `order_status` <> 20 [ RunTime:0.001005s ]
[2022-04-07T10:14:55+08:00][sql] SHOW FULL COLUMNS FROM `jjjfood_order_product` [ RunTime:0.007374s ]
[2022-04-07T10:14:55+08:00][sql] SELECT p.product_name,sum(total_pay_price) as total_price,sum(total_num) as total_num FROM `jjjfood_order_product` `op` INNER JOIN `jjjfood_order` `o` ON `op`.`order_id`=`o`.`order_id` INNER JOIN `jjjfood_product` `p` ON `p`.`product_id`=`op`.`product_id` WHERE  `op`.`app_id` = 10001  AND `o`.`pay_status` = 20  AND `o`.`order_status` <> 20 GROUP BY `op`.`product_id` ORDER BY `total_num` DESC LIMIT 10 [ RunTime:0.000756s ]
[2022-04-07T10:14:55+08:00][sql] SELECT p.product_name,sum(total_pay_price) as total_price,sum(total_num) as total_num FROM `jjjfood_order_product` `op` INNER JOIN `jjjfood_order` `o` ON `op`.`order_id`=`o`.`order_id` INNER JOIN `jjjfood_product` `p` ON `p`.`product_id`=`op`.`product_id` WHERE  `op`.`app_id` = 10001  AND `o`.`pay_status` = 20  AND `o`.`order_status` <> 20 GROUP BY `op`.`product_id` ORDER BY `total_price` DESC LIMIT 10 [ RunTime:0.000677s ]
[2022-04-07T10:14:55+08:00][sql] CONNECT:[ UseTime:0.001473s ] mysql:host=127.0.0.1;port=3306;dbname=jjj_food_chain;charset=utf8mb4
[2022-04-07T10:14:55+08:00][sql] SHOW FULL COLUMNS FROM `jjjfood_shop_user` [ RunTime:0.002724s ]
[2022-04-07T10:14:55+08:00][sql] SELECT * FROM `jjjfood_shop_user` WHERE  `jjjfood_shop_user`.`app_id` = 10001  AND `is_delete` = 0  AND `shop_user_id` = 10001 LIMIT 1 [ RunTime:0.000624s ]
[2022-04-07T10:14:55+08:00][sql] SHOW FULL COLUMNS FROM `jjjfood_setting` [ RunTime:0.004064s ]
[2022-04-07T10:20:18+08:00][sql] CONNECT:[ UseTime:0.002204s ] mysql:host=127.0.0.1;port=3306;dbname=jjj_food_chain;charset=utf8mb4
[2022-04-07T10:20:18+08:00][sql] SHOW FULL COLUMNS FROM `jjjfood_shop_user` [ RunTime:0.003691s ]
[2022-04-07T10:20:18+08:00][sql] SELECT * FROM `jjjfood_shop_user` WHERE  `is_delete` = 0  AND `shop_user_id` = 0 LIMIT 1 [ RunTime:0.001006s ]
[2022-04-07T10:20:18+08:00][sql] SHOW FULL COLUMNS FROM `jjjfood_setting` [ RunTime:0.003458s ]
[2022-04-07T10:20:18+08:00][sql] SELECT `values` FROM `jjjfood_setting` WHERE  `key` = 'sys_config' LIMIT 1 [ RunTime:0.000521s ]
[2022-04-07T10:23:22+08:00][sql] CONNECT:[ UseTime:0.024533s ] mysql:host=127.0.0.1;port=3306;dbname=jjj_food_chain;charset=utf8mb4
[2022-04-07T10:23:22+08:00][sql] SHOW FULL COLUMNS FROM `jjjfood_shop_user` [ RunTime:0.004061s ]
[2022-04-07T10:23:22+08:00][sql] SELECT * FROM `jjjfood_shop_user` WHERE  `is_delete` = 0  AND `shop_user_id` = 0 LIMIT 1 [ RunTime:0.000977s ]
[2022-04-07T10:23:22+08:00][sql] SHOW FULL COLUMNS FROM `jjjfood_setting` [ RunTime:0.002346s ]
[2022-04-07T10:23:22+08:00][sql] SELECT `values` FROM `jjjfood_setting` WHERE  `key` = 'sys_config' LIMIT 1 [ RunTime:0.000429s ]
[2022-04-07T10:23:45+08:00][sql] CONNECT:[ UseTime:0.001763s ] mysql:host=127.0.0.1;port=3306;dbname=jjj_food_chain;charset=utf8mb4
[2022-04-07T10:23:45+08:00][sql] SHOW FULL COLUMNS FROM `jjjfood_shop_user` [ RunTime:0.002683s ]
[2022-04-07T10:23:45+08:00][sql] SELECT * FROM `jjjfood_shop_user` WHERE  `is_delete` = 0  AND `shop_user_id` = 0 LIMIT 1 [ RunTime:0.001471s ]
[2022-04-07T10:23:45+08:00][sql] SELECT * FROM `jjjfood_shop_user` WHERE  `user_name` = 'admin'  AND `password` = '06e0213dcf92e986d383029494966903'  AND `is_delete` = 0 LIMIT 1 [ RunTime:0.001056s ]
[2022-04-07T10:23:45+08:00][sql] SHOW FULL COLUMNS FROM `jjjfood_app` [ RunTime:0.002443s ]
[2022-04-07T10:23:45+08:00][sql] SELECT * FROM `jjjfood_app` WHERE  `app_id` = 10001 [ RunTime:0.000533s ]
[2022-04-07T10:23:45+08:00][sql] SHOW FULL COLUMNS FROM `jjjfood_supplier` [ RunTime:0.002335s ]
[2022-04-07T10:23:45+08:00][sql] SELECT * FROM `jjjfood_supplier` WHERE  `shop_supplier_id` = 10001 [ RunTime:0.000461s ]
[2022-04-07T10:23:45+08:00][sql] SHOW FULL COLUMNS FROM `jjjfood_shop_login_log` [ RunTime:0.002142s ]
[2022-04-07T10:23:45+08:00][sql] INSERT INTO `jjjfood_shop_login_log` SET `username` = 'admin' , `ip` = '127.0.0.1' , `result` = '登录成功' , `app_id` = 10001 , `create_time` = 1649298224 [ RunTime:0.000456s ]
[2022-04-07T10:23:45+08:00][sql] CONNECT:[ UseTime:0.001512s ] mysql:host=127.0.0.1;port=3306;dbname=jjj_food_chain;charset=utf8mb4
[2022-04-07T10:23:45+08:00][sql] SHOW FULL COLUMNS FROM `jjjfood_shop_user` [ RunTime:0.002309s ]
[2022-04-07T10:23:45+08:00][sql] SELECT * FROM `jjjfood_shop_user` WHERE  `jjjfood_shop_user`.`app_id` = 10001  AND `is_delete` = 0  AND `shop_user_id` = 10001 LIMIT 1 [ RunTime:0.000550s ]
[2022-04-07T10:23:45+08:00][sql] SELECT * FROM `jjjfood_shop_user` WHERE  `jjjfood_shop_user`.`app_id` = 10001  AND `shop_user_id` = 10001 LIMIT 1 [ RunTime:0.000379s ]
[2022-04-07T10:23:45+08:00][sql] SHOW FULL COLUMNS FROM `jjjfood_shop_access` [ RunTime:0.002387s ]
[2022-04-07T10:23:45+08:00][sql] SELECT * FROM `jjjfood_shop_access` WHERE  `is_show` = 1 ORDER BY `sort` ASC,`create_time` ASC [ RunTime:0.002041s ]
[2022-04-07T10:23:45+08:00][sql] CONNECT:[ UseTime:0.002202s ] mysql:host=127.0.0.1;port=3306;dbname=jjj_food_chain;charset=utf8mb4
[2022-04-07T10:23:45+08:00][sql] SHOW FULL COLUMNS FROM `jjjfood_shop_user` [ RunTime:0.002647s ]
[2022-04-07T10:23:45+08:00][sql] SELECT * FROM `jjjfood_shop_user` WHERE  `jjjfood_shop_user`.`app_id` = 10001  AND `is_delete` = 0  AND `shop_user_id` = 10001 LIMIT 1 [ RunTime:0.001321s ]
[2022-04-07T10:23:45+08:00][sql] SHOW FULL COLUMNS FROM `jjjfood_setting` [ RunTime:0.002629s ]
[2022-04-07T10:23:45+08:00][sql] CONNECT:[ UseTime:0.001751s ] mysql:host=127.0.0.1;port=3306;dbname=jjj_food_chain;charset=utf8mb4
[2022-04-07T10:23:45+08:00][sql] SHOW FULL COLUMNS FROM `jjjfood_shop_user` [ RunTime:0.002555s ]
[2022-04-07T10:23:45+08:00][sql] SELECT * FROM `jjjfood_shop_user` WHERE  `jjjfood_shop_user`.`app_id` = 10001  AND `is_delete` = 0  AND `shop_user_id` = 10001 LIMIT 1 [ RunTime:0.000611s ]
[2022-04-07T10:23:45+08:00][sql] SHOW FULL COLUMNS FROM `jjjfood_product` [ RunTime:0.003059s ]
[2022-04-07T10:23:45+08:00][sql] SHOW FULL COLUMNS FROM `jjjfood_order` [ RunTime:0.002770s ]
[2022-04-07T10:23:45+08:00][sql] SHOW FULL COLUMNS FROM `jjjfood_user` [ RunTime:0.003204s ]
[2022-04-07T10:23:45+08:00][sql] SELECT COUNT(*) AS think_count FROM `jjjfood_product` WHERE  `jjjfood_product`.`app_id` = 10001  AND `is_delete` = 0 [ RunTime:0.000681s ]
[2022-04-07T10:23:45+08:00][sql] SELECT COUNT(*) AS think_count FROM `jjjfood_user` WHERE  `jjjfood_user`.`app_id` = 10001  AND `is_delete` = 0 [ RunTime:0.000472s ]
[2022-04-07T10:23:45+08:00][sql] SELECT COUNT(*) AS think_count FROM `jjjfood_order` WHERE  `jjjfood_order`.`app_id` = 10001  AND `is_delete` = 0  AND `pay_status` = 20  AND `order_status` <> 20 [ RunTime:0.000463s ]
[2022-04-07T10:23:45+08:00][sql] SHOW FULL COLUMNS FROM `jjjfood_supplier` [ RunTime:0.003096s ]
[2022-04-07T10:23:45+08:00][sql] SELECT COUNT(*) AS think_count FROM `jjjfood_supplier` WHERE  `jjjfood_supplier`.`app_id` = 10001  AND `is_delete` = 0 [ RunTime:0.000369s ]
[2022-04-07T10:23:45+08:00][sql] SELECT SUM(`pay_price`) AS think_sum FROM `jjjfood_order` WHERE  `jjjfood_order`.`app_id` = 10001  AND `pay_status` = 20  AND `order_status` <> 20  AND `is_delete` = 0 [ RunTime:0.000256s ]
[2022-04-07T10:23:45+08:00][sql] SELECT SUM(`pay_price`) AS think_sum FROM `jjjfood_order` WHERE  `jjjfood_order`.`app_id` = 10001  AND `is_delete` = 0  AND `pay_status` = 20  AND `order_status` <> 20 [ RunTime:0.000268s ]
[2022-04-07T10:23:45+08:00][sql] SELECT SUM(`refund_money`) AS think_sum FROM `jjjfood_order` WHERE  `jjjfood_order`.`app_id` = 10001  AND `is_delete` = 0  AND `pay_status` = 20  AND `order_status` <> 20 [ RunTime:0.000237s ]
[2022-04-07T10:23:45+08:00][sql] SELECT COUNT(*) AS think_count FROM `jjjfood_order` WHERE  `jjjfood_order`.`app_id` = 10001  AND `pay_status` = 20  AND `delivery_status` = 10  AND `order_status` = 10 [ RunTime:0.000255s ]
[2022-04-07T10:23:45+08:00][sql] SELECT COUNT(*) AS think_count FROM `jjjfood_product` WHERE  `jjjfood_product`.`app_id` = 10001  AND `is_delete` = 0  AND `product_stock` < 20 [ RunTime:0.000238s ]
[2022-04-07T10:23:45+08:00][sql] SELECT SUM(`pay_price`) AS think_sum FROM `jjjfood_order` WHERE  `jjjfood_order`.`app_id` = 10001  AND `pay_time` >= 1649260800  AND `pay_time` < 1649347200  AND `pay_status` = 20  AND `order_status` <> 20  AND `is_delete` = 0 [ RunTime:0.000258s ]
[2022-04-07T10:23:45+08:00][sql] SELECT SUM(`pay_price`) AS think_sum FROM `jjjfood_order` WHERE  `jjjfood_order`.`app_id` = 10001  AND `pay_time` >= 1649174400  AND `pay_time` < 1649260800  AND `pay_status` = 20  AND `order_status` <> 20  AND `is_delete` = 0 [ RunTime:0.000243s ]
[2022-04-07T10:23:45+08:00][sql] SELECT COUNT(*) AS think_count FROM `jjjfood_order` WHERE  `jjjfood_order`.`app_id` = 10001  AND `pay_time` >= 1649260800  AND `pay_time` < 1649347200  AND `is_delete` = 0  AND `pay_status` = 20  AND `order_status` <> 20 [ RunTime:0.000244s ]
[2022-04-07T10:23:45+08:00][sql] SELECT COUNT(*) AS think_count FROM `jjjfood_order` WHERE  `jjjfood_order`.`app_id` = 10001  AND `pay_time` >= 1649174400  AND `pay_time` < 1649260800  AND `is_delete` = 0  AND `pay_status` = 20  AND `order_status` <> 20 [ RunTime:0.000236s ]
[2022-04-07T10:23:45+08:00][sql] SELECT COUNT(*) AS think_count FROM `jjjfood_user` WHERE  `jjjfood_user`.`app_id` = 10001  AND `create_time` >= 1649260800  AND `create_time` < 1649347200  AND `is_delete` = 0 [ RunTime:0.000231s ]
[2022-04-07T10:23:45+08:00][sql] SELECT COUNT(*) AS think_count FROM `jjjfood_user` WHERE  `jjjfood_user`.`app_id` = 10001  AND `create_time` >= 1649174400  AND `create_time` < 1649260800  AND `is_delete` = 0 [ RunTime:0.000230s ]
[2022-04-07T10:23:45+08:00][sql] SELECT COUNT(*) AS think_count FROM `jjjfood_supplier` WHERE  `jjjfood_supplier`.`app_id` = 10001  AND `create_time` >= 1649260800  AND `create_time` < 1649347200 [ RunTime:0.000221s ]
[2022-04-07T10:23:45+08:00][sql] SELECT COUNT(*) AS think_count FROM `jjjfood_supplier` WHERE  `jjjfood_supplier`.`app_id` = 10001  AND `create_time` >= 1649174400  AND `create_time` < 1649260800 [ RunTime:0.000221s ]
[2022-04-07T10:23:45+08:00][sql] SELECT DISTINCT  `user_id` FROM `jjjfood_order` WHERE  `jjjfood_order`.`app_id` = 10001  AND `pay_time` >= 1649260800  AND `pay_time` < 1649347200  AND `pay_status` = 20  AND `is_delete` = 0 [ RunTime:0.000264s ]
[2022-04-07T10:23:45+08:00][sql] SELECT DISTINCT  `user_id` FROM `jjjfood_order` WHERE  `jjjfood_order`.`app_id` = 10001  AND `pay_time` >= 1649174400  AND `pay_time` < 1649260800  AND `pay_status` = 20  AND `is_delete` = 0 [ RunTime:0.000242s ]
[2022-04-07T10:23:45+08:00][sql] SELECT SUM(`pay_price`) AS think_sum FROM `jjjfood_order` WHERE  `jjjfood_order`.`app_id` = 10001  AND `pay_time` >= 1649260800  AND `pay_time` < 1649347200  AND `is_delete` = 0  AND `pay_status` = 20  AND `order_status` <> 20 [ RunTime:0.000242s ]
[2022-04-07T10:23:45+08:00][sql] SELECT SUM(`refund_money`) AS think_sum FROM `jjjfood_order` WHERE  `jjjfood_order`.`app_id` = 10001  AND `pay_time` >= 1649260800  AND `pay_time` < 1649347200  AND `is_delete` = 0  AND `pay_status` = 20  AND `order_status` <> 20 [ RunTime:0.000231s ]
[2022-04-07T10:23:45+08:00][sql] SELECT SUM(`pay_price`) AS think_sum FROM `jjjfood_order` WHERE  `jjjfood_order`.`app_id` = 10001  AND `pay_time` >= 1649174400  AND `pay_time` < 1649260800  AND `is_delete` = 0  AND `pay_status` = 20  AND `order_status` <> 20 [ RunTime:0.000230s ]
[2022-04-07T10:23:45+08:00][sql] SELECT SUM(`refund_money`) AS think_sum FROM `jjjfood_order` WHERE  `jjjfood_order`.`app_id` = 10001  AND `pay_time` >= 1649174400  AND `pay_time` < 1649260800  AND `is_delete` = 0  AND `pay_status` = 20  AND `order_status` <> 20 [ RunTime:0.000238s ]
[2022-04-07T10:23:45+08:00][sql] SHOW FULL COLUMNS FROM `jjjfood_order_product` [ RunTime:0.002237s ]
[2022-04-07T10:23:45+08:00][sql] SELECT p.product_name,sum(total_pay_price) as total_price,sum(total_num) as total_num FROM `jjjfood_order_product` `op` INNER JOIN `jjjfood_order` `o` ON `op`.`order_id`=`o`.`order_id` INNER JOIN `jjjfood_product` `p` ON `p`.`product_id`=`op`.`product_id` WHERE  `op`.`app_id` = 10001  AND `o`.`pay_status` = 20  AND `o`.`order_status` <> 20 GROUP BY `op`.`product_id` ORDER BY `total_num` DESC LIMIT 10 [ RunTime:0.000433s ]
[2022-04-07T10:23:45+08:00][sql] SELECT p.product_name,sum(total_pay_price) as total_price,sum(total_num) as total_num FROM `jjjfood_order_product` `op` INNER JOIN `jjjfood_order` `o` ON `op`.`order_id`=`o`.`order_id` INNER JOIN `jjjfood_product` `p` ON `p`.`product_id`=`op`.`product_id` WHERE  `op`.`app_id` = 10001  AND `o`.`pay_status` = 20  AND `o`.`order_status` <> 20 GROUP BY `op`.`product_id` ORDER BY `total_price` DESC LIMIT 10 [ RunTime:0.002994s ]
[2022-04-07T10:23:45+08:00][sql] CONNECT:[ UseTime:0.001301s ] mysql:host=127.0.0.1;port=3306;dbname=jjj_food_chain;charset=utf8mb4
[2022-04-07T10:23:45+08:00][sql] SHOW FULL COLUMNS FROM `jjjfood_shop_user` [ RunTime:0.001074s ]
[2022-04-07T10:23:45+08:00][sql] SELECT * FROM `jjjfood_shop_user` WHERE  `jjjfood_shop_user`.`app_id` = 10001  AND `is_delete` = 0  AND `shop_user_id` = 10001 LIMIT 1 [ RunTime:0.000457s ]
[2022-04-07T10:23:45+08:00][sql] SHOW FULL COLUMNS FROM `jjjfood_order` [ RunTime:0.002348s ]
[2022-04-07T10:23:45+08:00][sql] SELECT SUM(`pay_price`) AS think_sum FROM `jjjfood_order` WHERE  `jjjfood_order`.`app_id` = 10001  AND `pay_time` >= 1648656000  AND `pay_time` < 1648742400  AND `is_delete` = 0  AND `pay_status` = 20  AND `order_status` <> 20 [ RunTime:0.000349s ]
[2022-04-07T10:23:45+08:00][sql] SELECT COUNT(*) AS think_count FROM `jjjfood_order` WHERE  `jjjfood_order`.`app_id` = 10001  AND `pay_time` >= 1648656000  AND `pay_time` < 1648742400  AND `is_delete` = 0  AND `pay_status` = 20  AND `order_status` <> 20 [ RunTime:0.000270s ]
[2022-04-07T10:23:45+08:00][sql] SELECT SUM(`pay_price`) AS think_sum FROM `jjjfood_order` WHERE  `jjjfood_order`.`app_id` = 10001  AND `pay_time` >= 1648742400  AND `pay_time` < 1648828800  AND `is_delete` = 0  AND `pay_status` = 20  AND `order_status` <> 20 [ RunTime:0.000256s ]
[2022-04-07T10:23:45+08:00][sql] SELECT COUNT(*) AS think_count FROM `jjjfood_order` WHERE  `jjjfood_order`.`app_id` = 10001  AND `pay_time` >= 1648742400  AND `pay_time` < 1648828800  AND `is_delete` = 0  AND `pay_status` = 20  AND `order_status` <> 20 [ RunTime:0.000799s ]
[2022-04-07T10:23:45+08:00][sql] SELECT SUM(`pay_price`) AS think_sum FROM `jjjfood_order` WHERE  `jjjfood_order`.`app_id` = 10001  AND `pay_time` >= 1648828800  AND `pay_time` < 1648915200  AND `is_delete` = 0  AND `pay_status` = 20  AND `order_status` <> 20 [ RunTime:0.000451s ]
[2022-04-07T10:23:45+08:00][sql] SELECT COUNT(*) AS think_count FROM `jjjfood_order` WHERE  `jjjfood_order`.`app_id` = 10001  AND `pay_time` >= 1648828800  AND `pay_time` < 1648915200  AND `is_delete` = 0  AND `pay_status` = 20  AND `order_status` <> 20 [ RunTime:0.000268s ]
[2022-04-07T10:23:45+08:00][sql] SELECT SUM(`pay_price`) AS think_sum FROM `jjjfood_order` WHERE  `jjjfood_order`.`app_id` = 10001  AND `pay_time` >= 1648915200  AND `pay_time` < 1649001600  AND `is_delete` = 0  AND `pay_status` = 20  AND `order_status` <> 20 [ RunTime:0.000244s ]
[2022-04-07T10:23:45+08:00][sql] SELECT COUNT(*) AS think_count FROM `jjjfood_order` WHERE  `jjjfood_order`.`app_id` = 10001  AND `pay_time` >= 1648915200  AND `pay_time` < 1649001600  AND `is_delete` = 0  AND `pay_status` = 20  AND `order_status` <> 20 [ RunTime:0.000241s ]
[2022-04-07T10:23:45+08:00][sql] SELECT SUM(`pay_price`) AS think_sum FROM `jjjfood_order` WHERE  `jjjfood_order`.`app_id` = 10001  AND `pay_time` >= 1649001600  AND `pay_time` < 1649088000  AND `is_delete` = 0  AND `pay_status` = 20  AND `order_status` <> 20 [ RunTime:0.000242s ]
[2022-04-07T10:23:45+08:00][sql] SELECT COUNT(*) AS think_count FROM `jjjfood_order` WHERE  `jjjfood_order`.`app_id` = 10001  AND `pay_time` >= 1649001600  AND `pay_time` < 1649088000  AND `is_delete` = 0  AND `pay_status` = 20  AND `order_status` <> 20 [ RunTime:0.000312s ]
[2022-04-07T10:23:45+08:00][sql] SELECT SUM(`pay_price`) AS think_sum FROM `jjjfood_order` WHERE  `jjjfood_order`.`app_id` = 10001  AND `pay_time` >= 1649088000  AND `pay_time` < 1649174400  AND `is_delete` = 0  AND `pay_status` = 20  AND `order_status` <> 20 [ RunTime:0.000243s ]
[2022-04-07T10:23:45+08:00][sql] SELECT COUNT(*) AS think_count FROM `jjjfood_order` WHERE  `jjjfood_order`.`app_id` = 10001  AND `pay_time` >= 1649088000  AND `pay_time` < 1649174400  AND `is_delete` = 0  AND `pay_status` = 20  AND `order_status` <> 20 [ RunTime:0.000265s ]
[2022-04-07T10:23:45+08:00][sql] SELECT SUM(`pay_price`) AS think_sum FROM `jjjfood_order` WHERE  `jjjfood_order`.`app_id` = 10001  AND `pay_time` >= 1649174400  AND `pay_time` < 1649260800  AND `is_delete` = 0  AND `pay_status` = 20  AND `order_status` <> 20 [ RunTime:0.000266s ]
[2022-04-07T10:23:45+08:00][sql] SELECT COUNT(*) AS think_count FROM `jjjfood_order` WHERE  `jjjfood_order`.`app_id` = 10001  AND `pay_time` >= 1649174400  AND `pay_time` < 1649260800  AND `is_delete` = 0  AND `pay_status` = 20  AND `order_status` <> 20 [ RunTime:0.000239s ]
[2022-04-07T10:23:45+08:00][sql] SELECT SUM(`pay_price`) AS think_sum FROM `jjjfood_order` WHERE  `jjjfood_order`.`app_id` = 10001  AND `pay_time` >= 1649260800  AND `pay_time` < 1649347200  AND `is_delete` = 0  AND `pay_status` = 20  AND `order_status` <> 20 [ RunTime:0.000233s ]
[2022-04-07T10:23:45+08:00][sql] SELECT COUNT(*) AS think_count FROM `jjjfood_order` WHERE  `jjjfood_order`.`app_id` = 10001  AND `pay_time` >= 1649260800  AND `pay_time` < 1649347200  AND `is_delete` = 0  AND `pay_status` = 20  AND `order_status` <> 20 [ RunTime:0.000257s ]
[2022-04-07T10:23:46+08:00][sql] CONNECT:[ UseTime:0.003055s ] mysql:host=127.0.0.1;port=3306;dbname=jjj_food_chain;charset=utf8mb4
[2022-04-07T10:23:46+08:00][sql] SHOW FULL COLUMNS FROM `jjjfood_shop_user` [ RunTime:0.001443s ]
[2022-04-07T10:23:46+08:00][sql] SELECT * FROM `jjjfood_shop_user` WHERE  `jjjfood_shop_user`.`app_id` = 10001  AND `is_delete` = 0  AND `shop_user_id` = 10001 LIMIT 1 [ RunTime:0.001059s ]
[2022-04-07T10:23:46+08:00][sql] SHOW FULL COLUMNS FROM `jjjfood_setting` [ RunTime:0.002200s ]
[2022-04-07T11:13:33+08:00][sql] CONNECT:[ UseTime:0.004061s ] mysql:host=127.0.0.1;port=3306;dbname=jjj_food_chain;charset=utf8mb4
[2022-04-07T11:13:33+08:00][sql] SHOW FULL COLUMNS FROM `jjjfood_shop_user` [ RunTime:0.002653s ]
[2022-04-07T11:13:33+08:00][sql] SELECT * FROM `jjjfood_shop_user` WHERE  `jjjfood_shop_user`.`app_id` = 10001  AND `is_delete` = 0  AND `shop_user_id` = 10001 LIMIT 1 [ RunTime:0.000652s ]
[2022-04-07T11:13:33+08:00][sql] SHOW FULL COLUMNS FROM `jjjfood_user` [ RunTime:0.004397s ]
[2022-04-07T11:13:33+08:00][sql] SELECT COUNT(*) AS think_count FROM `jjjfood_user` WHERE  `jjjfood_user`.`app_id` = 10001  AND `is_delete` = 0 [ RunTime:0.000983s ]
[2022-04-07T11:13:33+08:00][sql] SELECT * FROM `jjjfood_user` WHERE  `jjjfood_user`.`app_id` = 10001  AND `is_delete` = 0 ORDER BY `create_time` DESC LIMIT 0,20 [ RunTime:0.000789s ]
[2022-04-07T11:13:33+08:00][sql] SHOW FULL COLUMNS FROM `jjjfood_user_grade` [ RunTime:0.039788s ]
[2022-04-07T11:13:33+08:00][sql] SELECT * FROM `jjjfood_user_grade` WHERE  `jjjfood_user_grade`.`app_id` = 10001  AND `grade_id` = 1 [ RunTime:0.000436s ]
[2022-04-07T11:13:33+08:00][sql] SELECT `grade_id`,`name` FROM `jjjfood_user_grade` WHERE  `jjjfood_user_grade`.`app_id` = 10001  AND `is_delete` = 0 ORDER BY `weight` ASC,`create_time` ASC [ RunTime:0.000907s ]
[2022-04-07T11:13:38+08:00][sql] CONNECT:[ UseTime:0.001543s ] mysql:host=127.0.0.1;port=3306;dbname=jjj_food_chain;charset=utf8mb4
[2022-04-07T11:13:38+08:00][sql] SHOW FULL COLUMNS FROM `jjjfood_shop_user` [ RunTime:0.001466s ]
[2022-04-07T11:13:38+08:00][sql] SELECT * FROM `jjjfood_shop_user` WHERE  `jjjfood_shop_user`.`app_id` = 10001  AND `is_delete` = 0  AND `shop_user_id` = 10001 LIMIT 1 [ RunTime:0.000623s ]
[2022-04-07T11:13:38+08:00][sql] SHOW FULL COLUMNS FROM `jjjfood_user` [ RunTime:0.004226s ]
[2022-04-07T11:13:38+08:00][sql] SELECT COUNT(*) AS think_count FROM `jjjfood_user` WHERE  `jjjfood_user`.`app_id` = 10001  AND `is_delete` = 0 [ RunTime:0.000532s ]
[2022-04-07T11:13:38+08:00][sql] SELECT * FROM `jjjfood_user` WHERE  `jjjfood_user`.`app_id` = 10001  AND `is_delete` = 0 ORDER BY `create_time` DESC LIMIT 0,20 [ RunTime:0.000429s ]
[2022-04-07T11:13:38+08:00][sql] SHOW FULL COLUMNS FROM `jjjfood_user_grade` [ RunTime:0.003067s ]
[2022-04-07T11:13:38+08:00][sql] SELECT * FROM `jjjfood_user_grade` WHERE  `jjjfood_user_grade`.`app_id` = 10001  AND `grade_id` = 1 [ RunTime:0.001503s ]
[2022-04-07T11:13:38+08:00][sql] SELECT `grade_id`,`name` FROM `jjjfood_user_grade` WHERE  `jjjfood_user_grade`.`app_id` = 10001  AND `is_delete` = 0 ORDER BY `weight` ASC,`create_time` ASC [ RunTime:0.000636s ]
[2022-04-07T11:13:48+08:00][sql] CONNECT:[ UseTime:0.002363s ] mysql:host=127.0.0.1;port=3306;dbname=jjj_food_chain;charset=utf8mb4
[2022-04-07T11:13:48+08:00][sql] SHOW FULL COLUMNS FROM `jjjfood_shop_user` [ RunTime:0.003113s ]
[2022-04-07T11:13:48+08:00][sql] SELECT * FROM `jjjfood_shop_user` WHERE  `jjjfood_shop_user`.`app_id` = 10001  AND `is_delete` = 0  AND `shop_user_id` = 10001 LIMIT 1 [ RunTime:0.000832s ]
[2022-04-07T11:13:48+08:00][sql] SHOW FULL COLUMNS FROM `jjjfood_user` [ RunTime:0.002931s ]
[2022-04-07T11:13:48+08:00][sql] SELECT * FROM `jjjfood_user` WHERE  `jjjfood_user`.`app_id` = 10001  AND `is_delete` = 0  AND `user_id` = 4 LIMIT 1 [ RunTime:0.000501s ]
[2022-04-07T11:13:48+08:00][sql] SHOW FULL COLUMNS FROM `jjjfood_user_address` [ RunTime:0.041099s ]
[2022-04-07T11:13:48+08:00][sql] SELECT * FROM `jjjfood_user_address` WHERE  `jjjfood_user_address`.`app_id` = 10001  AND `address_id` = 0 [ RunTime:0.001011s ]
[2022-04-07T11:13:48+08:00][sql] SELECT * FROM `jjjfood_user_address` WHERE  `jjjfood_user_address`.`app_id` = 10001  AND `address_id` = 0 [ RunTime:0.000532s ]
[2022-04-07T11:13:48+08:00][sql] SHOW FULL COLUMNS FROM `jjjfood_user_grade` [ RunTime:0.002356s ]
[2022-04-07T11:13:48+08:00][sql] SELECT * FROM `jjjfood_user_grade` WHERE  `jjjfood_user_grade`.`app_id` = 10001  AND `grade_id` = 1 [ RunTime:0.000413s ]
