Arguments: 
  C:\Program Files\nodejs\node.exe C:\Users\Administrator\AppData\Roaming\npm\node_modules\yarn\bin\yarn.js add @/components --dev

PATH: 
  C:\windows\system32;C:\windows;C:\windows\System32\Wbem;C:\windows\System32\WindowsPowerShell\v1.0\;C:\windows\System32\OpenSSH\;C:\Program Files (x86)\Tencent\微信web开发者工具\dll;C:\Pro;ram Files\nodejs\;C:\ProgramData\ComposerSetup\bin;C:\Users\Administrator\AppData\Local\Microsoft\WindowsApps;D:\phpstudy_pro\Extensions\php\php7.3.4nts;C:\Users\Administrator\AppData\Roaming\npm;C:\Program Files\nodejs;C:\Users\Administrator\AppData\Roaming\Composer\vendor\bin;C:\Program Files\Git\mingw64\libexec\git-core;D:\phpstudy_pro\Extensions\redis3.0.504;

Yarn version: 
  1.22.17

Node version: 
  16.14.0

Platform: 
  win32 x64

Trace: 
  Error: https://registry.yarnpkg.com/@%2fcomponents: Not found
      at Request.params.callback [as _callback] (C:\Users\Administrator\AppData\Roaming\npm\node_modules\yarn\lib\cli.js:67029:18)
      at Request.self.callback (C:\Users\Administrator\AppData\Roaming\npm\node_modules\yarn\lib\cli.js:140883:22)
      at Request.emit (node:events:520:28)
      at Request.<anonymous> (C:\Users\Administrator\AppData\Roaming\npm\node_modules\yarn\lib\cli.js:141855:10)
      at Request.emit (node:events:520:28)
      at IncomingMessage.<anonymous> (C:\Users\Administrator\AppData\Roaming\npm\node_modules\yarn\lib\cli.js:141777:12)
      at Object.onceWrapper (node:events:639:28)
      at IncomingMessage.emit (node:events:532:35)
      at endReadableNT (node:internal/streams/readable:1346:12)
      at processTicksAndRejections (node:internal/process/task_queues:83:21)

npm manifest: 
  {
    "name": "jjj_shop_web",
    "version": "1.0.0",
    "description": "1.0.0",
    "author": "luoyiming",
    "private": true,
    "scripts": {
      "dev": "webpack-dev-server --inline --progress --config build/webpack.dev.conf.js",
      "start": "npm run dev",
      "build": "node build/build.js"
    },
    "dependencies": {
      "axios": "^0.19.0",
      "echarts": "^4.8.0",
      "element-ui": "^2.12.0",
      "nprogress": "^0.2.0",
      "path": "^0.12.7",
      "quill": "^1.3.7",
      "true-case-path": "^2.2.1",
      "vue": "^2.5.2",
      "vue-quill-editor": "^3.0.6",
      "vue-router": "^3.1.0",
      "vuedraggable": "^2.23.2",
      "vuex": "^3.1.1"
    },
    "devDependencies": {
      "autoprefixer": "^7.1.2",
      "babel-core": "^6.22.1",
      "babel-helper-vue-jsx-merge-props": "^2.0.3",
      "babel-loader": "^7.1.1",
      "babel-plugin-dynamic-import-node": "^2.3.0",
      "babel-plugin-syntax-jsx": "^6.18.0",
      "babel-plugin-transform-runtime": "^6.22.0",
      "babel-plugin-transform-vue-jsx": "^3.5.0",
      "babel-preset-env": "^1.3.2",
      "babel-preset-stage-2": "^6.22.0",
      "chalk": "^2.0.1",
      "copy-webpack-plugin": "^4.0.1",
      "css-loader": "^0.28.11",
      "eslint": "^8.10.0",
      "eslint-plugin-react": "^7.29.3",
      "extract-text-webpack-plugin": "^3.0.0",
      "file-loader": "^1.1.4",
      "friendly-errors-webpack-plugin": "^1.6.1",
      "html-webpack-plugin": "^2.30.1",
      "node-notifier": "^5.1.2",
      "optimize-css-assets-webpack-plugin": "^3.2.0",
      "ora": "^1.2.0",
      "portfinder": "^1.0.13",
      "postcss-import": "^11.0.0",
      "postcss-loader": "^2.0.8",
      "postcss-url": "^7.2.1",
      "rimraf": "^2.6.0",
      "sass": "^1.26.5",
      "sass-loader": "^7.3.1",
      "sass-resources-loader": "^2.0.1",
      "semver": "^5.3.0",
      "shelljs": "^0.7.6",
      "style-loader": "^1.0.0",
      "uglifyjs-webpack-plugin": "^1.1.1",
      "url-loader": "^0.5.8",
      "vue-loader": "^13.3.0",
      "vue-style-loader": "^3.0.1",
      "vue-template-compiler": "^2.5.2",
      "webpack": "^3.6.0",
      "webpack-bundle-analyzer": "^2.9.0",
      "webpack-dev-server": "^2.9.1",
      "webpack-merge": "^4.1.0"
    },
    "engines": {
      "node": ">= 6.0.0",
      "npm": ">= 3.0.0"
    },
    "browserslist": [
      "> 1%",
      "last 2 versions",
      "not ie <= 8"
    ]
  }

yarn manifest: 
  No manifest

Lockfile: 
  No lockfile
